{"logTime": "1025/111047", "correlationVector":"uZwyfJP7L2TRPVqaA8/gzl.2","action":"ProcessGetUpdates", "result":"Done", "context":{"dataType":"History", "deleted":"0", "process_failed_to_decrypt":"0", "process_pending_decryption":"0", "process_success":"250", "total":"250"}}
{"logTime": "1025/111047", "correlationVector":"uZwyfJP7L2TRPVqaA8/gzl.3","action":"GetUpdates Response", "result":"Success", "context":Received 250 update(s). cV=uZwyfJP7L2TRPVqaA8/gzl.0;server=akswtt10600000v;cloudType=Consumer;environment=Prod_southeastasia_prod-s01-064-apac-southeastasia;migrationStage=NotStarted Some updates remain.}
{"logTime": "1025/111047", "correlationVector":"6pL7kZSZJfa28Aoeeo35S8","action":"Initial GetUpdates", "result":"", "context":Reason: NEWLY_SUPPORTED_DATATYPE. cV=6pL7kZSZJfa28Aoeeo35S8}
{"logTime": "1025/111048", "correlationVector":"6pL7kZSZJfa28Aoeeo35S8.1","action":"SyncServerConnectionManagerRequest", "result":"SYNC_SERVER_OK", "context":{"environment":"Prod_southeastasia_prod-s01-064-apac-southeastasia", "migrationStage":"NotStarted", "server":"akswtt10600000l"}}
{"logTime": "1025/111048", "correlationVector":"6pL7kZSZJfa28Aoeeo35S8.2","action":"ProcessGetUpdates", "result":"Done", "context":{"dataType":"History", "deleted":"0", "process_failed_to_decrypt":"0", "process_pending_decryption":"0", "process_success":"250", "total":"250"}}
{"logTime": "1025/111048", "correlationVector":"6pL7kZSZJfa28Aoeeo35S8.3","action":"GetUpdates Response", "result":"Success", "context":Received 250 update(s). cV=6pL7kZSZJfa28Aoeeo35S8.0;server=akswtt10600000l;cloudType=Consumer;environment=Prod_southeastasia_prod-s01-064-apac-southeastasia;migrationStage=NotStarted Some updates remain.}
{"logTime": "1025/111048", "correlationVector":"E9XKqHyOHJwccDDr4ETcA4","action":"Initial GetUpdates", "result":"", "context":Reason: NEWLY_SUPPORTED_DATATYPE. cV=E9XKqHyOHJwccDDr4ETcA4}
{"logTime": "1025/111049", "correlationVector":"E9XKqHyOHJwccDDr4ETcA4.1","action":"SyncServerConnectionManagerRequest", "result":"SYNC_SERVER_OK", "context":{"environment":"Prod_southeastasia_prod-s01-064-apac-southeastasia", "migrationStage":"NotStarted", "server":"akswtt106000005"}}
{"logTime": "1025/111049", "correlationVector":"E9XKqHyOHJwccDDr4ETcA4.2","action":"ProcessGetUpdates", "result":"Done", "context":{"dataType":"History", "deleted":"0", "process_failed_to_decrypt":"0", "process_pending_decryption":"0", "process_success":"250", "total":"250"}}
{"logTime": "1025/111049", "correlationVector":"E9XKqHyOHJwccDDr4ETcA4.3","action":"GetUpdates Response", "result":"Success", "context":Received 250 update(s). cV=E9XKqHyOHJwccDDr4ETcA4.0;server=akswtt106000005;cloudType=Consumer;environment=Prod_southeastasia_prod-s01-064-apac-southeastasia;migrationStage=NotStarted Some updates remain.}
{"logTime": "1025/111049", "correlationVector":"H4C99omH7oaRuqwvAmn8n+","action":"Initial GetUpdates", "result":"", "context":Reason: NEWLY_SUPPORTED_DATATYPE. cV=H4C99omH7oaRuqwvAmn8n+}
{"logTime": "1025/111049", "correlationVector":"H4C99omH7oaRuqwvAmn8n+.1","action":"SyncServerConnectionManagerRequest", "result":"SYNC_SERVER_OK", "context":{"environment":"Prod_southeastasia_prod-s01-064-apac-southeastasia", "migrationStage":"NotStarted", "server":"akswtt10600000j"}}
{"logTime": "1025/111049", "correlationVector":"H4C99omH7oaRuqwvAmn8n+.2","action":"ProcessGetUpdates", "result":"Done", "context":{"dataType":"History", "deleted":"0", "process_failed_to_decrypt":"0", "process_pending_decryption":"0", "process_success":"250", "total":"250"}}
{"logTime": "1025/111049", "correlationVector":"H4C99omH7oaRuqwvAmn8n+.3","action":"GetUpdates Response", "result":"Success", "context":Received 250 update(s). cV=H4C99omH7oaRuqwvAmn8n+.0;server=akswtt10600000j;cloudType=Consumer;environment=Prod_southeastasia_prod-s01-064-apac-southeastasia;migrationStage=NotStarted Some updates remain.}
{"logTime": "1025/111049", "correlationVector":"j1egw9Xz5Lexq9ef75MOXG","action":"Initial GetUpdates", "result":"", "context":Reason: NEWLY_SUPPORTED_DATATYPE. cV=j1egw9Xz5Lexq9ef75MOXG}
{"logTime": "1025/111050", "correlationVector":"j1egw9Xz5Lexq9ef75MOXG.1","action":"SyncServerConnectionManagerRequest", "result":"SYNC_SERVER_OK", "context":{"environment":"Prod_southeastasia_prod-s01-064-apac-southeastasia", "migrationStage":"NotStarted", "server":"akswtt10600000m"}}
{"logTime": "1025/111050", "correlationVector":"j1egw9Xz5Lexq9ef75MOXG.2","action":"ProcessGetUpdates", "result":"Done", "context":{"dataType":"History", "deleted":"0", "process_failed_to_decrypt":"0", "process_pending_decryption":"0", "process_success":"250", "total":"250"}}
{"logTime": "1025/111050", "correlationVector":"j1egw9Xz5Lexq9ef75MOXG.3","action":"GetUpdates Response", "result":"Success", "context":Received 250 update(s). cV=j1egw9Xz5Lexq9ef75MOXG.0;server=akswtt10600000m;cloudType=Consumer;environment=Prod_southeastasia_prod-s01-064-apac-southeastasia;migrationStage=NotStarted Some updates remain.}
{"logTime": "1025/111050", "correlationVector":"/HZswFePxk/DacQtSNkMrv","action":"Initial GetUpdates", "result":"", "context":Reason: NEWLY_SUPPORTED_DATATYPE. cV=/HZswFePxk/DacQtSNkMrv}
{"logTime": "1025/111051", "correlationVector":"/HZswFePxk/DacQtSNkMrv.1","action":"SyncServerConnectionManagerRequest", "result":"SYNC_SERVER_OK", "context":{"environment":"Prod_southeastasia_prod-s01-064-apac-southeastasia", "migrationStage":"NotStarted", "server":"akswtt106000005"}}
{"logTime": "1025/111051", "correlationVector":"/HZswFePxk/DacQtSNkMrv.2","action":"ProcessGetUpdates", "result":"Done", "context":{"dataType":"History", "deleted":"0", "process_failed_to_decrypt":"0", "process_pending_decryption":"0", "process_success":"250", "total":"250"}}
{"logTime": "1025/111051", "correlationVector":"/HZswFePxk/DacQtSNkMrv.3","action":"GetUpdates Response", "result":"Success", "context":Received 250 update(s). cV=/HZswFePxk/DacQtSNkMrv.0;server=akswtt106000005;cloudType=Consumer;environment=Prod_southeastasia_prod-s01-064-apac-southeastasia;migrationStage=NotStarted Some updates remain.}
{"logTime": "1025/111051", "correlationVector":"zvNxaDvfYkxoYH0yNfIlMu","action":"Initial GetUpdates", "result":"", "context":Reason: NEWLY_SUPPORTED_DATATYPE. cV=zvNxaDvfYkxoYH0yNfIlMu}
{"logTime": "1025/111052", "correlationVector":"zvNxaDvfYkxoYH0yNfIlMu.1","action":"SyncServerConnectionManagerRequest", "result":"SYNC_SERVER_OK", "context":{"environment":"Prod_southeastasia_prod-s01-064-apac-southeastasia", "migrationStage":"NotStarted", "server":"akswtt10600000l"}}
{"logTime": "1025/111052", "correlationVector":"zvNxaDvfYkxoYH0yNfIlMu.2","action":"ProcessGetUpdates", "result":"Done", "context":{"dataType":"History", "deleted":"0", "process_failed_to_decrypt":"0", "process_pending_decryption":"0", "process_success":"250", "total":"250"}}
{"logTime": "1025/111052", "correlationVector":"zvNxaDvfYkxoYH0yNfIlMu.3","action":"GetUpdates Response", "result":"Success", "context":Received 250 update(s). cV=zvNxaDvfYkxoYH0yNfIlMu.0;server=akswtt10600000l;cloudType=Consumer;environment=Prod_southeastasia_prod-s01-064-apac-southeastasia;migrationStage=NotStarted Some updates remain.}
{"logTime": "1025/111052", "correlationVector":"GN+/7KdZDC/Udei1EUH9iE","action":"Initial GetUpdates", "result":"", "context":Reason: NEWLY_SUPPORTED_DATATYPE. cV=GN+/7KdZDC/Udei1EUH9iE}
{"logTime": "1025/111053", "correlationVector":"GN+/7KdZDC/Udei1EUH9iE.1","action":"SyncServerConnectionManagerRequest", "result":"SYNC_SERVER_OK", "context":{"environment":"Prod_southeastasia_prod-s01-064-apac-southeastasia", "migrationStage":"NotStarted", "server":"akswtt10600000j"}}
{"logTime": "1025/111053", "correlationVector":"GN+/7KdZDC/Udei1EUH9iE.2","action":"ProcessGetUpdates", "result":"Done", "context":{"dataType":"History", "deleted":"0", "process_failed_to_decrypt":"0", "process_pending_decryption":"0", "process_success":"250", "total":"250"}}
{"logTime": "1025/111053", "correlationVector":"GN+/7KdZDC/Udei1EUH9iE.3","action":"GetUpdates Response", "result":"Success", "context":Received 250 update(s). cV=GN+/7KdZDC/Udei1EUH9iE.0;server=akswtt10600000j;cloudType=Consumer;environment=Prod_southeastasia_prod-s01-064-apac-southeastasia;migrationStage=NotStarted Some updates remain.}
{"logTime": "1025/111053", "correlationVector":"JjuFBfD6kX1wvZ/3I+e2/F","action":"Initial GetUpdates", "result":"", "context":Reason: NEWLY_SUPPORTED_DATATYPE. cV=JjuFBfD6kX1wvZ/3I+e2/F}
{"logTime": "1025/111053", "correlationVector":"JjuFBfD6kX1wvZ/3I+e2/F.1","action":"SyncServerConnectionManagerRequest", "result":"SYNC_SERVER_OK", "context":{"environment":"Prod_southeastasia_prod-s01-064-apac-southeastasia", "migrationStage":"NotStarted", "server":"akswtt106000005"}}
{"logTime": "1025/111053", "correlationVector":"JjuFBfD6kX1wvZ/3I+e2/F.2","action":"ProcessGetUpdates", "result":"Done", "context":{"dataType":"History", "deleted":"0", "process_failed_to_decrypt":"0", "process_pending_decryption":"0", "process_success":"250", "total":"250"}}
{"logTime": "1025/111053", "correlationVector":"JjuFBfD6kX1wvZ/3I+e2/F.3","action":"GetUpdates Response", "result":"Success", "context":Received 250 update(s). cV=JjuFBfD6kX1wvZ/3I+e2/F.0;server=akswtt106000005;cloudType=Consumer;environment=Prod_southeastasia_prod-s01-064-apac-southeastasia;migrationStage=NotStarted Some updates remain.}
{"logTime": "1025/111053", "correlationVector":"MEwx7StgWCychafQktfNgw","action":"Initial GetUpdates", "result":"", "context":Reason: NEWLY_SUPPORTED_DATATYPE. cV=MEwx7StgWCychafQktfNgw}
{"logTime": "1025/111055", "correlationVector":"MEwx7StgWCychafQktfNgw.1","action":"SyncServerConnectionManagerRequest", "result":"SYNC_SERVER_OK", "context":{"environment":"Prod_southeastasia_prod-s01-064-apac-southeastasia", "migrationStage":"NotStarted", "server":"akswtt10600000m"}}
{"logTime": "1025/111055", "correlationVector":"MEwx7StgWCychafQktfNgw.2","action":"ProcessGetUpdates", "result":"Done", "context":{"dataType":"History", "deleted":"0", "process_failed_to_decrypt":"0", "process_pending_decryption":"0", "process_success":"250", "total":"250"}}
{"logTime": "1025/111055", "correlationVector":"MEwx7StgWCychafQktfNgw.3","action":"GetUpdates Response", "result":"Success", "context":Received 250 update(s). cV=MEwx7StgWCychafQktfNgw.0;server=akswtt10600000m;cloudType=Consumer;environment=Prod_southeastasia_prod-s01-064-apac-southeastasia;migrationStage=NotStarted Some updates remain.}
{"logTime": "1025/111055", "correlationVector":"Z/qy5OAMKMboBZqoOWJLps","action":"Initial GetUpdates", "result":"", "context":Reason: NEWLY_SUPPORTED_DATATYPE. cV=Z/qy5OAMKMboBZqoOWJLps}
{"logTime": "1025/111055", "correlationVector":"Z/qy5OAMKMboBZqoOWJLps.1","action":"SyncServerConnectionManagerRequest", "result":"SYNC_SERVER_OK", "context":{"environment":"Prod_southeastasia_prod-s01-064-apac-southeastasia", "migrationStage":"NotStarted", "server":"akswtt10600000v"}}
{"logTime": "1025/111055", "correlationVector":"Z/qy5OAMKMboBZqoOWJLps.2","action":"ProcessGetUpdates", "result":"Done", "context":{"dataType":"History", "deleted":"0", "process_failed_to_decrypt":"0", "process_pending_decryption":"0", "process_success":"250", "total":"250"}}
{"logTime": "1025/111055", "correlationVector":"Z/qy5OAMKMboBZqoOWJLps.3","action":"GetUpdates Response", "result":"Success", "context":Received 250 update(s). cV=Z/qy5OAMKMboBZqoOWJLps.0;server=akswtt10600000v;cloudType=Consumer;environment=Prod_southeastasia_prod-s01-064-apac-southeastasia;migrationStage=NotStarted Some updates remain.}
{"logTime": "1025/111055", "correlationVector":"YAbPDSu/Gn8TmOL2TotK+P","action":"Initial GetUpdates", "result":"", "context":Reason: NEWLY_SUPPORTED_DATATYPE. cV=YAbPDSu/Gn8TmOL2TotK+P}
{"logTime": "1025/111056", "correlationVector":"YAbPDSu/Gn8TmOL2TotK+P.1","action":"SyncServerConnectionManagerRequest", "result":"SYNC_SERVER_OK", "context":{"environment":"Prod_southeastasia_prod-s01-064-apac-southeastasia", "migrationStage":"NotStarted", "server":"akswtt10600000j"}}
{"logTime": "1025/111056", "correlationVector":"YAbPDSu/Gn8TmOL2TotK+P.2","action":"ProcessGetUpdates", "result":"Done", "context":{"dataType":"History", "deleted":"0", "process_failed_to_decrypt":"0", "process_pending_decryption":"0", "process_success":"250", "total":"250"}}
{"logTime": "1025/111056", "correlationVector":"YAbPDSu/Gn8TmOL2TotK+P.3","action":"GetUpdates Response", "result":"Success", "context":Received 250 update(s). cV=YAbPDSu/Gn8TmOL2TotK+P.0;server=akswtt10600000j;cloudType=Consumer;environment=Prod_southeastasia_prod-s01-064-apac-southeastasia;migrationStage=NotStarted Some updates remain.}
{"logTime": "1025/111056", "correlationVector":"ihykj0Dl6KM2A9DhlcyMZ5","action":"Initial GetUpdates", "result":"", "context":Reason: NEWLY_SUPPORTED_DATATYPE. cV=ihykj0Dl6KM2A9DhlcyMZ5}
{"logTime": "1025/111057", "correlationVector":"ihykj0Dl6KM2A9DhlcyMZ5.1","action":"SyncServerConnectionManagerRequest", "result":"SYNC_SERVER_OK", "context":{"environment":"Prod_southeastasia_prod-s01-064-apac-southeastasia", "migrationStage":"NotStarted", "server":"akswtt106000005"}}
{"logTime": "1025/111057", "correlationVector":"ihykj0Dl6KM2A9DhlcyMZ5.2","action":"ProcessGetUpdates", "result":"Done", "context":{"dataType":"History", "deleted":"0", "process_failed_to_decrypt":"0", "process_pending_decryption":"0", "process_success":"250", "total":"250"}}
{"logTime": "1025/111057", "correlationVector":"ihykj0Dl6KM2A9DhlcyMZ5.3","action":"GetUpdates Response", "result":"Success", "context":Received 250 update(s). cV=ihykj0Dl6KM2A9DhlcyMZ5.0;server=akswtt106000005;cloudType=Consumer;environment=Prod_southeastasia_prod-s01-064-apac-southeastasia;migrationStage=NotStarted Some updates remain.}
{"logTime": "1025/111057", "correlationVector":"OWl3MBCEwRcKZ/m7a2rkOk","action":"Initial GetUpdates", "result":"", "context":Reason: NEWLY_SUPPORTED_DATATYPE. cV=OWl3MBCEwRcKZ/m7a2rkOk}
{"logTime": "1025/111058", "correlationVector":"OWl3MBCEwRcKZ/m7a2rkOk.1","action":"SyncServerConnectionManagerRequest", "result":"SYNC_SERVER_OK", "context":{"environment":"Prod_southeastasia_prod-s01-064-apac-southeastasia", "migrationStage":"NotStarted", "server":"akswtt10600000j"}}
{"logTime": "1025/111058", "correlationVector":"OWl3MBCEwRcKZ/m7a2rkOk.2","action":"ProcessGetUpdates", "result":"Done", "context":{"dataType":"History", "deleted":"0", "process_failed_to_decrypt":"0", "process_pending_decryption":"0", "process_success":"250", "total":"250"}}
{"logTime": "1025/111058", "correlationVector":"OWl3MBCEwRcKZ/m7a2rkOk.3","action":"GetUpdates Response", "result":"Success", "context":Received 250 update(s). cV=OWl3MBCEwRcKZ/m7a2rkOk.0;server=akswtt10600000j;cloudType=Consumer;environment=Prod_southeastasia_prod-s01-064-apac-southeastasia;migrationStage=NotStarted Some updates remain.}
{"logTime": "1025/111058", "correlationVector":"FMypxZKqWNDnagBOzU+vyN","action":"Initial GetUpdates", "result":"", "context":Reason: NEWLY_SUPPORTED_DATATYPE. cV=FMypxZKqWNDnagBOzU+vyN}
{"logTime": "1025/111058", "correlationVector":"FMypxZKqWNDnagBOzU+vyN.1","action":"SyncServerConnectionManagerRequest", "result":"SYNC_SERVER_OK", "context":{"environment":"Prod_southeastasia_prod-s01-064-apac-southeastasia", "migrationStage":"NotStarted", "server":"akswtt10600000l"}}
{"logTime": "1025/111058", "correlationVector":"FMypxZKqWNDnagBOzU+vyN.2","action":"ProcessGetUpdates", "result":"Done", "context":{"dataType":"History", "deleted":"0", "process_failed_to_decrypt":"0", "process_pending_decryption":"0", "process_success":"250", "total":"250"}}
{"logTime": "1025/111058", "correlationVector":"FMypxZKqWNDnagBOzU+vyN.3","action":"GetUpdates Response", "result":"Success", "context":Received 250 update(s). cV=FMypxZKqWNDnagBOzU+vyN.0;server=akswtt10600000l;cloudType=Consumer;environment=Prod_southeastasia_prod-s01-064-apac-southeastasia;migrationStage=NotStarted Some updates remain.}
{"logTime": "1025/111058", "correlationVector":"q/7rVKM47hyhpHRXDGNlPE","action":"Initial GetUpdates", "result":"", "context":Reason: NEWLY_SUPPORTED_DATATYPE. cV=q/7rVKM47hyhpHRXDGNlPE}
{"logTime": "1025/111059", "correlationVector":"q/7rVKM47hyhpHRXDGNlPE.1","action":"SyncServerConnectionManagerRequest", "result":"SYNC_SERVER_OK", "context":{"environment":"Prod_southeastasia_prod-s01-064-apac-southeastasia", "migrationStage":"NotStarted", "server":"akswtt106000005"}}
{"logTime": "1025/111059", "correlationVector":"q/7rVKM47hyhpHRXDGNlPE.2","action":"ProcessGetUpdates", "result":"Done", "context":{"dataType":"History", "deleted":"0", "process_failed_to_decrypt":"0", "process_pending_decryption":"0", "process_success":"250", "total":"250"}}
{"logTime": "1025/111059", "correlationVector":"q/7rVKM47hyhpHRXDGNlPE.3","action":"GetUpdates Response", "result":"Success", "context":Received 250 update(s). cV=q/7rVKM47hyhpHRXDGNlPE.0;server=akswtt106000005;cloudType=Consumer;environment=Prod_southeastasia_prod-s01-064-apac-southeastasia;migrationStage=NotStarted Some updates remain.}
{"logTime": "1025/111059", "correlationVector":"xky+6f4jclWSWHGTbHlx/w","action":"Initial GetUpdates", "result":"", "context":Reason: NEWLY_SUPPORTED_DATATYPE. cV=xky+6f4jclWSWHGTbHlx/w}
{"logTime": "1025/111100", "correlationVector":"xky+6f4jclWSWHGTbHlx/w.1","action":"SyncServerConnectionManagerRequest", "result":"SYNC_SERVER_OK", "context":{"environment":"Prod_southeastasia_prod-s01-064-apac-southeastasia", "migrationStage":"NotStarted", "server":"akswtt10600000j"}}
{"logTime": "1025/111100", "correlationVector":"xky+6f4jclWSWHGTbHlx/w.2","action":"ProcessGetUpdates", "result":"Done", "context":{"dataType":"History", "deleted":"0", "process_failed_to_decrypt":"0", "process_pending_decryption":"0", "process_success":"250", "total":"250"}}
{"logTime": "1025/111100", "correlationVector":"xky+6f4jclWSWHGTbHlx/w.3","action":"GetUpdates Response", "result":"Success", "context":Received 250 update(s). cV=xky+6f4jclWSWHGTbHlx/w.0;server=akswtt10600000j;cloudType=Consumer;environment=Prod_southeastasia_prod-s01-064-apac-southeastasia;migrationStage=NotStarted Some updates remain.}
{"logTime": "1025/111100", "correlationVector":"7zqgCNvt5WuTBSKEv5RioO","action":"Initial GetUpdates", "result":"", "context":Reason: NEWLY_SUPPORTED_DATATYPE. cV=7zqgCNvt5WuTBSKEv5RioO}
{"logTime": "1025/111101", "correlationVector":"7zqgCNvt5WuTBSKEv5RioO.1","action":"SyncServerConnectionManagerRequest", "result":"SYNC_SERVER_OK", "context":{"environment":"Prod_southeastasia_prod-s01-064-apac-southeastasia", "migrationStage":"NotStarted", "server":"akswtt10600000l"}}
{"logTime": "1025/111101", "correlationVector":"7zqgCNvt5WuTBSKEv5RioO.2","action":"ProcessGetUpdates", "result":"Done", "context":{"dataType":"History", "deleted":"0", "process_failed_to_decrypt":"0", "process_pending_decryption":"0", "process_success":"250", "total":"250"}}
{"logTime": "1025/111101", "correlationVector":"7zqgCNvt5WuTBSKEv5RioO.3","action":"GetUpdates Response", "result":"Success", "context":Received 250 update(s). cV=7zqgCNvt5WuTBSKEv5RioO.0;server=akswtt10600000l;cloudType=Consumer;environment=Prod_southeastasia_prod-s01-064-apac-southeastasia;migrationStage=NotStarted Some updates remain.}
{"logTime": "1025/111101", "correlationVector":"/N733rd7gMX6X+GZ0v1x2k","action":"Initial GetUpdates", "result":"", "context":Reason: NEWLY_SUPPORTED_DATATYPE. cV=/N733rd7gMX6X+GZ0v1x2k}
{"logTime": "1025/111102", "correlationVector":"/N733rd7gMX6X+GZ0v1x2k.1","action":"SyncServerConnectionManagerRequest", "result":"SYNC_SERVER_OK", "context":{"environment":"Prod_southeastasia_prod-s01-064-apac-southeastasia", "migrationStage":"NotStarted", "server":"akswtt106000005"}}
{"logTime": "1025/111102", "correlationVector":"/N733rd7gMX6X+GZ0v1x2k.2","action":"ProcessGetUpdates", "result":"Done", "context":{"dataType":"History", "deleted":"0", "process_failed_to_decrypt":"0", "process_pending_decryption":"0", "process_success":"250", "total":"250"}}
{"logTime": "1025/111102", "correlationVector":"/N733rd7gMX6X+GZ0v1x2k.3","action":"GetUpdates Response", "result":"Success", "context":Received 250 update(s). cV=/N733rd7gMX6X+GZ0v1x2k.0;server=akswtt106000005;cloudType=Consumer;environment=Prod_southeastasia_prod-s01-064-apac-southeastasia;migrationStage=NotStarted Some updates remain.}
{"logTime": "1025/111102", "correlationVector":"yWUc33HQT+k/NLlpFTQQo4","action":"Initial GetUpdates", "result":"", "context":Reason: NEWLY_SUPPORTED_DATATYPE. cV=yWUc33HQT+k/NLlpFTQQo4}
{"logTime": "1025/111102", "correlationVector":"yWUc33HQT+k/NLlpFTQQo4.1","action":"SyncServerConnectionManagerRequest", "result":"SYNC_SERVER_OK", "context":{"environment":"Prod_southeastasia_prod-s01-064-apac-southeastasia", "migrationStage":"NotStarted", "server":"akswtt10600000j"}}
{"logTime": "1025/111102", "correlationVector":"yWUc33HQT+k/NLlpFTQQo4.2","action":"ProcessGetUpdates", "result":"Done", "context":{"dataType":"History", "deleted":"0", "process_failed_to_decrypt":"0", "process_pending_decryption":"0", "process_success":"250", "total":"250"}}
{"logTime": "1025/111102", "correlationVector":"yWUc33HQT+k/NLlpFTQQo4.3","action":"GetUpdates Response", "result":"Success", "context":Received 250 update(s). cV=yWUc33HQT+k/NLlpFTQQo4.0;server=akswtt10600000j;cloudType=Consumer;environment=Prod_southeastasia_prod-s01-064-apac-southeastasia;migrationStage=NotStarted Some updates remain.}
{"logTime": "1025/111102", "correlationVector":"igbp1i0LmKQJhHmchR2NRy","action":"Initial GetUpdates", "result":"", "context":Reason: NEWLY_SUPPORTED_DATATYPE. cV=igbp1i0LmKQJhHmchR2NRy}
{"logTime": "1025/111103", "correlationVector":"igbp1i0LmKQJhHmchR2NRy.1","action":"SyncServerConnectionManagerRequest", "result":"SYNC_SERVER_OK", "context":{"environment":"Prod_southeastasia_prod-s01-064-apac-southeastasia", "migrationStage":"NotStarted", "server":"akswtt106000005"}}
{"logTime": "1025/111103", "correlationVector":"igbp1i0LmKQJhHmchR2NRy.2","action":"ProcessGetUpdates", "result":"Done", "context":{"dataType":"History", "deleted":"0", "process_failed_to_decrypt":"0", "process_pending_decryption":"0", "process_success":"250", "total":"250"}}
{"logTime": "1025/111103", "correlationVector":"igbp1i0LmKQJhHmchR2NRy.3","action":"GetUpdates Response", "result":"Success", "context":Received 250 update(s). cV=igbp1i0LmKQJhHmchR2NRy.0;server=akswtt106000005;cloudType=Consumer;environment=Prod_southeastasia_prod-s01-064-apac-southeastasia;migrationStage=NotStarted Some updates remain.}
{"logTime": "1025/111103", "correlationVector":"pglXA9BrPzhjHz1mh/SuQ9","action":"Initial GetUpdates", "result":"", "context":Reason: NEWLY_SUPPORTED_DATATYPE. cV=pglXA9BrPzhjHz1mh/SuQ9}
{"logTime": "1025/111104", "correlationVector":"pglXA9BrPzhjHz1mh/SuQ9.1","action":"SyncServerConnectionManagerRequest", "result":"SYNC_SERVER_OK", "context":{"environment":"Prod_southeastasia_prod-s01-064-apac-southeastasia", "migrationStage":"NotStarted", "server":"akswtt10600000m"}}
{"logTime": "1025/111104", "correlationVector":"pglXA9BrPzhjHz1mh/SuQ9.2","action":"ProcessGetUpdates", "result":"Done", "context":{"dataType":"History", "deleted":"0", "process_failed_to_decrypt":"0", "process_pending_decryption":"0", "process_success":"250", "total":"250"}}
{"logTime": "1025/111104", "correlationVector":"pglXA9BrPzhjHz1mh/SuQ9.3","action":"GetUpdates Response", "result":"Success", "context":Received 250 update(s). cV=pglXA9BrPzhjHz1mh/SuQ9.0;server=akswtt10600000m;cloudType=Consumer;environment=Prod_southeastasia_prod-s01-064-apac-southeastasia;migrationStage=NotStarted Some updates remain.}
{"logTime": "1025/111104", "correlationVector":"v9S+Vpq8bk6CC5E6Eic10H","action":"Initial GetUpdates", "result":"", "context":Reason: NEWLY_SUPPORTED_DATATYPE. cV=v9S+Vpq8bk6CC5E6Eic10H}
{"logTime": "1025/111105", "correlationVector":"v9S+Vpq8bk6CC5E6Eic10H.1","action":"SyncServerConnectionManagerRequest", "result":"SYNC_SERVER_OK", "context":{"environment":"Prod_southeastasia_prod-s01-064-apac-southeastasia", "migrationStage":"NotStarted", "server":"akswtt10600000v"}}
{"logTime": "1025/111105", "correlationVector":"v9S+Vpq8bk6CC5E6Eic10H.2","action":"ProcessGetUpdates", "result":"Done", "context":{"dataType":"History", "deleted":"0", "process_failed_to_decrypt":"0", "process_pending_decryption":"0", "process_success":"250", "total":"250"}}
{"logTime": "1025/111105", "correlationVector":"v9S+Vpq8bk6CC5E6Eic10H.3","action":"GetUpdates Response", "result":"Success", "context":Received 250 update(s). cV=v9S+Vpq8bk6CC5E6Eic10H.0;server=akswtt10600000v;cloudType=Consumer;environment=Prod_southeastasia_prod-s01-064-apac-southeastasia;migrationStage=NotStarted Some updates remain.}
{"logTime": "1025/111105", "correlationVector":"ghBV73jhcXx44soWmt0uX2","action":"Initial GetUpdates", "result":"", "context":Reason: NEWLY_SUPPORTED_DATATYPE. cV=ghBV73jhcXx44soWmt0uX2}
{"logTime": "1025/111105", "correlationVector":"ghBV73jhcXx44soWmt0uX2.1","action":"SyncServerConnectionManagerRequest", "result":"SYNC_SERVER_OK", "context":{"environment":"Prod_southeastasia_prod-s01-064-apac-southeastasia", "migrationStage":"NotStarted", "server":"akswtt10600000m"}}
{"logTime": "1025/111106", "correlationVector":"ghBV73jhcXx44soWmt0uX2.2","action":"ProcessGetUpdates", "result":"Done", "context":{"dataType":"History", "deleted":"0", "process_failed_to_decrypt":"0", "process_pending_decryption":"0", "process_success":"250", "total":"250"}}
{"logTime": "1025/111106", "correlationVector":"ghBV73jhcXx44soWmt0uX2.3","action":"GetUpdates Response", "result":"Success", "context":Received 250 update(s). cV=ghBV73jhcXx44soWmt0uX2.0;server=akswtt10600000m;cloudType=Consumer;environment=Prod_southeastasia_prod-s01-064-apac-southeastasia;migrationStage=NotStarted Some updates remain.}
{"logTime": "1025/111106", "correlationVector":"CuZqRF7fSqrFlylM0urUPX","action":"Initial GetUpdates", "result":"", "context":Reason: NEWLY_SUPPORTED_DATATYPE. cV=CuZqRF7fSqrFlylM0urUPX}
{"logTime": "1025/111106", "correlationVector":"CuZqRF7fSqrFlylM0urUPX.1","action":"SyncServerConnectionManagerRequest", "result":"SYNC_SERVER_OK", "context":{"environment":"Prod_southeastasia_prod-s01-064-apac-southeastasia", "migrationStage":"NotStarted", "server":"akswtt10600000v"}}
{"logTime": "1025/111106", "correlationVector":"CuZqRF7fSqrFlylM0urUPX.2","action":"ProcessGetUpdates", "result":"Done", "context":{"dataType":"History", "deleted":"0", "process_failed_to_decrypt":"0", "process_pending_decryption":"0", "process_success":"2", "total":"2"}}
{"logTime": "1025/111106", "correlationVector":"CuZqRF7fSqrFlylM0urUPX.3","action":"GetUpdates Response", "result":"Success", "context":Received 2 update(s). cV=CuZqRF7fSqrFlylM0urUPX.0;server=akswtt10600000v;cloudType=Consumer;environment=Prod_southeastasia_prod-s01-064-apac-southeastasia;migrationStage=NotStarted}
{"logTime": "1025/111106", "correlationVector":"lC3Vwx9EjFzq+dyfVIZRCd","action":"Normal GetUpdate request", "result":"", "context":cV=lC3Vwx9EjFzq+dyfVIZRCd
Nudged types: Preferences, Passwords, Sessions, Device Info, User Consents, History, Edge Hub App Usage
Refresh requested types: Bookmarks, Preferences, Passwords, Autofill Profiles, Autofill, Extensions, Sessions, Extension settings, History Delete Directives, Device Info, User Consents, Send Tab To Self, Web Apps, History, Saved Tab Group, WebAuthn Credentials, Collection, Edge E Drop, Edge Hub App Usage, Edge Wallet, Encryption Keys}
{"logTime": "1025/111106", "correlationVector":"lC3Vwx9EjFzq+dyfVIZRCd.1","action":"SyncServerConnectionManagerRequest", "result":"SYNC_SERVER_OK", "context":{"environment":"Prod_southeastasia_prod-s01-064-apac-southeastasia", "migrationStage":"NotStarted", "server":"akswtt10600000l"}}
{"logTime": "1025/111106", "correlationVector":"lC3Vwx9EjFzq+dyfVIZRCd.2","action":"GetUpdates Response", "result":"Success", "context":Received 0 update(s). cV=lC3Vwx9EjFzq+dyfVIZRCd.0;server=akswtt10600000l;cloudType=Consumer;environment=Prod_southeastasia_prod-s01-064-apac-southeastasia;migrationStage=NotStarted}
{"logTime": "1025/111106", "correlationVector":"jFzYdARKenX3z8MsABmALj","action":"Commit Request", "result":"", "context":Item count: 40
Contributing types: Passwords}
{"logTime": "1025/111108", "correlationVector":"jFzYdARKenX3z8MsABmALj.1","action":"SyncServerConnectionManagerRequest", "result":"SYNC_SERVER_OK", "context":{"environment":"Prod_southeastasia_prod-s01-064-apac-southeastasia", "migrationStage":"NotStarted", "server":"akswtt10600000v"}}
{"logTime": "1025/111108", "correlationVector":"jFzYdARKenX3z8MsABmALj.2","action":"Commit Response", "result":"Success", "context":Result: Success. cV=jFzYdARKenX3z8MsABmALj.0;server=akswtt10600000v;cloudType=Consumer;environment=Prod_southeastasia_prod-s01-064-apac-southeastasia;migrationStage=NotStarted}
{"logTime": "1025/111109", "correlationVector":"C7BzxXqDk+bU+hcK5dYzdN","action":"Commit Request", "result":"", "context":Item count: 26
Contributing types: Preferences, Passwords, Sessions, Device Info, User Consents, History, Edge Hub App Usage}
{"logTime": "1025/111112", "correlationVector":"C7BzxXqDk+bU+hcK5dYzdN.1","action":"SyncServerConnectionManagerRequest", "result":"SYNC_SERVER_OK", "context":{"environment":"Prod_southeastasia_prod-s01-064-apac-southeastasia", "migrationStage":"NotStarted", "server":"akswtt10600000j"}}
{"logTime": "1025/111112", "correlationVector":"C7BzxXqDk+bU+hcK5dYzdN.2","action":"Commit Response", "result":"Success", "context":Result: Success. cV=C7BzxXqDk+bU+hcK5dYzdN.0;server=akswtt10600000j;cloudType=Consumer;environment=Prod_southeastasia_prod-s01-064-apac-southeastasia;migrationStage=NotStarted}
{"logTime": "1025/111911", "correlationVector":"RjOkSop+lSVjbxyQaCn/RY.1","action":"SyncServerConnectionManagerRequest", "result":"SYNC_SERVER_OK", "context":{"environment":"Prod_southeastasia_prod-s01-064-apac-southeastasia", "migrationStage":"NotStarted", "server":"akswtt106000000"}}
{"logTime": "1025/111911", "correlationVector":"RjOkSop+lSVjbxyQaCn/RY.2","action":"ProcessGetUpdates", "result":"Done", "context":{"dataType":"Encryption Keys", "deleted":"0", "process_failed_to_decrypt":"0", "process_pending_decryption":"0", "process_success":"1", "total":"1"}}
{"logTime": "1025/111912", "correlationVector":"dF/9xioa6W68dvr2ENA/Sz","action":"SyncServerConnectionManagerRequest", "result":"SYNC_SERVER_OK", "context":{"environment":"", "migrationStage":"", "server":""}}
{"logTime": "1025/111912", "correlationVector":"dF/9xioa6W68dvr2ENA/Sz.0","action":"EncryptionKeysFetcher.DownloadKeys:", "result":"Success", "context":Key count: 9, Last key timestamp: 2025-06-16T00:06:30Z}
{"logTime": "1025/111912", "correlationVector":"dF/9xioa6W68dvr2ENA/Sz.1","action":"EncryptionKeysManager::SetEncryptionKeys:", "result":"Success", "context":Key names[9]:[+gwHMoK2bNXg4+fixMz0i1ZWQsrjnwhKWKjeTnchrZ4k7VvqGHnLRJd2JJGPbRvNYN2t0CdChCpyp1jNuY+jPg==][Pfd9c8V+3bo3Rz99UM5lJkAAiea4yZyH3XfhpQ/jp8ZAWVMHQOIQKOPMcQuat8bvLIRWrOH+gejPzDaW5268sQ==][JF+P8Csv5u1ApGzk99XaXWh4ep52PkfoP4JAdyXEi3e4A3CNAGK7C9H52xptPaC8cX05TOrbi9oqH5HiNc/rAA==][bAY3SsDl+l6GxVwHwJbo7YHBA8J1jpKjJ3zh9ODybnERkkSS+5nWi5pzUJ/eCsWLwjJYCRQ1HgRgx1X3tThkzg==][4wKeeFDQd406scvAnlL1XMisRHFfyRUKAFAyeiAKdN1XdI+0yFqBO+LobqmYdJzGpE3n/qjXy8qup97GewSF/w==][ahuZLybFlw1dtT0ouEaxrB3At5JC3XWfPnGiayVtjmMhsErQ3eDoAT9IP8g/CkrOkxC+uOwMNZyRJ4G5yu8AaQ==][eBVucg+lH4YtqVb4xfmm4I9+3RGQd0WnJ2sUzxDQXy81gCkbjhSChCZrSy/CmrisECGr5NuYhsnZr0Cgs0WC/g==][1SC1jva1fVWU/9Gb/nek7WGTvOlro82HvQ2GDPQrtG+7KkD1dpA4MMYNHvvqj8LcmY4z6JauN5AWpts3X/wQPg==][1Uc8z/BheJxHE2z6nZ6vTycbWzGOqrMEf5dNAkyRibEDfoNENqC8Qz3PESc2UChy1bGH3E4CUr/FHvrxNSx0bQ==]}
{"logTime": "1025/111912", "correlationVector":"dF/9xioa6W68dvr2ENA/Sz.2","action":"EncryptionKeysManager::SetEncryptionKeysWithTimestamps:", "result":"Success", "context":Key timestamps[9]:[2020-07-21T13:36:01Z][2021-03-27T06:17:49Z][2022-02-10T20:57:21Z][2023-01-20T11:14:07Z][2023-07-27T01:05:02Z][2024-02-01T12:27:16Z][2024-08-01T22:09:19Z][2025-02-25T23:29:52Z][2025-06-16T00:06:30Z]}
{"logTime": "1025/111912", "correlationVector":"RjOkSop+lSVjbxyQaCn/RY","action":"Initial GetUpdates", "result":"", "context":Reason: NEW_CLIENT. cV=RjOkSop+lSVjbxyQaCn/RY}
{"logTime": "1025/111912", "correlationVector":"RjOkSop+lSVjbxyQaCn/RY.3","action":"GetUpdates Response", "result":"Success", "context":Received 1 update(s). cV=RjOkSop+lSVjbxyQaCn/RY.0;server=akswtt106000000;cloudType=Consumer;environment=Prod_southeastasia_prod-s01-064-apac-southeastasia;migrationStage=NotStarted}
{"logTime": "1025/111912", "correlationVector":"pkMFh3d3lhA5DLOFitiyMP","action":"Initial GetUpdates", "result":"", "context":Reason: NEWLY_SUPPORTED_DATATYPE. cV=pkMFh3d3lhA5DLOFitiyMP}
{"logTime": "1025/111913", "correlationVector":"pkMFh3d3lhA5DLOFitiyMP.1","action":"SyncServerConnectionManagerRequest", "result":"SYNC_SERVER_OK", "context":{"environment":"Prod_southeastasia_prod-s01-064-apac-southeastasia", "migrationStage":"NotStarted", "server":"akswtt10600000n"}}
{"logTime": "1025/111913", "correlationVector":"pkMFh3d3lhA5DLOFitiyMP.2","action":"ProcessGetUpdates", "result":"Done", "context":{"dataType":"Passwords", "deleted":"2", "process_failed_to_decrypt":"0", "process_pending_decryption":"0", "process_success":"88", "total":"88"}}
{"logTime": "1025/111913", "correlationVector":"pkMFh3d3lhA5DLOFitiyMP.3","action":"GetUpdates Response", "result":"Success", "context":Received 88 update(s). cV=pkMFh3d3lhA5DLOFitiyMP.0;server=akswtt10600000n;cloudType=Consumer;environment=Prod_southeastasia_prod-s01-064-apac-southeastasia;migrationStage=NotStarted}
{"logTime": "1025/111913", "correlationVector":"wYHAYOj59zR+gidbKF7hYy","action":"Normal GetUpdate request", "result":"", "context":cV=wYHAYOj59zR+gidbKF7hYy
Nudged types: Preferences, Sessions, History
Refresh requested types: Bookmarks, Preferences, Passwords, Autofill Profiles, Autofill, Extensions, Sessions, Extension settings, History Delete Directives, Device Info, User Consents, Send Tab To Self, Web Apps, History, Saved Tab Group, WebAuthn Credentials, Collection, Edge E Drop, Edge Hub App Usage, Edge Wallet, Encryption Keys}
{"logTime": "1025/111914", "correlationVector":"wYHAYOj59zR+gidbKF7hYy.1","action":"SyncServerConnectionManagerRequest", "result":"SYNC_SERVER_OK", "context":{"environment":"Prod_southeastasia_prod-s01-064-apac-southeastasia", "migrationStage":"NotStarted", "server":"akswtt10600000t"}}
{"logTime": "1025/111914", "correlationVector":"wYHAYOj59zR+gidbKF7hYy.2","action":"ProcessGetUpdates", "result":"Done", "context":{"dataType":"Preferences", "deleted":"0", "process_failed_to_decrypt":"0", "process_pending_decryption":"0", "process_success":"2", "total":"2"}}
{"logTime": "1025/111914", "correlationVector":"wYHAYOj59zR+gidbKF7hYy.3","action":"ProcessGetUpdates", "result":"Done", "context":{"dataType":"Sessions", "deleted":"0", "process_failed_to_decrypt":"0", "process_pending_decryption":"0", "process_success":"2", "total":"2"}}
{"logTime": "1025/111914", "correlationVector":"wYHAYOj59zR+gidbKF7hYy.4","action":"ProcessGetUpdates", "result":"Done", "context":{"dataType":"Device Info", "deleted":"0", "process_failed_to_decrypt":"0", "process_pending_decryption":"0", "process_success":"1", "total":"1"}}
{"logTime": "1025/111914", "correlationVector":"wYHAYOj59zR+gidbKF7hYy.5","action":"ProcessGetUpdates", "result":"Done", "context":{"dataType":"History", "deleted":"0", "process_failed_to_decrypt":"0", "process_pending_decryption":"0", "process_success":"6", "total":"6"}}
{"logTime": "1025/111914", "correlationVector":"wYHAYOj59zR+gidbKF7hYy.6","action":"ProcessGetUpdates", "result":"Done", "context":{"dataType":"Edge Hub App Usage", "deleted":"0", "process_failed_to_decrypt":"0", "process_pending_decryption":"0", "process_success":"1", "total":"1"}}
{"logTime": "1025/111914", "correlationVector":"wYHAYOj59zR+gidbKF7hYy.7","action":"GetUpdates Response", "result":"Success", "context":Received 12 update(s). cV=wYHAYOj59zR+gidbKF7hYy.0;server=akswtt10600000t;cloudType=Consumer;environment=Prod_southeastasia_prod-s01-064-apac-southeastasia;migrationStage=NotStarted}
{"logTime": "1025/111915", "correlationVector":"O7eofo/TUP2nCNcMB9biYZ","action":"Commit Request", "result":"", "context":Item count: 5
Contributing types: Preferences, Sessions, History}
{"logTime": "1025/111916", "correlationVector":"O7eofo/TUP2nCNcMB9biYZ.1","action":"SyncServerConnectionManagerRequest", "result":"SYNC_SERVER_OK", "context":{"environment":"Prod_southeastasia_prod-s01-064-apac-southeastasia", "migrationStage":"NotStarted", "server":"akswtt106000007"}}
{"logTime": "1025/111916", "correlationVector":"O7eofo/TUP2nCNcMB9biYZ.2","action":"Commit Response", "result":"Success", "context":Result: Success. cV=O7eofo/TUP2nCNcMB9biYZ.0;server=akswtt106000007;cloudType=Consumer;environment=Prod_southeastasia_prod-s01-064-apac-southeastasia;migrationStage=NotStarted}
{"logTime": "1025/111916", "correlationVector":"O7eofo/TUP2nCNcMB9biYZ.3","action":"Commit.Sessions", "result":"Success", "context":{"id":"0aaea1e0-c65a-44f2-a354-20a73063f476", "isDeleted":"true", "size":"0", "version":"1761390669810"}}
{"logTime": "1025/111927", "correlationVector":"9uOzE6scC7fiSJmLh8ndzE","action":"Commit Request", "result":"", "context":Item count: 40
Contributing types: Passwords}
{"logTime": "1025/111929", "correlationVector":"9uOzE6scC7fiSJmLh8ndzE.1","action":"SyncServerConnectionManagerRequest", "result":"SYNC_SERVER_OK", "context":{"environment":"Prod_southeastasia_prod-s01-064-apac-southeastasia", "migrationStage":"NotStarted", "server":"akswtt10600000t"}}
{"logTime": "1025/111929", "correlationVector":"9uOzE6scC7fiSJmLh8ndzE.2","action":"Commit Response", "result":"Success", "context":Result: Success. cV=9uOzE6scC7fiSJmLh8ndzE.0;server=akswtt10600000t;cloudType=Consumer;environment=Prod_southeastasia_prod-s01-064-apac-southeastasia;migrationStage=NotStarted}
{"logTime": "1025/111929", "correlationVector":"G1QK+/2vBRhJEFl2Tyl+q8","action":"Commit Request", "result":"", "context":Item count: 15
Contributing types: Preferences, Passwords, Sessions, History}
{"logTime": "1025/111931", "correlationVector":"G1QK+/2vBRhJEFl2Tyl+q8.1","action":"SyncServerConnectionManagerRequest", "result":"SYNC_SERVER_OK", "context":{"environment":"Prod_southeastasia_prod-s01-064-apac-southeastasia", "migrationStage":"NotStarted", "server":"akswtt106000007"}}
{"logTime": "1025/111931", "correlationVector":"G1QK+/2vBRhJEFl2Tyl+q8.2","action":"Commit Response", "result":"Success", "context":Result: Success. cV=G1QK+/2vBRhJEFl2Tyl+q8.0;server=akswtt106000007;cloudType=Consumer;environment=Prod_southeastasia_prod-s01-064-apac-southeastasia;migrationStage=NotStarted}
{"logTime": "1025/112010", "correlationVector":"e2RdOLsxz62XYWLPCGWkBu","action":"Commit Request", "result":"", "context":Item count: 40
Contributing types: Passwords}
{"logTime": "1025/112012", "correlationVector":"e2RdOLsxz62XYWLPCGWkBu.1","action":"SyncServerConnectionManagerRequest", "result":"SYNC_SERVER_OK", "context":{"environment":"Prod_southeastasia_prod-s01-064-apac-southeastasia", "migrationStage":"NotStarted", "server":"akswtt10600000n"}}
{"logTime": "1025/112012", "correlationVector":"e2RdOLsxz62XYWLPCGWkBu.2","action":"Commit Response", "result":"Success", "context":Result: Success. cV=e2RdOLsxz62XYWLPCGWkBu.0;server=akswtt10600000n;cloudType=Consumer;environment=Prod_southeastasia_prod-s01-064-apac-southeastasia;migrationStage=NotStarted}
{"logTime": "1025/112012", "correlationVector":"6KteryC6RTSDwMi6L0ilIv","action":"Commit Request", "result":"", "context":Item count: 15
Contributing types: Passwords}
{"logTime": "1025/112014", "correlationVector":"6KteryC6RTSDwMi6L0ilIv.1","action":"SyncServerConnectionManagerRequest", "result":"SYNC_SERVER_OK", "context":{"environment":"Prod_southeastasia_prod-s01-064-apac-southeastasia", "migrationStage":"NotStarted", "server":"akswtt10600000t"}}
{"logTime": "1025/112014", "correlationVector":"6KteryC6RTSDwMi6L0ilIv.2","action":"Commit Response", "result":"Success", "context":Result: Success. cV=6KteryC6RTSDwMi6L0ilIv.0;server=akswtt10600000t;cloudType=Consumer;environment=Prod_southeastasia_prod-s01-064-apac-southeastasia;migrationStage=NotStarted}
{"logTime": "1025/112156", "correlationVector":"CwqCrv0Ke3c7eHyf4NvnAc","action":"Normal GetUpdate request", "result":"", "context":cV=CwqCrv0Ke3c7eHyf4NvnAc
Nudged types: History
Notified types: Device Info}
{"logTime": "1025/112158", "correlationVector":"CwqCrv0Ke3c7eHyf4NvnAc.1","action":"SyncServerConnectionManagerRequest", "result":"SYNC_SERVER_OK", "context":{"environment":"Prod_southeastasia_prod-s01-064-apac-southeastasia", "migrationStage":"NotStarted", "server":"akswtt10600000n"}}
{"logTime": "1025/112158", "correlationVector":"CwqCrv0Ke3c7eHyf4NvnAc.2","action":"ProcessGetUpdates", "result":"Done", "context":{"dataType":"Preferences", "deleted":"0", "process_failed_to_decrypt":"0", "process_pending_decryption":"0", "process_success":"2", "total":"2"}}
{"logTime": "1025/112158", "correlationVector":"CwqCrv0Ke3c7eHyf4NvnAc.3","action":"ProcessGetUpdates", "result":"Done", "context":{"dataType":"Passwords", "deleted":"0", "process_failed_to_decrypt":"0", "process_pending_decryption":"0", "process_success":"55", "total":"55"}}
{"logTime": "1025/112158", "correlationVector":"CwqCrv0Ke3c7eHyf4NvnAc.4","action":"ProcessGetUpdates", "result":"Done", "context":{"dataType":"Sessions", "deleted":"2", "process_failed_to_decrypt":"0", "process_pending_decryption":"0", "process_success":"4", "total":"4"}}
{"logTime": "1025/112158", "correlationVector":"CwqCrv0Ke3c7eHyf4NvnAc.5","action":"ProcessGetUpdates", "result":"Done", "context":{"dataType":"Device Info", "deleted":"0", "process_failed_to_decrypt":"0", "process_pending_decryption":"0", "process_success":"1", "total":"1"}}
{"logTime": "1025/112158", "correlationVector":"CwqCrv0Ke3c7eHyf4NvnAc.6","action":"ProcessGetUpdates", "result":"Done", "context":{"dataType":"History", "deleted":"0", "process_failed_to_decrypt":"0", "process_pending_decryption":"0", "process_success":"2", "total":"2"}}
{"logTime": "1025/112158", "correlationVector":"CwqCrv0Ke3c7eHyf4NvnAc.7","action":"GetUpdates Response", "result":"Success", "context":Received 64 update(s). cV=CwqCrv0Ke3c7eHyf4NvnAc.0;server=akswtt10600000n;cloudType=Consumer;environment=Prod_southeastasia_prod-s01-064-apac-southeastasia;migrationStage=NotStarted}
{"logTime": "1025/112159", "correlationVector":"OcScegwrqhi54XNUqaXLw2","action":"DoCompareDataConsistency requsted types: ", "result":"Bookmarks, Preferences, Passwords, Extensions, Extension settings, History Delete Directives, Send Tab To Self, Web Apps, History, Saved Tab Group, WebAuthn Credentials, Collection, Edge E Drop, Edge Wallet, Encryption Keys"}
{"logTime": "1025/112159", "correlationVector":"OcScegwrqhi54XNUqaXLw2.0","action":"CompareDataConsistency result: ", "result":"Compare result: Encryption Keys is consistent. local entities count is: 1 local entities hash is: iu4ClRcib5PKzkPSa0242QEsChI="}
{"logTime": "1025/112159", "correlationVector":"OcScegwrqhi54XNUqaXLw2.1","action":"CompareDataConsistency result: ", "result":"Compare result: Bookmarks is consistent. local entities count is: 15 local entities hash is: DdzXETv2BDfX49TCmNPTrQDspOg="}
{"logTime": "1025/112159", "correlationVector":"OcScegwrqhi54XNUqaXLw2.2","action":"CompareDataConsistency result: ", "result":"Compare result: Preferences is consistent. local entities count is: 89 local entities hash is: StuK87819Z6aK2FQ0v8f1FrKDVI="}
{"logTime": "1025/112159", "correlationVector":"OcScegwrqhi54XNUqaXLw2.3","action":"CompareDataConsistency result: ", "result":"Compare result: Extensions is consistent. local entities count is: 7 local entities hash is: tZ+n8pwd1NDTpucHL3/FBGzrw1Y="}
{"logTime": "1025/112159", "correlationVector":"OcScegwrqhi54XNUqaXLw2.4","action":"CompareDataConsistency result: ", "result":"Compare result: Extension settings is consistent. local entities count is: 3 local entities hash is: TT5voZwpN2uDwIrFDbmJvNdwVzQ="}
{"logTime": "1025/112159", "correlationVector":"OcScegwrqhi54XNUqaXLw2.5","action":"CompareDataConsistency result: ", "result":"Compare result: History Delete Directives is inconsistent. server entities count is: 1 server entities hash is: MYtge7xOJVxK9qForKiVCe8Mhf0= local entities count is: 0 local entities hash is: "}
{"logTime": "1025/112159", "correlationVector":"OcScegwrqhi54XNUqaXLw2.6","action":"CompareDataConsistency result: ", "result":"Server did not send this Send Tab To Self local entities count is: 0 local entities hash is: "}
{"logTime": "1025/112159", "correlationVector":"OcScegwrqhi54XNUqaXLw2.7","action":"CompareDataConsistency result: ", "result":"Compare result: Web Apps is consistent. local entities count is: 0 local entities hash is: "}
{"logTime": "1025/112159", "correlationVector":"OcScegwrqhi54XNUqaXLw2.8","action":"CompareDataConsistency result: ", "result":"Server did not send this History local entities count is: 0 local entities hash is: "}
{"logTime": "1025/112159", "correlationVector":"OcScegwrqhi54XNUqaXLw2.9","action":"CompareDataConsistency result: ", "result":"Compare result: Saved Tab Group is consistent. local entities count is: 0 local entities hash is: "}
{"logTime": "1025/112159", "correlationVector":"OcScegwrqhi54XNUqaXLw2.10","action":"CompareDataConsistency result: ", "result":"Server did not send this WebAuthn Credentials local entities count is: 0 local entities hash is: "}
{"logTime": "1025/112159", "correlationVector":"OcScegwrqhi54XNUqaXLw2.11","action":"CompareDataConsistency result: ", "result":"Compare result: Collection is consistent. local entities count is: 0 local entities hash is: "}
{"logTime": "1025/112159", "correlationVector":"OcScegwrqhi54XNUqaXLw2.12","action":"CompareDataConsistency result: ", "result":"Compare result: Edge E Drop is consistent. local entities count is: 0 local entities hash is: "}
{"logTime": "1025/112159", "correlationVector":"OcScegwrqhi54XNUqaXLw2.13","action":"CompareDataConsistency result: ", "result":"Compare result: Edge Wallet is consistent. local entities count is: 0 local entities hash is: "}
{"logTime": "1025/112159", "correlationVector":"OcScegwrqhi54XNUqaXLw2.14","action":"CompareDataConsistency result: ", "result":"Compare result: Passwords is consistent. local entities count is: 86 local entities hash is: jVHTYzzmZ5e2H/TVCyG1ijLuzVk="}
{"logTime": "1025/112159", "correlationVector":"","action":"DIAGNOSTIC_REQUEST|v1/diagnosticData/Diagnostic.SendCheckResult()|SUCCESS", "result":""}
{"logTime": "1025/112159", "correlationVector":"B9uuxKtJdUy3AoJjlCWSDk","action":"Normal GetUpdate request", "result":"", "context":cV=B9uuxKtJdUy3AoJjlCWSDk
Notified types: Preferences, History}
{"logTime": "1025/112159", "correlationVector":"B9uuxKtJdUy3AoJjlCWSDk.1","action":"SyncServerConnectionManagerRequest", "result":"SYNC_SERVER_OK", "context":{"environment":"Prod_southeastasia_prod-s01-064-apac-southeastasia", "migrationStage":"NotStarted", "server":"akswtt10600000f"}}
{"logTime": "1025/112159", "correlationVector":"B9uuxKtJdUy3AoJjlCWSDk.2","action":"ProcessGetUpdates", "result":"Done", "context":{"dataType":"Preferences", "deleted":"0", "process_failed_to_decrypt":"0", "process_pending_decryption":"0", "process_success":"1", "total":"1"}}
{"logTime": "1025/112159", "correlationVector":"B9uuxKtJdUy3AoJjlCWSDk.3","action":"ProcessGetUpdates", "result":"Done", "context":{"dataType":"Sessions", "deleted":"0", "process_failed_to_decrypt":"0", "process_pending_decryption":"0", "process_success":"2", "total":"2"}}
{"logTime": "1025/112159", "correlationVector":"B9uuxKtJdUy3AoJjlCWSDk.4","action":"ProcessGetUpdates", "result":"Done", "context":{"dataType":"History", "deleted":"0", "process_failed_to_decrypt":"0", "process_pending_decryption":"0", "process_success":"1", "total":"1"}}
{"logTime": "1025/112159", "correlationVector":"B9uuxKtJdUy3AoJjlCWSDk.5","action":"GetUpdates Response", "result":"Success", "context":Received 4 update(s). cV=B9uuxKtJdUy3AoJjlCWSDk.0;server=akswtt10600000f;cloudType=Consumer;environment=Prod_southeastasia_prod-s01-064-apac-southeastasia;migrationStage=NotStarted}
{"logTime": "1025/112205", "correlationVector":"FKsIJLdY9c94rqfRCRRRXy","action":"Normal GetUpdate request", "result":"", "context":cV=FKsIJLdY9c94rqfRCRRRXy
Notified types: Device Info, History}
{"logTime": "1025/112205", "correlationVector":"FKsIJLdY9c94rqfRCRRRXy.1","action":"SyncServerConnectionManagerRequest", "result":"SYNC_SERVER_OK", "context":{"environment":"Prod_southeastasia_prod-s01-064-apac-southeastasia", "migrationStage":"NotStarted", "server":"akswtt106000007"}}
{"logTime": "1025/112205", "correlationVector":"FKsIJLdY9c94rqfRCRRRXy.2","action":"ProcessGetUpdates", "result":"Done", "context":{"dataType":"Sessions", "deleted":"0", "process_failed_to_decrypt":"0", "process_pending_decryption":"0", "process_success":"1", "total":"1"}}
{"logTime": "1025/112205", "correlationVector":"FKsIJLdY9c94rqfRCRRRXy.3","action":"ProcessGetUpdates", "result":"Done", "context":{"dataType":"Device Info", "deleted":"0", "process_failed_to_decrypt":"0", "process_pending_decryption":"0", "process_success":"1", "total":"1"}}
{"logTime": "1025/112205", "correlationVector":"FKsIJLdY9c94rqfRCRRRXy.4","action":"ProcessGetUpdates", "result":"Done", "context":{"dataType":"History", "deleted":"0", "process_failed_to_decrypt":"0", "process_pending_decryption":"0", "process_success":"1", "total":"1"}}
{"logTime": "1025/112205", "correlationVector":"FKsIJLdY9c94rqfRCRRRXy.5","action":"GetUpdates Response", "result":"Success", "context":Received 3 update(s). cV=FKsIJLdY9c94rqfRCRRRXy.0;server=akswtt106000007;cloudType=Consumer;environment=Prod_southeastasia_prod-s01-064-apac-southeastasia;migrationStage=NotStarted}
{"logTime": "1025/112208", "correlationVector":"85gehdIRK95YtVQmmT0Wob","action":"Normal GetUpdate request", "result":"", "context":cV=85gehdIRK95YtVQmmT0Wob
Notified types: Extension settings}
{"logTime": "1025/112208", "correlationVector":"85gehdIRK95YtVQmmT0Wob.1","action":"SyncServerConnectionManagerRequest", "result":"SYNC_SERVER_OK", "context":{"environment":"Prod_southeastasia_prod-s01-064-apac-southeastasia", "migrationStage":"NotStarted", "server":"akswtt106000001"}}
{"logTime": "1025/112208", "correlationVector":"85gehdIRK95YtVQmmT0Wob.2","action":"ProcessGetUpdates", "result":"Done", "context":{"dataType":"Sessions", "deleted":"0", "process_failed_to_decrypt":"0", "process_pending_decryption":"0", "process_success":"1", "total":"1"}}
{"logTime": "1025/112208", "correlationVector":"85gehdIRK95YtVQmmT0Wob.3","action":"ProcessGetUpdates", "result":"Done", "context":{"dataType":"Extension settings", "deleted":"0", "process_failed_to_decrypt":"0", "process_pending_decryption":"0", "process_success":"1", "total":"1"}}
{"logTime": "1025/112208", "correlationVector":"85gehdIRK95YtVQmmT0Wob.4","action":"GetUpdates Response", "result":"Success", "context":Received 2 update(s). cV=85gehdIRK95YtVQmmT0Wob.0;server=akswtt106000001;cloudType=Consumer;environment=Prod_southeastasia_prod-s01-064-apac-southeastasia;migrationStage=NotStarted}
{"logTime": "1025/112209", "correlationVector":"w4+NlpH5mKZE59G74h0a+4","action":"Normal GetUpdate request", "result":"", "context":cV=w4+NlpH5mKZE59G74h0a+4
Notified types: Extension settings, History}
{"logTime": "1025/112209", "correlationVector":"w4+NlpH5mKZE59G74h0a+4.1","action":"SyncServerConnectionManagerRequest", "result":"SYNC_SERVER_OK", "context":{"environment":"Prod_southeastasia_prod-s01-064-apac-southeastasia", "migrationStage":"NotStarted", "server":"akswtt10600000n"}}
{"logTime": "1025/112209", "correlationVector":"w4+NlpH5mKZE59G74h0a+4.2","action":"ProcessGetUpdates", "result":"Done", "context":{"dataType":"Sessions", "deleted":"0", "process_failed_to_decrypt":"0", "process_pending_decryption":"0", "process_success":"1", "total":"1"}}
{"logTime": "1025/112209", "correlationVector":"w4+NlpH5mKZE59G74h0a+4.3","action":"ProcessGetUpdates", "result":"Done", "context":{"dataType":"Extension settings", "deleted":"0", "process_failed_to_decrypt":"0", "process_pending_decryption":"0", "process_success":"1", "total":"1"}}
{"logTime": "1025/112209", "correlationVector":"w4+NlpH5mKZE59G74h0a+4.4","action":"ProcessGetUpdates", "result":"Done", "context":{"dataType":"History", "deleted":"0", "process_failed_to_decrypt":"0", "process_pending_decryption":"0", "process_success":"1", "total":"1"}}
{"logTime": "1025/112209", "correlationVector":"w4+NlpH5mKZE59G74h0a+4.5","action":"GetUpdates Response", "result":"Success", "context":Received 3 update(s). cV=w4+NlpH5mKZE59G74h0a+4.0;server=akswtt10600000n;cloudType=Consumer;environment=Prod_southeastasia_prod-s01-064-apac-southeastasia;migrationStage=NotStarted}
{"logTime": "1025/112210", "correlationVector":"7OwIQ/XMSoQZvcPDY9sS4C","action":"Normal GetUpdate request", "result":"", "context":cV=7OwIQ/XMSoQZvcPDY9sS4C
Notified types: Extension settings, History}
{"logTime": "1025/112210", "correlationVector":"7OwIQ/XMSoQZvcPDY9sS4C.1","action":"SyncServerConnectionManagerRequest", "result":"SYNC_SERVER_OK", "context":{"environment":"Prod_southeastasia_prod-s01-064-apac-southeastasia", "migrationStage":"NotStarted", "server":"akswtt106000002"}}
{"logTime": "1025/112210", "correlationVector":"7OwIQ/XMSoQZvcPDY9sS4C.2","action":"ProcessGetUpdates", "result":"Done", "context":{"dataType":"Sessions", "deleted":"0", "process_failed_to_decrypt":"0", "process_pending_decryption":"0", "process_success":"1", "total":"1"}}
{"logTime": "1025/112210", "correlationVector":"7OwIQ/XMSoQZvcPDY9sS4C.3","action":"ProcessGetUpdates", "result":"Done", "context":{"dataType":"Extension settings", "deleted":"0", "process_failed_to_decrypt":"0", "process_pending_decryption":"0", "process_success":"1", "total":"1"}}
{"logTime": "1025/112210", "correlationVector":"7OwIQ/XMSoQZvcPDY9sS4C.4","action":"ProcessGetUpdates", "result":"Done", "context":{"dataType":"History", "deleted":"0", "process_failed_to_decrypt":"0", "process_pending_decryption":"0", "process_success":"1", "total":"1"}}
{"logTime": "1025/112210", "correlationVector":"7OwIQ/XMSoQZvcPDY9sS4C.5","action":"GetUpdates Response", "result":"Success", "context":Received 3 update(s). cV=7OwIQ/XMSoQZvcPDY9sS4C.0;server=akswtt106000002;cloudType=Consumer;environment=Prod_southeastasia_prod-s01-064-apac-southeastasia;migrationStage=NotStarted}
{"logTime": "1025/112215", "correlationVector":"92n2z6pwARhpQfhyE2z7GP","action":"Normal GetUpdate request", "result":"", "context":cV=92n2z6pwARhpQfhyE2z7GP
Notified types: Device Info}
{"logTime": "1025/112215", "correlationVector":"92n2z6pwARhpQfhyE2z7GP.1","action":"SyncServerConnectionManagerRequest", "result":"SYNC_SERVER_OK", "context":{"environment":"Prod_southeastasia_prod-s01-064-apac-southeastasia", "migrationStage":"NotStarted", "server":"akswtt10600000t"}}
{"logTime": "1025/112215", "correlationVector":"92n2z6pwARhpQfhyE2z7GP.2","action":"ProcessGetUpdates", "result":"Done", "context":{"dataType":"Device Info", "deleted":"0", "process_failed_to_decrypt":"0", "process_pending_decryption":"0", "process_success":"1", "total":"1"}}
{"logTime": "1025/112215", "correlationVector":"92n2z6pwARhpQfhyE2z7GP.3","action":"GetUpdates Response", "result":"Success", "context":Received 1 update(s). cV=92n2z6pwARhpQfhyE2z7GP.0;server=akswtt10600000t;cloudType=Consumer;environment=Prod_southeastasia_prod-s01-064-apac-southeastasia;migrationStage=NotStarted}
{"logTime": "1025/112218", "correlationVector":"Fj5KEbO+MR/XhZXUjyaUIk","action":"Normal GetUpdate request", "result":"", "context":cV=Fj5KEbO+MR/XhZXUjyaUIk
Notified types: Preferences}
{"logTime": "1025/112218", "correlationVector":"Fj5KEbO+MR/XhZXUjyaUIk.1","action":"SyncServerConnectionManagerRequest", "result":"SYNC_SERVER_OK", "context":{"environment":"Prod_southeastasia_prod-s01-064-apac-southeastasia", "migrationStage":"NotStarted", "server":"akswtt10600000q"}}
{"logTime": "1025/112218", "correlationVector":"Fj5KEbO+MR/XhZXUjyaUIk.2","action":"ProcessGetUpdates", "result":"Done", "context":{"dataType":"Preferences", "deleted":"0", "process_failed_to_decrypt":"0", "process_pending_decryption":"0", "process_success":"1", "total":"1"}}
{"logTime": "1025/112218", "correlationVector":"Fj5KEbO+MR/XhZXUjyaUIk.3","action":"GetUpdates Response", "result":"Success", "context":Received 1 update(s). cV=Fj5KEbO+MR/XhZXUjyaUIk.0;server=akswtt10600000q;cloudType=Consumer;environment=Prod_southeastasia_prod-s01-064-apac-southeastasia;migrationStage=NotStarted}
{"logTime": "1025/112315", "correlationVector":"Oeq95IfuJbfmnlxv2dxtiv","action":"Normal GetUpdate request", "result":"", "context":cV=Oeq95IfuJbfmnlxv2dxtiv
Notified types: Device Info, History}
{"logTime": "1025/112315", "correlationVector":"Oeq95IfuJbfmnlxv2dxtiv.1","action":"SyncServerConnectionManagerRequest", "result":"SYNC_SERVER_OK", "context":{"environment":"Prod_southeastasia_prod-s01-064-apac-southeastasia", "migrationStage":"NotStarted", "server":"akswtt106000002"}}
{"logTime": "1025/112315", "correlationVector":"Oeq95IfuJbfmnlxv2dxtiv.2","action":"ProcessGetUpdates", "result":"Done", "context":{"dataType":"Sessions", "deleted":"0", "process_failed_to_decrypt":"0", "process_pending_decryption":"0", "process_success":"2", "total":"2"}}
{"logTime": "1025/112315", "correlationVector":"Oeq95IfuJbfmnlxv2dxtiv.3","action":"ProcessGetUpdates", "result":"Done", "context":{"dataType":"Device Info", "deleted":"0", "process_failed_to_decrypt":"0", "process_pending_decryption":"0", "process_success":"1", "total":"1"}}
{"logTime": "1025/112316", "correlationVector":"Oeq95IfuJbfmnlxv2dxtiv.4","action":"ProcessGetUpdates", "result":"Done", "context":{"dataType":"History", "deleted":"0", "process_failed_to_decrypt":"0", "process_pending_decryption":"0", "process_success":"1", "total":"1"}}
{"logTime": "1025/112316", "correlationVector":"Oeq95IfuJbfmnlxv2dxtiv.5","action":"GetUpdates Response", "result":"Success", "context":Received 4 update(s). cV=Oeq95IfuJbfmnlxv2dxtiv.0;server=akswtt106000002;cloudType=Consumer;environment=Prod_southeastasia_prod-s01-064-apac-southeastasia;migrationStage=NotStarted}
{"logTime": "1025/113931", "correlationVector":"VIHoHcg+6sILZVbxBQ7v4K","action":"Normal GetUpdate request", "result":"", "context":cV=VIHoHcg+6sILZVbxBQ7v4K
Notified types: Device Info}
{"logTime": "1025/113933", "correlationVector":"VIHoHcg+6sILZVbxBQ7v4K.1","action":"SyncServerConnectionManagerRequest", "result":"SYNC_SERVER_OK", "context":{"environment":"Prod_southeastasia_prod-s01-065-apac-southeastasia", "migrationStage":"NotStarted", "server":"akswtt106000008"}}
{"logTime": "1025/113933", "correlationVector":"VIHoHcg+6sILZVbxBQ7v4K.2","action":"ProcessGetUpdates", "result":"Done", "context":{"dataType":"Device Info", "deleted":"0", "process_failed_to_decrypt":"0", "process_pending_decryption":"0", "process_success":"1", "total":"1"}}
{"logTime": "1025/113933", "correlationVector":"VIHoHcg+6sILZVbxBQ7v4K.3","action":"GetUpdates Response", "result":"Success", "context":Received 1 update(s). cV=VIHoHcg+6sILZVbxBQ7v4K.0;server=akswtt106000008;cloudType=Consumer;environment=Prod_southeastasia_prod-s01-065-apac-southeastasia;migrationStage=NotStarted}
{"logTime": "1025/162228", "correlationVector":"FtxHkCmWat9Bl8XanE5oTk.1","action":"SyncServerConnectionManagerRequest", "result":"SYNC_SERVER_OK", "context":{"environment":"Prod_southeastasia_prod-s01-065-apac-southeastasia", "migrationStage":"NotStarted", "server":"akswtt106000001"}}
{"logTime": "1025/162228", "correlationVector":"FtxHkCmWat9Bl8XanE5oTk.2","action":"ProcessGetUpdates", "result":"Done", "context":{"dataType":"Encryption Keys", "deleted":"0", "process_failed_to_decrypt":"0", "process_pending_decryption":"0", "process_success":"1", "total":"1"}}
{"logTime": "1025/162228", "correlationVector":"RKOcqT9xEUr93FLDEy7tMD","action":"SyncServerConnectionManagerRequest", "result":"SYNC_SERVER_OK", "context":{"environment":"", "migrationStage":"", "server":""}}
{"logTime": "1025/162228", "correlationVector":"RKOcqT9xEUr93FLDEy7tMD.0","action":"EncryptionKeysFetcher.DownloadKeys:", "result":"Success", "context":Key count: 9, Last key timestamp: 2025-06-16T00:06:30Z}
{"logTime": "1025/162228", "correlationVector":"RKOcqT9xEUr93FLDEy7tMD.1","action":"EncryptionKeysManager::SetEncryptionKeys:", "result":"Success", "context":Key names[9]:[+gwHMoK2bNXg4+fixMz0i1ZWQsrjnwhKWKjeTnchrZ4k7VvqGHnLRJd2JJGPbRvNYN2t0CdChCpyp1jNuY+jPg==][Pfd9c8V+3bo3Rz99UM5lJkAAiea4yZyH3XfhpQ/jp8ZAWVMHQOIQKOPMcQuat8bvLIRWrOH+gejPzDaW5268sQ==][JF+P8Csv5u1ApGzk99XaXWh4ep52PkfoP4JAdyXEi3e4A3CNAGK7C9H52xptPaC8cX05TOrbi9oqH5HiNc/rAA==][bAY3SsDl+l6GxVwHwJbo7YHBA8J1jpKjJ3zh9ODybnERkkSS+5nWi5pzUJ/eCsWLwjJYCRQ1HgRgx1X3tThkzg==][4wKeeFDQd406scvAnlL1XMisRHFfyRUKAFAyeiAKdN1XdI+0yFqBO+LobqmYdJzGpE3n/qjXy8qup97GewSF/w==][ahuZLybFlw1dtT0ouEaxrB3At5JC3XWfPnGiayVtjmMhsErQ3eDoAT9IP8g/CkrOkxC+uOwMNZyRJ4G5yu8AaQ==][eBVucg+lH4YtqVb4xfmm4I9+3RGQd0WnJ2sUzxDQXy81gCkbjhSChCZrSy/CmrisECGr5NuYhsnZr0Cgs0WC/g==][1SC1jva1fVWU/9Gb/nek7WGTvOlro82HvQ2GDPQrtG+7KkD1dpA4MMYNHvvqj8LcmY4z6JauN5AWpts3X/wQPg==][1Uc8z/BheJxHE2z6nZ6vTycbWzGOqrMEf5dNAkyRibEDfoNENqC8Qz3PESc2UChy1bGH3E4CUr/FHvrxNSx0bQ==]}
{"logTime": "1025/162228", "correlationVector":"RKOcqT9xEUr93FLDEy7tMD.2","action":"EncryptionKeysManager::SetEncryptionKeysWithTimestamps:", "result":"Success", "context":Key timestamps[9]:[2020-07-21T13:36:01Z][2021-03-27T06:17:49Z][2022-02-10T20:57:21Z][2023-01-20T11:14:07Z][2023-07-27T01:05:02Z][2024-02-01T12:27:16Z][2024-08-01T22:09:19Z][2025-02-25T23:29:52Z][2025-06-16T00:06:30Z]}
{"logTime": "1025/162228", "correlationVector":"FtxHkCmWat9Bl8XanE5oTk","action":"Initial GetUpdates", "result":"", "context":Reason: NEW_CLIENT. cV=FtxHkCmWat9Bl8XanE5oTk}
{"logTime": "1025/162228", "correlationVector":"FtxHkCmWat9Bl8XanE5oTk.3","action":"GetUpdates Response", "result":"Success", "context":Received 1 update(s). cV=FtxHkCmWat9Bl8XanE5oTk.0;server=akswtt106000001;cloudType=Consumer;environment=Prod_southeastasia_prod-s01-065-apac-southeastasia;migrationStage=NotStarted}
{"logTime": "1025/162228", "correlationVector":"dLwNTrzrU35AxY8XInbQ0o","action":"Initial GetUpdates", "result":"", "context":Reason: NEWLY_SUPPORTED_DATATYPE. cV=dLwNTrzrU35AxY8XInbQ0o}
{"logTime": "1025/162229", "correlationVector":"dLwNTrzrU35AxY8XInbQ0o.1","action":"SyncServerConnectionManagerRequest", "result":"SYNC_SERVER_OK", "context":{"environment":"Prod_southeastasia_prod-s01-065-apac-southeastasia", "migrationStage":"NotStarted", "server":"akswtt10600000j"}}
{"logTime": "1025/162229", "correlationVector":"dLwNTrzrU35AxY8XInbQ0o.2","action":"ProcessGetUpdates", "result":"Done", "context":{"dataType":"Passwords", "deleted":"2", "process_failed_to_decrypt":"0", "process_pending_decryption":"0", "process_success":"88", "total":"88"}}
{"logTime": "1025/162229", "correlationVector":"dLwNTrzrU35AxY8XInbQ0o.3","action":"GetUpdates Response", "result":"Success", "context":Received 88 update(s). cV=dLwNTrzrU35AxY8XInbQ0o.0;server=akswtt10600000j;cloudType=Consumer;environment=Prod_southeastasia_prod-s01-065-apac-southeastasia;migrationStage=NotStarted}
{"logTime": "1025/162229", "correlationVector":"TiiEuz1gRUCRtGcUuf6VzP","action":"Normal GetUpdate request", "result":"", "context":cV=TiiEuz1gRUCRtGcUuf6VzP
Nudged types: Sessions, History
Refresh requested types: Bookmarks, Preferences, Passwords, Autofill Profiles, Autofill, Extensions, Sessions, Extension settings, History Delete Directives, Device Info, User Consents, Send Tab To Self, Web Apps, History, Saved Tab Group, WebAuthn Credentials, Collection, Edge E Drop, Edge Hub App Usage, Edge Wallet, Encryption Keys}
{"logTime": "1025/162229", "correlationVector":"TiiEuz1gRUCRtGcUuf6VzP.1","action":"SyncServerConnectionManagerRequest", "result":"SYNC_SERVER_OK", "context":{"environment":"Prod_southeastasia_prod-s01-064-apac-southeastasia", "migrationStage":"NotStarted", "server":"akswtt106000000"}}
{"logTime": "1025/162229", "correlationVector":"TiiEuz1gRUCRtGcUuf6VzP.2","action":"ProcessGetUpdates", "result":"Done", "context":{"dataType":"Preferences", "deleted":"0", "process_failed_to_decrypt":"0", "process_pending_decryption":"0", "process_success":"1", "total":"1"}}
{"logTime": "1025/162229", "correlationVector":"TiiEuz1gRUCRtGcUuf6VzP.3","action":"ProcessGetUpdates", "result":"Done", "context":{"dataType":"Device Info", "deleted":"0", "process_failed_to_decrypt":"0", "process_pending_decryption":"0", "process_success":"1", "total":"1"}}
{"logTime": "1025/162229", "correlationVector":"TiiEuz1gRUCRtGcUuf6VzP.4","action":"GetUpdates Response", "result":"Success", "context":Received 2 update(s). cV=TiiEuz1gRUCRtGcUuf6VzP.0;server=akswtt106000000;cloudType=Consumer;environment=Prod_southeastasia_prod-s01-064-apac-southeastasia;migrationStage=NotStarted}
{"logTime": "1025/162231", "correlationVector":"8Ca846CYiF+7Z+/6y3eg1g","action":"Commit Request", "result":"", "context":Item count: 4
Contributing types: Sessions, History}
{"logTime": "1025/162232", "correlationVector":"8Ca846CYiF+7Z+/6y3eg1g.1","action":"SyncServerConnectionManagerRequest", "result":"SYNC_SERVER_OK", "context":{"environment":"Prod_southeastasia_prod-s01-064-apac-southeastasia", "migrationStage":"NotStarted", "server":"akswtt10600000t"}}
{"logTime": "1025/162232", "correlationVector":"8Ca846CYiF+7Z+/6y3eg1g.2","action":"Commit Response", "result":"Success", "context":Result: Success. cV=8Ca846CYiF+7Z+/6y3eg1g.0;server=akswtt10600000t;cloudType=Consumer;environment=Prod_southeastasia_prod-s01-064-apac-southeastasia;migrationStage=NotStarted}
{"logTime": "1025/162232", "correlationVector":"8Ca846CYiF+7Z+/6y3eg1g.3","action":"Commit.Sessions", "result":"Success", "context":{"id":"f7632281-0740-4460-bc7c-7f0b033fa730", "isDeleted":"true", "size":"0", "version":"1761409214833"}}
{"logTime": "1025/162238", "correlationVector":"noZj78fk0FzIuJfYd+Kgxe","action":"Commit Request", "result":"", "context":Item count: 40
Contributing types: Passwords}
{"logTime": "1025/162240", "correlationVector":"noZj78fk0FzIuJfYd+Kgxe.1","action":"SyncServerConnectionManagerRequest", "result":"SYNC_SERVER_OK", "context":{"environment":"Prod_southeastasia_prod-s01-064-apac-southeastasia", "migrationStage":"NotStarted", "server":"akswtt106000001"}}
{"logTime": "1025/162240", "correlationVector":"noZj78fk0FzIuJfYd+Kgxe.2","action":"Commit Response", "result":"Success", "context":Result: Success. cV=noZj78fk0FzIuJfYd+Kgxe.0;server=akswtt106000001;cloudType=Consumer;environment=Prod_southeastasia_prod-s01-064-apac-southeastasia;migrationStage=NotStarted}
{"logTime": "1025/162240", "correlationVector":"fhOFBWCrx3r0cqCw0CC3Y+","action":"Commit Request", "result":"", "context":Item count: 15
Contributing types: Preferences, Passwords, Sessions, History}
{"logTime": "1025/162241", "correlationVector":"fhOFBWCrx3r0cqCw0CC3Y+.1","action":"SyncServerConnectionManagerRequest", "result":"SYNC_SERVER_OK", "context":{"environment":"Prod_southeastasia_prod-s01-064-apac-southeastasia", "migrationStage":"NotStarted", "server":"akswtt106000002"}}
{"logTime": "1025/162241", "correlationVector":"fhOFBWCrx3r0cqCw0CC3Y+.2","action":"Commit Response", "result":"Success", "context":Result: Success. cV=fhOFBWCrx3r0cqCw0CC3Y+.0;server=akswtt106000002;cloudType=Consumer;environment=Prod_southeastasia_prod-s01-064-apac-southeastasia;migrationStage=NotStarted}
{"logTime": "1025/162351", "correlationVector":"gwl0mRAavC4lW27NoYncHL","action":"Normal GetUpdate request", "result":"", "context":cV=gwl0mRAavC4lW27NoYncHL
Notified types: History}
{"logTime": "1025/162352", "correlationVector":"gwl0mRAavC4lW27NoYncHL.1","action":"SyncServerConnectionManagerRequest", "result":"SYNC_SERVER_OK", "context":{"environment":"Prod_southeastasia_prod-s01-064-apac-southeastasia", "migrationStage":"NotStarted", "server":"akswtt106000002"}}
{"logTime": "1025/162352", "correlationVector":"gwl0mRAavC4lW27NoYncHL.2","action":"ProcessGetUpdates", "result":"Done", "context":{"dataType":"Preferences", "deleted":"0", "process_failed_to_decrypt":"0", "process_pending_decryption":"0", "process_success":"1", "total":"1"}}
{"logTime": "1025/162352", "correlationVector":"gwl0mRAavC4lW27NoYncHL.3","action":"ProcessGetUpdates", "result":"Done", "context":{"dataType":"Passwords", "deleted":"0", "process_failed_to_decrypt":"0", "process_pending_decryption":"0", "process_success":"52", "total":"52"}}
{"logTime": "1025/162352", "correlationVector":"gwl0mRAavC4lW27NoYncHL.4","action":"ProcessGetUpdates", "result":"Done", "context":{"dataType":"Sessions", "deleted":"1", "process_failed_to_decrypt":"0", "process_pending_decryption":"0", "process_success":"5", "total":"5"}}
{"logTime": "1025/162352", "correlationVector":"gwl0mRAavC4lW27NoYncHL.5","action":"ProcessGetUpdates", "result":"Done", "context":{"dataType":"History", "deleted":"0", "process_failed_to_decrypt":"0", "process_pending_decryption":"0", "process_success":"3", "total":"3"}}
{"logTime": "1025/162352", "correlationVector":"gwl0mRAavC4lW27NoYncHL.6","action":"GetUpdates Response", "result":"Success", "context":Received 61 update(s). cV=gwl0mRAavC4lW27NoYncHL.0;server=akswtt106000002;cloudType=Consumer;environment=Prod_southeastasia_prod-s01-064-apac-southeastasia;migrationStage=NotStarted}
{"logTime": "1026/014028", "correlationVector":"mYoglssVHHvPvqDY09GJJy.1","action":"SyncServerConnectionManagerRequest", "result":"SYNC_SERVER_OK", "context":{"environment":"Prod_southeastasia_prod-s01-064-apac-southeastasia", "migrationStage":"NotStarted", "server":"akswtt10600000v"}}
{"logTime": "1026/014028", "correlationVector":"mYoglssVHHvPvqDY09GJJy.2","action":"ProcessGetUpdates", "result":"Done", "context":{"dataType":"Encryption Keys", "deleted":"0", "process_failed_to_decrypt":"0", "process_pending_decryption":"0", "process_success":"1", "total":"1"}}
{"logTime": "1026/014029", "correlationVector":"UzAd5L4YbXLTED3d5eLD0P","action":"SyncServerConnectionManagerRequest", "result":"SYNC_SERVER_OK", "context":{"environment":"", "migrationStage":"", "server":""}}
{"logTime": "1026/014029", "correlationVector":"UzAd5L4YbXLTED3d5eLD0P.0","action":"EncryptionKeysFetcher.DownloadKeys:", "result":"Success", "context":Key count: 9, Last key timestamp: 2025-06-16T00:06:30Z}
{"logTime": "1026/014029", "correlationVector":"UzAd5L4YbXLTED3d5eLD0P.1","action":"EncryptionKeysManager::SetEncryptionKeys:", "result":"Success", "context":Key names[9]:[+gwHMoK2bNXg4+fixMz0i1ZWQsrjnwhKWKjeTnchrZ4k7VvqGHnLRJd2JJGPbRvNYN2t0CdChCpyp1jNuY+jPg==][Pfd9c8V+3bo3Rz99UM5lJkAAiea4yZyH3XfhpQ/jp8ZAWVMHQOIQKOPMcQuat8bvLIRWrOH+gejPzDaW5268sQ==][JF+P8Csv5u1ApGzk99XaXWh4ep52PkfoP4JAdyXEi3e4A3CNAGK7C9H52xptPaC8cX05TOrbi9oqH5HiNc/rAA==][bAY3SsDl+l6GxVwHwJbo7YHBA8J1jpKjJ3zh9ODybnERkkSS+5nWi5pzUJ/eCsWLwjJYCRQ1HgRgx1X3tThkzg==][4wKeeFDQd406scvAnlL1XMisRHFfyRUKAFAyeiAKdN1XdI+0yFqBO+LobqmYdJzGpE3n/qjXy8qup97GewSF/w==][ahuZLybFlw1dtT0ouEaxrB3At5JC3XWfPnGiayVtjmMhsErQ3eDoAT9IP8g/CkrOkxC+uOwMNZyRJ4G5yu8AaQ==][eBVucg+lH4YtqVb4xfmm4I9+3RGQd0WnJ2sUzxDQXy81gCkbjhSChCZrSy/CmrisECGr5NuYhsnZr0Cgs0WC/g==][1SC1jva1fVWU/9Gb/nek7WGTvOlro82HvQ2GDPQrtG+7KkD1dpA4MMYNHvvqj8LcmY4z6JauN5AWpts3X/wQPg==][1Uc8z/BheJxHE2z6nZ6vTycbWzGOqrMEf5dNAkyRibEDfoNENqC8Qz3PESc2UChy1bGH3E4CUr/FHvrxNSx0bQ==]}
{"logTime": "1026/014029", "correlationVector":"UzAd5L4YbXLTED3d5eLD0P.2","action":"EncryptionKeysManager::SetEncryptionKeysWithTimestamps:", "result":"Success", "context":Key timestamps[9]:[2020-07-21T13:36:01Z][2021-03-27T06:17:49Z][2022-02-10T20:57:21Z][2023-01-20T11:14:07Z][2023-07-27T01:05:02Z][2024-02-01T12:27:16Z][2024-08-01T22:09:19Z][2025-02-25T23:29:52Z][2025-06-16T00:06:30Z]}
{"logTime": "1026/014029", "correlationVector":"mYoglssVHHvPvqDY09GJJy","action":"Initial GetUpdates", "result":"", "context":Reason: NEW_CLIENT. cV=mYoglssVHHvPvqDY09GJJy}
{"logTime": "1026/014029", "correlationVector":"mYoglssVHHvPvqDY09GJJy.3","action":"GetUpdates Response", "result":"Success", "context":Received 1 update(s). cV=mYoglssVHHvPvqDY09GJJy.0;server=akswtt10600000v;cloudType=Consumer;environment=Prod_southeastasia_prod-s01-064-apac-southeastasia;migrationStage=NotStarted}
{"logTime": "1026/014029", "correlationVector":"n0JwicTDAF3DgWFdX6doGP","action":"Initial GetUpdates", "result":"", "context":Reason: NEWLY_SUPPORTED_DATATYPE. cV=n0JwicTDAF3DgWFdX6doGP}
{"logTime": "1026/014030", "correlationVector":"n0JwicTDAF3DgWFdX6doGP.1","action":"SyncServerConnectionManagerRequest", "result":"SYNC_SERVER_OK", "context":{"environment":"Prod_southeastasia_prod-s01-065-apac-southeastasia", "migrationStage":"NotStarted", "server":"akswtt10600000x"}}
{"logTime": "1026/014030", "correlationVector":"n0JwicTDAF3DgWFdX6doGP.2","action":"ProcessGetUpdates", "result":"Done", "context":{"dataType":"Passwords", "deleted":"2", "process_failed_to_decrypt":"0", "process_pending_decryption":"0", "process_success":"88", "total":"88"}}
{"logTime": "1026/014030", "correlationVector":"n0JwicTDAF3DgWFdX6doGP.3","action":"GetUpdates Response", "result":"Success", "context":Received 88 update(s). cV=n0JwicTDAF3DgWFdX6doGP.0;server=akswtt10600000x;cloudType=Consumer;environment=Prod_southeastasia_prod-s01-065-apac-southeastasia;migrationStage=NotStarted}
{"logTime": "1026/014030", "correlationVector":"8VL/6L2wN/NY5ngVRXYyYR","action":"Normal GetUpdate request", "result":"", "context":cV=8VL/6L2wN/NY5ngVRXYyYR
Nudged types: Sessions, History
Refresh requested types: Bookmarks, Preferences, Passwords, Autofill Profiles, Autofill, Extensions, Sessions, Extension settings, History Delete Directives, Device Info, User Consents, Send Tab To Self, Web Apps, History, Saved Tab Group, WebAuthn Credentials, Collection, Edge E Drop, Edge Hub App Usage, Edge Wallet, Encryption Keys}
{"logTime": "1026/014030", "correlationVector":"8VL/6L2wN/NY5ngVRXYyYR.1","action":"SyncServerConnectionManagerRequest", "result":"SYNC_SERVER_OK", "context":{"environment":"Prod_southeastasia_prod-s01-064-apac-southeastasia", "migrationStage":"NotStarted", "server":"akswtt10600000g"}}
{"logTime": "1026/014030", "correlationVector":"8VL/6L2wN/NY5ngVRXYyYR.2","action":"ProcessGetUpdates", "result":"Done", "context":{"dataType":"Preferences", "deleted":"0", "process_failed_to_decrypt":"0", "process_pending_decryption":"0", "process_success":"1", "total":"1"}}
{"logTime": "1026/014030", "correlationVector":"8VL/6L2wN/NY5ngVRXYyYR.3","action":"ProcessGetUpdates", "result":"Done", "context":{"dataType":"Sessions", "deleted":"1", "process_failed_to_decrypt":"0", "process_pending_decryption":"0", "process_success":"2", "total":"2"}}
{"logTime": "1026/014030", "correlationVector":"8VL/6L2wN/NY5ngVRXYyYR.4","action":"ProcessGetUpdates", "result":"Done", "context":{"dataType":"Device Info", "deleted":"0", "process_failed_to_decrypt":"0", "process_pending_decryption":"0", "process_success":"1", "total":"1"}}
{"logTime": "1026/014030", "correlationVector":"8VL/6L2wN/NY5ngVRXYyYR.5","action":"ProcessGetUpdates", "result":"Done", "context":{"dataType":"History", "deleted":"0", "process_failed_to_decrypt":"0", "process_pending_decryption":"0", "process_success":"1", "total":"1"}}
{"logTime": "1026/014030", "correlationVector":"8VL/6L2wN/NY5ngVRXYyYR.6","action":"GetUpdates Response", "result":"Success", "context":Received 5 update(s). cV=8VL/6L2wN/NY5ngVRXYyYR.0;server=akswtt10600000g;cloudType=Consumer;environment=Prod_southeastasia_prod-s01-064-apac-southeastasia;migrationStage=NotStarted}
{"logTime": "1026/014034", "correlationVector":"UOlsIrFEfWaQcd1tbImBX9","action":"Commit Request", "result":"", "context":Item count: 4
Contributing types: Sessions, History}
{"logTime": "1026/014035", "correlationVector":"UOlsIrFEfWaQcd1tbImBX9.1","action":"SyncServerConnectionManagerRequest", "result":"SYNC_SERVER_OK", "context":{"environment":"Prod_southeastasia_prod-s01-064-apac-southeastasia", "migrationStage":"NotStarted", "server":"akswtt10600000k"}}
{"logTime": "1026/014035", "correlationVector":"UOlsIrFEfWaQcd1tbImBX9.3","action":"Commit.Sessions", "result":"Success", "context":{"id":"a0357843-243d-4014-8899-a8e707924e60", "isDeleted":"true", "size":"0", "version":"1761409361385"}}
{"logTime": "1026/014035", "correlationVector":"UOlsIrFEfWaQcd1tbImBX9.2","action":"Commit Response", "result":"Success", "context":Result: Success. cV=UOlsIrFEfWaQcd1tbImBX9.0;server=akswtt10600000k;cloudType=Consumer;environment=Prod_southeastasia_prod-s01-064-apac-southeastasia;migrationStage=NotStarted}
{"logTime": "1026/014035", "correlationVector":"NF5TboIBxptI5P2jtU+gop","action":"Poll GetUpdate request", "result":"", "context":cV=NF5TboIBxptI5P2jtU+gop}
{"logTime": "1026/014035", "correlationVector":"NF5TboIBxptI5P2jtU+gop.1","action":"SyncServerConnectionManagerRequest", "result":"SYNC_SERVER_OK", "context":{"environment":"Prod_southeastasia_prod-s01-064-apac-southeastasia", "migrationStage":"NotStarted", "server":"akswtt10600000m"}}
{"logTime": "1026/014035", "correlationVector":"NF5TboIBxptI5P2jtU+gop.2","action":"ProcessGetUpdates", "result":"Done", "context":{"dataType":"Sessions", "deleted":"1", "process_failed_to_decrypt":"0", "process_pending_decryption":"0", "process_success":"3", "total":"3"}}
{"logTime": "1026/014035", "correlationVector":"NF5TboIBxptI5P2jtU+gop.3","action":"ProcessGetUpdates", "result":"Done", "context":{"dataType":"History", "deleted":"0", "process_failed_to_decrypt":"0", "process_pending_decryption":"0", "process_success":"1", "total":"1"}}
{"logTime": "1026/014035", "correlationVector":"NF5TboIBxptI5P2jtU+gop.4","action":"GetUpdates Response", "result":"Success", "context":Received 4 update(s). cV=NF5TboIBxptI5P2jtU+gop.0;server=akswtt10600000m;cloudType=Consumer;environment=Prod_southeastasia_prod-s01-064-apac-southeastasia;migrationStage=NotStarted}
{"logTime": "1026/014043", "correlationVector":"XLqxVxBLCoB5JP+CP3TyLL","action":"Commit Request", "result":"", "context":Item count: 40
Contributing types: Passwords}
{"logTime": "1026/014046", "correlationVector":"XLqxVxBLCoB5JP+CP3TyLL.1","action":"SyncServerConnectionManagerRequest", "result":"SYNC_SERVER_OK", "context":{"environment":"Prod_southeastasia_prod-s01-064-apac-southeastasia", "migrationStage":"NotStarted", "server":"akswtt10600000v"}}
{"logTime": "1026/014046", "correlationVector":"XLqxVxBLCoB5JP+CP3TyLL.2","action":"Commit Response", "result":"Success", "context":Result: Success. cV=XLqxVxBLCoB5JP+CP3TyLL.0;server=akswtt10600000v;cloudType=Consumer;environment=Prod_southeastasia_prod-s01-064-apac-southeastasia;migrationStage=NotStarted}
{"logTime": "1026/014046", "correlationVector":"qWTfQJ5LHlDy2L80oYKJZ4","action":"Commit Request", "result":"", "context":Item count: 15
Contributing types: Preferences, Passwords, Sessions, History}
{"logTime": "1026/014047", "correlationVector":"qWTfQJ5LHlDy2L80oYKJZ4.1","action":"SyncServerConnectionManagerRequest", "result":"SYNC_SERVER_OK", "context":{"environment":"Prod_southeastasia_prod-s01-064-apac-southeastasia", "migrationStage":"NotStarted", "server":"akswtt10600000g"}}
{"logTime": "1026/014047", "correlationVector":"qWTfQJ5LHlDy2L80oYKJZ4.2","action":"Commit Response", "result":"Success", "context":Result: Success. cV=qWTfQJ5LHlDy2L80oYKJZ4.0;server=akswtt10600000g;cloudType=Consumer;environment=Prod_southeastasia_prod-s01-064-apac-southeastasia;migrationStage=NotStarted}
{"logTime": "1026/014048", "correlationVector":"vWs2dImj2fueyOEg4LGW5J","action":"Normal GetUpdate request", "result":"", "context":cV=vWs2dImj2fueyOEg4LGW5J
Notified types: Extension settings, History}
{"logTime": "1026/014048", "correlationVector":"vWs2dImj2fueyOEg4LGW5J.1","action":"SyncServerConnectionManagerRequest", "result":"SYNC_SERVER_OK", "context":{"environment":"Prod_southeastasia_prod-s01-064-apac-southeastasia", "migrationStage":"NotStarted", "server":"akswtt10600000g"}}
{"logTime": "1026/014048", "correlationVector":"vWs2dImj2fueyOEg4LGW5J.2","action":"ProcessGetUpdates", "result":"Done", "context":{"dataType":"Preferences", "deleted":"0", "process_failed_to_decrypt":"0", "process_pending_decryption":"0", "process_success":"1", "total":"1"}}
{"logTime": "1026/014048", "correlationVector":"vWs2dImj2fueyOEg4LGW5J.3","action":"ProcessGetUpdates", "result":"Done", "context":{"dataType":"Passwords", "deleted":"0", "process_failed_to_decrypt":"0", "process_pending_decryption":"0", "process_success":"52", "total":"52"}}
{"logTime": "1026/014048", "correlationVector":"vWs2dImj2fueyOEg4LGW5J.4","action":"ProcessGetUpdates", "result":"Done", "context":{"dataType":"Sessions", "deleted":"0", "process_failed_to_decrypt":"0", "process_pending_decryption":"0", "process_success":"1", "total":"1"}}
{"logTime": "1026/014048", "correlationVector":"vWs2dImj2fueyOEg4LGW5J.5","action":"ProcessGetUpdates", "result":"Done", "context":{"dataType":"Extension settings", "deleted":"0", "process_failed_to_decrypt":"0", "process_pending_decryption":"0", "process_success":"1", "total":"1"}}
{"logTime": "1026/014048", "correlationVector":"vWs2dImj2fueyOEg4LGW5J.6","action":"ProcessGetUpdates", "result":"Done", "context":{"dataType":"History", "deleted":"0", "process_failed_to_decrypt":"0", "process_pending_decryption":"0", "process_success":"17", "total":"17"}}
{"logTime": "1026/014048", "correlationVector":"vWs2dImj2fueyOEg4LGW5J.7","action":"GetUpdates Response", "result":"Success", "context":Received 72 update(s). cV=vWs2dImj2fueyOEg4LGW5J.0;server=akswtt10600000g;cloudType=Consumer;environment=Prod_southeastasia_prod-s01-064-apac-southeastasia;migrationStage=NotStarted}
{"logTime": "1026/014051", "correlationVector":"LSgaidfjM/0DvmJHlcZP3V","action":"Normal GetUpdate request", "result":"", "context":cV=LSgaidfjM/0DvmJHlcZP3V
Notified types: Device Info, History}
{"logTime": "1026/014051", "correlationVector":"LSgaidfjM/0DvmJHlcZP3V.1","action":"SyncServerConnectionManagerRequest", "result":"SYNC_SERVER_OK", "context":{"environment":"Prod_southeastasia_prod-s01-064-apac-southeastasia", "migrationStage":"NotStarted", "server":"akswtt10600000v"}}
{"logTime": "1026/014051", "correlationVector":"LSgaidfjM/0DvmJHlcZP3V.2","action":"ProcessGetUpdates", "result":"Done", "context":{"dataType":"Sessions", "deleted":"0", "process_failed_to_decrypt":"0", "process_pending_decryption":"0", "process_success":"2", "total":"2"}}
{"logTime": "1026/014051", "correlationVector":"LSgaidfjM/0DvmJHlcZP3V.3","action":"ProcessGetUpdates", "result":"Done", "context":{"dataType":"Device Info", "deleted":"0", "process_failed_to_decrypt":"0", "process_pending_decryption":"0", "process_success":"1", "total":"1"}}
{"logTime": "1026/014051", "correlationVector":"LSgaidfjM/0DvmJHlcZP3V.4","action":"ProcessGetUpdates", "result":"Done", "context":{"dataType":"History", "deleted":"0", "process_failed_to_decrypt":"0", "process_pending_decryption":"0", "process_success":"1", "total":"1"}}
{"logTime": "1026/014051", "correlationVector":"LSgaidfjM/0DvmJHlcZP3V.5","action":"GetUpdates Response", "result":"Success", "context":Received 4 update(s). cV=LSgaidfjM/0DvmJHlcZP3V.0;server=akswtt10600000v;cloudType=Consumer;environment=Prod_southeastasia_prod-s01-064-apac-southeastasia;migrationStage=NotStarted}
{"logTime": "1026/014053", "correlationVector":"nfbxWTpJgN00+H9ls0gx6w","action":"Normal GetUpdate request", "result":"", "context":cV=nfbxWTpJgN00+H9ls0gx6w
Notified types: Preferences, History}
{"logTime": "1026/014053", "correlationVector":"nfbxWTpJgN00+H9ls0gx6w.1","action":"SyncServerConnectionManagerRequest", "result":"SYNC_SERVER_OK", "context":{"environment":"Prod_southeastasia_prod-s01-064-apac-southeastasia", "migrationStage":"NotStarted", "server":"akswtt10600000g"}}
{"logTime": "1026/014053", "correlationVector":"nfbxWTpJgN00+H9ls0gx6w.2","action":"ProcessGetUpdates", "result":"Done", "context":{"dataType":"Preferences", "deleted":"0", "process_failed_to_decrypt":"0", "process_pending_decryption":"0", "process_success":"1", "total":"1"}}
{"logTime": "1026/014053", "correlationVector":"nfbxWTpJgN00+H9ls0gx6w.3","action":"ProcessGetUpdates", "result":"Done", "context":{"dataType":"Sessions", "deleted":"0", "process_failed_to_decrypt":"0", "process_pending_decryption":"0", "process_success":"1", "total":"1"}}
{"logTime": "1026/014053", "correlationVector":"nfbxWTpJgN00+H9ls0gx6w.4","action":"ProcessGetUpdates", "result":"Done", "context":{"dataType":"History", "deleted":"0", "process_failed_to_decrypt":"0", "process_pending_decryption":"0", "process_success":"1", "total":"1"}}
{"logTime": "1026/014053", "correlationVector":"nfbxWTpJgN00+H9ls0gx6w.5","action":"GetUpdates Response", "result":"Success", "context":Received 3 update(s). cV=nfbxWTpJgN00+H9ls0gx6w.0;server=akswtt10600000g;cloudType=Consumer;environment=Prod_southeastasia_prod-s01-064-apac-southeastasia;migrationStage=NotStarted}
{"logTime": "1026/014058", "correlationVector":"MQeQemajTRf6kgDyBSeErE","action":"Normal GetUpdate request", "result":"", "context":cV=MQeQemajTRf6kgDyBSeErE
Notified types: Device Info}
{"logTime": "1026/014058", "correlationVector":"MQeQemajTRf6kgDyBSeErE.1","action":"SyncServerConnectionManagerRequest", "result":"SYNC_SERVER_OK", "context":{"environment":"Prod_southeastasia_prod-s01-064-apac-southeastasia", "migrationStage":"NotStarted", "server":"akswtt10600000g"}}
{"logTime": "1026/014058", "correlationVector":"MQeQemajTRf6kgDyBSeErE.2","action":"ProcessGetUpdates", "result":"Done", "context":{"dataType":"Device Info", "deleted":"0", "process_failed_to_decrypt":"0", "process_pending_decryption":"0", "process_success":"1", "total":"1"}}
{"logTime": "1026/014058", "correlationVector":"MQeQemajTRf6kgDyBSeErE.3","action":"GetUpdates Response", "result":"Success", "context":Received 1 update(s). cV=MQeQemajTRf6kgDyBSeErE.0;server=akswtt10600000g;cloudType=Consumer;environment=Prod_southeastasia_prod-s01-064-apac-southeastasia;migrationStage=NotStarted}
{"logTime": "1026/014104", "correlationVector":"utkT9mJQ9fUMBTrvzHfiIL","action":"Normal GetUpdate request", "result":"", "context":cV=utkT9mJQ9fUMBTrvzHfiIL
Notified types: Preferences}
{"logTime": "1026/014104", "correlationVector":"utkT9mJQ9fUMBTrvzHfiIL.1","action":"SyncServerConnectionManagerRequest", "result":"SYNC_SERVER_OK", "context":{"environment":"Prod_southeastasia_prod-s01-064-apac-southeastasia", "migrationStage":"NotStarted", "server":"akswtt10600000g"}}
{"logTime": "1026/014104", "correlationVector":"utkT9mJQ9fUMBTrvzHfiIL.2","action":"ProcessGetUpdates", "result":"Done", "context":{"dataType":"Preferences", "deleted":"0", "process_failed_to_decrypt":"0", "process_pending_decryption":"0", "process_success":"1", "total":"1"}}
{"logTime": "1026/014104", "correlationVector":"utkT9mJQ9fUMBTrvzHfiIL.3","action":"ProcessGetUpdates", "result":"Done", "context":{"dataType":"Sessions", "deleted":"0", "process_failed_to_decrypt":"0", "process_pending_decryption":"0", "process_success":"1", "total":"1"}}
{"logTime": "1026/014104", "correlationVector":"utkT9mJQ9fUMBTrvzHfiIL.4","action":"GetUpdates Response", "result":"Success", "context":Received 2 update(s). cV=utkT9mJQ9fUMBTrvzHfiIL.0;server=akswtt10600000g;cloudType=Consumer;environment=Prod_southeastasia_prod-s01-064-apac-southeastasia;migrationStage=NotStarted}
{"logTime": "1026/015859", "correlationVector":"xRsJ5f1a1xZ1cu3xgGaRN9.1","action":"SyncServerConnectionManagerRequest", "result":"SYNC_SERVER_OK", "context":{"environment":"Prod_southeastasia_prod-s01-064-apac-southeastasia", "migrationStage":"NotStarted", "server":"akswtt10600000f"}}
{"logTime": "1026/015859", "correlationVector":"xRsJ5f1a1xZ1cu3xgGaRN9.2","action":"ProcessGetUpdates", "result":"Done", "context":{"dataType":"Encryption Keys", "deleted":"0", "process_failed_to_decrypt":"0", "process_pending_decryption":"0", "process_success":"1", "total":"1"}}
{"logTime": "1026/015900", "correlationVector":"cttA5279GjcpmwegK25Dr1","action":"SyncServerConnectionManagerRequest", "result":"SYNC_SERVER_OK", "context":{"environment":"", "migrationStage":"", "server":""}}
{"logTime": "1026/015900", "correlationVector":"cttA5279GjcpmwegK25Dr1.0","action":"EncryptionKeysFetcher.DownloadKeys:", "result":"Success", "context":Key count: 9, Last key timestamp: 2025-06-16T00:06:30Z}
{"logTime": "1026/015900", "correlationVector":"cttA5279GjcpmwegK25Dr1.1","action":"EncryptionKeysManager::SetEncryptionKeys:", "result":"Success", "context":Key names[9]:[+gwHMoK2bNXg4+fixMz0i1ZWQsrjnwhKWKjeTnchrZ4k7VvqGHnLRJd2JJGPbRvNYN2t0CdChCpyp1jNuY+jPg==][Pfd9c8V+3bo3Rz99UM5lJkAAiea4yZyH3XfhpQ/jp8ZAWVMHQOIQKOPMcQuat8bvLIRWrOH+gejPzDaW5268sQ==][JF+P8Csv5u1ApGzk99XaXWh4ep52PkfoP4JAdyXEi3e4A3CNAGK7C9H52xptPaC8cX05TOrbi9oqH5HiNc/rAA==][bAY3SsDl+l6GxVwHwJbo7YHBA8J1jpKjJ3zh9ODybnERkkSS+5nWi5pzUJ/eCsWLwjJYCRQ1HgRgx1X3tThkzg==][4wKeeFDQd406scvAnlL1XMisRHFfyRUKAFAyeiAKdN1XdI+0yFqBO+LobqmYdJzGpE3n/qjXy8qup97GewSF/w==][ahuZLybFlw1dtT0ouEaxrB3At5JC3XWfPnGiayVtjmMhsErQ3eDoAT9IP8g/CkrOkxC+uOwMNZyRJ4G5yu8AaQ==][eBVucg+lH4YtqVb4xfmm4I9+3RGQd0WnJ2sUzxDQXy81gCkbjhSChCZrSy/CmrisECGr5NuYhsnZr0Cgs0WC/g==][1SC1jva1fVWU/9Gb/nek7WGTvOlro82HvQ2GDPQrtG+7KkD1dpA4MMYNHvvqj8LcmY4z6JauN5AWpts3X/wQPg==][1Uc8z/BheJxHE2z6nZ6vTycbWzGOqrMEf5dNAkyRibEDfoNENqC8Qz3PESc2UChy1bGH3E4CUr/FHvrxNSx0bQ==]}
{"logTime": "1026/015900", "correlationVector":"cttA5279GjcpmwegK25Dr1.2","action":"EncryptionKeysManager::SetEncryptionKeysWithTimestamps:", "result":"Success", "context":Key timestamps[9]:[2020-07-21T13:36:01Z][2021-03-27T06:17:49Z][2022-02-10T20:57:21Z][2023-01-20T11:14:07Z][2023-07-27T01:05:02Z][2024-02-01T12:27:16Z][2024-08-01T22:09:19Z][2025-02-25T23:29:52Z][2025-06-16T00:06:30Z]}
{"logTime": "1026/015900", "correlationVector":"xRsJ5f1a1xZ1cu3xgGaRN9","action":"Initial GetUpdates", "result":"", "context":Reason: NEW_CLIENT. cV=xRsJ5f1a1xZ1cu3xgGaRN9}
{"logTime": "1026/015900", "correlationVector":"xRsJ5f1a1xZ1cu3xgGaRN9.3","action":"GetUpdates Response", "result":"Success", "context":Received 1 update(s). cV=xRsJ5f1a1xZ1cu3xgGaRN9.0;server=akswtt10600000f;cloudType=Consumer;environment=Prod_southeastasia_prod-s01-064-apac-southeastasia;migrationStage=NotStarted}
{"logTime": "1026/015900", "correlationVector":"5L3vDZ37QRgj3GkJp8krKr","action":"Initial GetUpdates", "result":"", "context":Reason: NEWLY_SUPPORTED_DATATYPE. cV=5L3vDZ37QRgj3GkJp8krKr}
{"logTime": "1026/015900", "correlationVector":"5L3vDZ37QRgj3GkJp8krKr.1","action":"SyncServerConnectionManagerRequest", "result":"SYNC_SERVER_OK", "context":{"environment":"Prod_southeastasia_prod-s01-064-apac-southeastasia", "migrationStage":"NotStarted", "server":"akswtt106000005"}}
{"logTime": "1026/015900", "correlationVector":"5L3vDZ37QRgj3GkJp8krKr.2","action":"ProcessGetUpdates", "result":"Done", "context":{"dataType":"Passwords", "deleted":"2", "process_failed_to_decrypt":"0", "process_pending_decryption":"0", "process_success":"88", "total":"88"}}
{"logTime": "1026/015900", "correlationVector":"5L3vDZ37QRgj3GkJp8krKr.3","action":"GetUpdates Response", "result":"Success", "context":Received 88 update(s). cV=5L3vDZ37QRgj3GkJp8krKr.0;server=akswtt106000005;cloudType=Consumer;environment=Prod_southeastasia_prod-s01-064-apac-southeastasia;migrationStage=NotStarted}
{"logTime": "1026/015900", "correlationVector":"o/Sh8BKi+GsTVIPtN2i4rw","action":"Normal GetUpdate request", "result":"", "context":cV=o/Sh8BKi+GsTVIPtN2i4rw
Nudged types: Sessions, History
Refresh requested types: Bookmarks, Preferences, Passwords, Autofill Profiles, Autofill, Extensions, Sessions, Extension settings, History Delete Directives, Device Info, User Consents, Send Tab To Self, Web Apps, History, Saved Tab Group, WebAuthn Credentials, Collection, Edge E Drop, Edge Hub App Usage, Edge Wallet, Encryption Keys}
{"logTime": "1026/015901", "correlationVector":"o/Sh8BKi+GsTVIPtN2i4rw.1","action":"SyncServerConnectionManagerRequest", "result":"SYNC_SERVER_OK", "context":{"environment":"Prod_southeastasia_prod-s01-064-apac-southeastasia", "migrationStage":"NotStarted", "server":"akswtt10600000k"}}
{"logTime": "1026/015901", "correlationVector":"o/Sh8BKi+GsTVIPtN2i4rw.2","action":"GetUpdates Response", "result":"Success", "context":Received 0 update(s). cV=o/Sh8BKi+GsTVIPtN2i4rw.0;server=akswtt10600000k;cloudType=Consumer;environment=Prod_southeastasia_prod-s01-064-apac-southeastasia;migrationStage=NotStarted}
{"logTime": "1026/015910", "correlationVector":"/r7GqOUKEilCOs9RWTgjoX","action":"Commit Request", "result":"", "context":Item count: 5
Contributing types: Sessions, History}
{"logTime": "1026/015911", "correlationVector":"/r7GqOUKEilCOs9RWTgjoX.1","action":"SyncServerConnectionManagerRequest", "result":"SYNC_SERVER_OK", "context":{"environment":"Prod_southeastasia_prod-s01-064-apac-southeastasia", "migrationStage":"NotStarted", "server":"akswtt10600000g"}}
{"logTime": "1026/015911", "correlationVector":"/r7GqOUKEilCOs9RWTgjoX.3","action":"Commit.Sessions", "result":"Success", "context":{"id":"c20a3d4c-6ab0-4806-988d-b80381f0fa26", "isDeleted":"true", "size":"0", "version":"1761442848195"}}
{"logTime": "1026/015911", "correlationVector":"/r7GqOUKEilCOs9RWTgjoX.2","action":"Commit Response", "result":"Success", "context":Result: Success. cV=/r7GqOUKEilCOs9RWTgjoX.0;server=akswtt10600000g;cloudType=Consumer;environment=Prod_southeastasia_prod-s01-064-apac-southeastasia;migrationStage=NotStarted}
{"logTime": "1026/015917", "correlationVector":"/NBvgqg0hXyumFMrCAyxNA","action":"Commit Request", "result":"", "context":Item count: 40
Contributing types: Passwords}
{"logTime": "1026/015920", "correlationVector":"/NBvgqg0hXyumFMrCAyxNA.1","action":"SyncServerConnectionManagerRequest", "result":"SYNC_SERVER_OK", "context":{"environment":"Prod_southeastasia_prod-s01-064-apac-southeastasia", "migrationStage":"NotStarted", "server":"akswtt10600000g"}}
{"logTime": "1026/015920", "correlationVector":"/NBvgqg0hXyumFMrCAyxNA.2","action":"Commit Response", "result":"Success", "context":Result: Success. cV=/NBvgqg0hXyumFMrCAyxNA.0;server=akswtt10600000g;cloudType=Consumer;environment=Prod_southeastasia_prod-s01-064-apac-southeastasia;migrationStage=NotStarted}
{"logTime": "1026/015920", "correlationVector":"ky5nr44/KoyU/kmc6wN1sx","action":"Commit Request", "result":"", "context":Item count: 15
Contributing types: Preferences, Passwords, Sessions, History}
{"logTime": "1026/015921", "correlationVector":"ky5nr44/KoyU/kmc6wN1sx.1","action":"SyncServerConnectionManagerRequest", "result":"SYNC_SERVER_OK", "context":{"environment":"Prod_southeastasia_prod-s01-064-apac-southeastasia", "migrationStage":"NotStarted", "server":"akswtt106000000"}}
{"logTime": "1026/015921", "correlationVector":"ky5nr44/KoyU/kmc6wN1sx.2","action":"Commit Response", "result":"Success", "context":Result: Success. cV=ky5nr44/KoyU/kmc6wN1sx.0;server=akswtt106000000;cloudType=Consumer;environment=Prod_southeastasia_prod-s01-064-apac-southeastasia;migrationStage=NotStarted}
