{"logTime": "1016/000519", "correlationVector":"BnxMfmVt5qdAg4hvJ/xsIZ.1","action":"SyncServerConnectionManagerRequest", "result":"SYNC_SERVER_OK", "context":{"environment":"Prod_southeastasia_prod-s01-064-apac-southeastasia", "migrationStage":"NotStarted", "server":"akswtt104000010"}}
{"logTime": "1016/000519", "correlationVector":"BnxMfmVt5qdAg4hvJ/xsIZ.2","action":"ProcessGetUpdates", "result":"Done", "context":{"dataType":"Encryption Keys", "deleted":"0", "process_failed_to_decrypt":"0", "process_pending_decryption":"0", "process_success":"1", "total":"1"}}
{"logTime": "1016/000520", "correlationVector":"tFuhMGSOLSvVaphgWuSrwk","action":"SyncServerConnectionManagerRequest", "result":"SYNC_SERVER_OK", "context":{"environment":"", "migrationStage":"", "server":""}}
{"logTime": "1016/000520", "correlationVector":"tFuhMGSOLSvVaphgWuSrwk.0","action":"EncryptionKeysFetcher.DownloadKeys:", "result":"Success", "context":Key count: 9, Last key timestamp: 2025-06-16T00:06:30Z}
{"logTime": "1016/000520", "correlationVector":"tFuhMGSOLSvVaphgWuSrwk.1","action":"EncryptionKeysManager::SetEncryptionKeys:", "result":"Success", "context":Key names[9]:[+gwHMoK2bNXg4+fixMz0i1ZWQsrjnwhKWKjeTnchrZ4k7VvqGHnLRJd2JJGPbRvNYN2t0CdChCpyp1jNuY+jPg==][Pfd9c8V+3bo3Rz99UM5lJkAAiea4yZyH3XfhpQ/jp8ZAWVMHQOIQKOPMcQuat8bvLIRWrOH+gejPzDaW5268sQ==][JF+P8Csv5u1ApGzk99XaXWh4ep52PkfoP4JAdyXEi3e4A3CNAGK7C9H52xptPaC8cX05TOrbi9oqH5HiNc/rAA==][bAY3SsDl+l6GxVwHwJbo7YHBA8J1jpKjJ3zh9ODybnERkkSS+5nWi5pzUJ/eCsWLwjJYCRQ1HgRgx1X3tThkzg==][4wKeeFDQd406scvAnlL1XMisRHFfyRUKAFAyeiAKdN1XdI+0yFqBO+LobqmYdJzGpE3n/qjXy8qup97GewSF/w==][ahuZLybFlw1dtT0ouEaxrB3At5JC3XWfPnGiayVtjmMhsErQ3eDoAT9IP8g/CkrOkxC+uOwMNZyRJ4G5yu8AaQ==][eBVucg+lH4YtqVb4xfmm4I9+3RGQd0WnJ2sUzxDQXy81gCkbjhSChCZrSy/CmrisECGr5NuYhsnZr0Cgs0WC/g==][1SC1jva1fVWU/9Gb/nek7WGTvOlro82HvQ2GDPQrtG+7KkD1dpA4MMYNHvvqj8LcmY4z6JauN5AWpts3X/wQPg==][1Uc8z/BheJxHE2z6nZ6vTycbWzGOqrMEf5dNAkyRibEDfoNENqC8Qz3PESc2UChy1bGH3E4CUr/FHvrxNSx0bQ==]}
{"logTime": "1016/000520", "correlationVector":"tFuhMGSOLSvVaphgWuSrwk.2","action":"EncryptionKeysManager::SetEncryptionKeysWithTimestamps:", "result":"Success", "context":Key timestamps[9]:[2020-07-21T13:36:01Z][2021-03-27T06:17:49Z][2022-02-10T20:57:21Z][2023-01-20T11:14:07Z][2023-07-27T01:05:02Z][2024-02-01T12:27:16Z][2024-08-01T22:09:19Z][2025-02-25T23:29:52Z][2025-06-16T00:06:30Z]}
{"logTime": "1016/000520", "correlationVector":"BnxMfmVt5qdAg4hvJ/xsIZ","action":"Initial GetUpdates", "result":"", "context":Reason: NEW_CLIENT. cV=BnxMfmVt5qdAg4hvJ/xsIZ}
{"logTime": "1016/000520", "correlationVector":"BnxMfmVt5qdAg4hvJ/xsIZ.3","action":"GetUpdates Response", "result":"Success", "context":Received 1 update(s). cV=BnxMfmVt5qdAg4hvJ/xsIZ.0;server=akswtt104000010;cloudType=Consumer;environment=Prod_southeastasia_prod-s01-064-apac-southeastasia;migrationStage=NotStarted}
{"logTime": "1016/000520", "correlationVector":"7z395pIBQzy9aA4q+1+SOQ","action":"Initial GetUpdates", "result":"", "context":Reason: NEWLY_SUPPORTED_DATATYPE. cV=7z395pIBQzy9aA4q+1+SOQ}
{"logTime": "1016/000521", "correlationVector":"7z395pIBQzy9aA4q+1+SOQ.1","action":"SyncServerConnectionManagerRequest", "result":"SYNC_SERVER_OK", "context":{"environment":"Prod_southeastasia_prod-s01-064-apac-southeastasia", "migrationStage":"NotStarted", "server":"akswtt10400000r"}}
{"logTime": "1016/000521", "correlationVector":"7z395pIBQzy9aA4q+1+SOQ.2","action":"ProcessGetUpdates", "result":"Done", "context":{"dataType":"Preferences", "deleted":"0", "process_failed_to_decrypt":"0", "process_pending_decryption":"0", "process_success":"89", "total":"89"}}
{"logTime": "1016/000521", "correlationVector":"7z395pIBQzy9aA4q+1+SOQ.3","action":"ProcessGetUpdates", "result":"Done", "context":{"dataType":"Passwords", "deleted":"2", "process_failed_to_decrypt":"0", "process_pending_decryption":"0", "process_success":"87", "total":"87"}}
{"logTime": "1016/000521", "correlationVector":"7z395pIBQzy9aA4q+1+SOQ.4","action":"ProcessGetUpdates", "result":"Done", "context":{"dataType":"Device Info", "deleted":"0", "process_failed_to_decrypt":"0", "process_pending_decryption":"0", "process_success":"5", "total":"5"}}
{"logTime": "1016/000521", "correlationVector":"7z395pIBQzy9aA4q+1+SOQ.5","action":"GetUpdates Response", "result":"Success", "context":Received 181 update(s). cV=7z395pIBQzy9aA4q+1+SOQ.0;server=akswtt10400000r;cloudType=Consumer;environment=Prod_southeastasia_prod-s01-064-apac-southeastasia;migrationStage=NotStarted}
{"logTime": "1016/000521", "correlationVector":"YSYFFzVmMyAD1RxHkjhLlO","action":"Initial GetUpdates", "result":"", "context":Reason: NEWLY_SUPPORTED_DATATYPE. cV=YSYFFzVmMyAD1RxHkjhLlO}
{"logTime": "1016/000522", "correlationVector":"YSYFFzVmMyAD1RxHkjhLlO.1","action":"SyncServerConnectionManagerRequest", "result":"SYNC_SERVER_OK", "context":{"environment":"Prod_southeastasia_prod-s01-064-apac-southeastasia", "migrationStage":"NotStarted", "server":"akswtt10400000r"}}
{"logTime": "1016/000522", "correlationVector":"YSYFFzVmMyAD1RxHkjhLlO.2","action":"ProcessGetUpdates", "result":"Done", "context":{"dataType":"Bookmarks", "deleted":"1", "process_failed_to_decrypt":"0", "process_pending_decryption":"0", "process_success":"22", "total":"22"}}
{"logTime": "1016/000522", "correlationVector":"YSYFFzVmMyAD1RxHkjhLlO.3","action":"GetUpdates Response", "result":"Success", "context":Received 22 update(s). cV=YSYFFzVmMyAD1RxHkjhLlO.0;server=akswtt10400000r;cloudType=Consumer;environment=Prod_southeastasia_prod-s01-064-apac-southeastasia;migrationStage=NotStarted}
{"logTime": "1016/000522", "correlationVector":"1DR1+lLJLDNMVmEVvdRlzQ","action":"Initial GetUpdates", "result":"", "context":Reason: NEWLY_SUPPORTED_DATATYPE. cV=1DR1+lLJLDNMVmEVvdRlzQ}
{"logTime": "1016/000523", "correlationVector":"1DR1+lLJLDNMVmEVvdRlzQ.1","action":"SyncServerConnectionManagerRequest", "result":"SYNC_SERVER_OK", "context":{"environment":"Prod_southeastasia_prod-s01-064-apac-southeastasia", "migrationStage":"NotStarted", "server":"akswtt10400000w"}}
{"logTime": "1016/000523", "correlationVector":"1DR1+lLJLDNMVmEVvdRlzQ.2","action":"ProcessGetUpdates", "result":"Done", "context":{"dataType":"Autofill Profiles", "deleted":"0", "process_failed_to_decrypt":"0", "process_pending_decryption":"0", "process_success":"32", "total":"32"}}
{"logTime": "1016/000523", "correlationVector":"1DR1+lLJLDNMVmEVvdRlzQ.3","action":"ProcessGetUpdates", "result":"Done", "context":{"dataType":"Autofill", "deleted":"0", "process_failed_to_decrypt":"0", "process_pending_decryption":"0", "process_success":"164", "total":"164"}}
{"logTime": "1016/000523", "correlationVector":"1DR1+lLJLDNMVmEVvdRlzQ.4","action":"ProcessGetUpdates", "result":"Done", "context":{"dataType":"Extensions", "deleted":"0", "process_failed_to_decrypt":"0", "process_pending_decryption":"0", "process_success":"1", "total":"1"}}
{"logTime": "1016/000523", "correlationVector":"1DR1+lLJLDNMVmEVvdRlzQ.5","action":"ProcessGetUpdates", "result":"Done", "context":{"dataType":"Sessions", "deleted":"47", "process_failed_to_decrypt":"0", "process_pending_decryption":"0", "process_success":"47", "total":"47"}}
{"logTime": "1016/000523", "correlationVector":"1DR1+lLJLDNMVmEVvdRlzQ.6","action":"ProcessGetUpdates", "result":"Done", "context":{"dataType":"Extension settings", "deleted":"0", "process_failed_to_decrypt":"0", "process_pending_decryption":"0", "process_success":"1", "total":"1"}}
{"logTime": "1016/000523", "correlationVector":"1DR1+lLJLDNMVmEVvdRlzQ.7","action":"ProcessGetUpdates", "result":"Done", "context":{"dataType":"Saved Tab Group", "deleted":"3", "process_failed_to_decrypt":"0", "process_pending_decryption":"0", "process_success":"3", "total":"3"}}
{"logTime": "1016/000523", "correlationVector":"1DR1+lLJLDNMVmEVvdRlzQ.8","action":"ProcessGetUpdates", "result":"Done", "context":{"dataType":"Edge Hub App Usage", "deleted":"1", "process_failed_to_decrypt":"0", "process_pending_decryption":"0", "process_success":"2", "total":"2"}}
{"logTime": "1016/000523", "correlationVector":"1DR1+lLJLDNMVmEVvdRlzQ.9","action":"GetUpdates Response", "result":"Success", "context":Received 250 update(s). cV=1DR1+lLJLDNMVmEVvdRlzQ.0;server=akswtt10400000w;cloudType=Consumer;environment=Prod_southeastasia_prod-s01-064-apac-southeastasia;migrationStage=NotStarted Some updates remain.}
{"logTime": "1016/000523", "correlationVector":"3HSTGTObpAmWs8z5gh+L5U","action":"Initial GetUpdates", "result":"", "context":Reason: NEWLY_SUPPORTED_DATATYPE. cV=3HSTGTObpAmWs8z5gh+L5U}
{"logTime": "1016/000523", "correlationVector":"3HSTGTObpAmWs8z5gh+L5U.1","action":"SyncServerConnectionManagerRequest", "result":"SYNC_SERVER_OK", "context":{"environment":"Prod_southeastasia_prod-s01-064-apac-southeastasia", "migrationStage":"NotStarted", "server":"akswtt10400000v"}}
{"logTime": "1016/000523", "correlationVector":"3HSTGTObpAmWs8z5gh+L5U.2","action":"ProcessGetUpdates", "result":"Done", "context":{"dataType":"Autofill Profiles", "deleted":"0", "process_failed_to_decrypt":"0", "process_pending_decryption":"0", "process_success":"6", "total":"6"}}
{"logTime": "1016/000523", "correlationVector":"3HSTGTObpAmWs8z5gh+L5U.3","action":"ProcessGetUpdates", "result":"Done", "context":{"dataType":"Autofill", "deleted":"0", "process_failed_to_decrypt":"0", "process_pending_decryption":"0", "process_success":"24", "total":"24"}}
{"logTime": "1016/000523", "correlationVector":"3HSTGTObpAmWs8z5gh+L5U.4","action":"ProcessGetUpdates", "result":"Done", "context":{"dataType":"Extensions", "deleted":"0", "process_failed_to_decrypt":"0", "process_pending_decryption":"0", "process_success":"3", "total":"3"}}
{"logTime": "1016/000523", "correlationVector":"3HSTGTObpAmWs8z5gh+L5U.5","action":"ProcessGetUpdates", "result":"Done", "context":{"dataType":"Sessions", "deleted":"198", "process_failed_to_decrypt":"0", "process_pending_decryption":"0", "process_success":"198", "total":"198"}}
{"logTime": "1016/000523", "correlationVector":"3HSTGTObpAmWs8z5gh+L5U.6","action":"ProcessGetUpdates", "result":"Done", "context":{"dataType":"History Delete Directives", "deleted":"0", "process_failed_to_decrypt":"0", "process_pending_decryption":"0", "process_success":"9", "total":"9"}}
{"logTime": "1016/000523", "correlationVector":"3HSTGTObpAmWs8z5gh+L5U.7","action":"ProcessGetUpdates", "result":"Done", "context":{"dataType":"Edge Hub App Usage", "deleted":"3", "process_failed_to_decrypt":"0", "process_pending_decryption":"0", "process_success":"10", "total":"10"}}
{"logTime": "1016/000523", "correlationVector":"3HSTGTObpAmWs8z5gh+L5U.8","action":"GetUpdates Response", "result":"Success", "context":Received 250 update(s). cV=3HSTGTObpAmWs8z5gh+L5U.0;server=akswtt10400000v;cloudType=Consumer;environment=Prod_southeastasia_prod-s01-064-apac-southeastasia;migrationStage=NotStarted Some updates remain.}
{"logTime": "1016/000523", "correlationVector":"KdQkvA1Stwdtpaisy/z2q8","action":"Initial GetUpdates", "result":"", "context":Reason: NEWLY_SUPPORTED_DATATYPE. cV=KdQkvA1Stwdtpaisy/z2q8}
{"logTime": "1016/000524", "correlationVector":"KdQkvA1Stwdtpaisy/z2q8.1","action":"SyncServerConnectionManagerRequest", "result":"SYNC_SERVER_OK", "context":{"environment":"Prod_southeastasia_prod-s01-064-apac-southeastasia", "migrationStage":"NotStarted", "server":"akswtt10400001k"}}
{"logTime": "1016/000524", "correlationVector":"KdQkvA1Stwdtpaisy/z2q8.2","action":"ProcessGetUpdates", "result":"Done", "context":{"dataType":"Autofill Profiles", "deleted":"0", "process_failed_to_decrypt":"0", "process_pending_decryption":"0", "process_success":"1", "total":"1"}}
{"logTime": "1016/000524", "correlationVector":"KdQkvA1Stwdtpaisy/z2q8.3","action":"ProcessGetUpdates", "result":"Done", "context":{"dataType":"Autofill", "deleted":"0", "process_failed_to_decrypt":"0", "process_pending_decryption":"0", "process_success":"11", "total":"11"}}
{"logTime": "1016/000524", "correlationVector":"KdQkvA1Stwdtpaisy/z2q8.4","action":"ProcessGetUpdates", "result":"Done", "context":{"dataType":"Extensions", "deleted":"0", "process_failed_to_decrypt":"0", "process_pending_decryption":"0", "process_success":"1", "total":"1"}}
{"logTime": "1016/000524", "correlationVector":"KdQkvA1Stwdtpaisy/z2q8.5","action":"ProcessGetUpdates", "result":"Done", "context":{"dataType":"Sessions", "deleted":"73", "process_failed_to_decrypt":"0", "process_pending_decryption":"0", "process_success":"83", "total":"83"}}
{"logTime": "1016/000524", "correlationVector":"KdQkvA1Stwdtpaisy/z2q8.6","action":"ProcessGetUpdates", "result":"Done", "context":{"dataType":"Edge Hub App Usage", "deleted":"4", "process_failed_to_decrypt":"0", "process_pending_decryption":"0", "process_success":"4", "total":"4"}}
{"logTime": "1016/000524", "correlationVector":"KdQkvA1Stwdtpaisy/z2q8.7","action":"GetUpdates Response", "result":"Success", "context":Received 100 update(s). cV=KdQkvA1Stwdtpaisy/z2q8.0;server=akswtt10400001k;cloudType=Consumer;environment=Prod_southeastasia_prod-s01-064-apac-southeastasia;migrationStage=NotStarted}
{"logTime": "1016/000524", "correlationVector":"KM08YRFP+JJVm+aqrjsxGC","action":"Initial GetUpdates", "result":"", "context":Reason: NEWLY_SUPPORTED_DATATYPE. cV=KM08YRFP+JJVm+aqrjsxGC}
{"logTime": "1016/000525", "correlationVector":"KM08YRFP+JJVm+aqrjsxGC.1","action":"SyncServerConnectionManagerRequest", "result":"SYNC_SERVER_OK", "context":{"environment":"Prod_southeastasia_prod-s01-064-apac-southeastasia", "migrationStage":"NotStarted", "server":"akswtt10400000q"}}
{"logTime": "1016/000525", "correlationVector":"KM08YRFP+JJVm+aqrjsxGC.2","action":"ProcessGetUpdates", "result":"Done", "context":{"dataType":"History", "deleted":"0", "process_failed_to_decrypt":"0", "process_pending_decryption":"0", "process_success":"250", "total":"250"}}
{"logTime": "1016/000525", "correlationVector":"KM08YRFP+JJVm+aqrjsxGC.3","action":"GetUpdates Response", "result":"Success", "context":Received 250 update(s). cV=KM08YRFP+JJVm+aqrjsxGC.0;server=akswtt10400000q;cloudType=Consumer;environment=Prod_southeastasia_prod-s01-064-apac-southeastasia;migrationStage=NotStarted Some updates remain.}
{"logTime": "1016/000525", "correlationVector":"pm3JAJ8vV2as5xYc6w7UOH","action":"Initial GetUpdates", "result":"", "context":Reason: NEWLY_SUPPORTED_DATATYPE. cV=pm3JAJ8vV2as5xYc6w7UOH}
{"logTime": "1016/000525", "correlationVector":"pm3JAJ8vV2as5xYc6w7UOH.1","action":"SyncServerConnectionManagerRequest", "result":"SYNC_SERVER_OK", "context":{"environment":"Prod_southeastasia_prod-s01-064-apac-southeastasia", "migrationStage":"NotStarted", "server":"akswtt10400000u"}}
{"logTime": "1016/000525", "correlationVector":"pm3JAJ8vV2as5xYc6w7UOH.2","action":"ProcessGetUpdates", "result":"Done", "context":{"dataType":"History", "deleted":"0", "process_failed_to_decrypt":"0", "process_pending_decryption":"0", "process_success":"250", "total":"250"}}
{"logTime": "1016/000525", "correlationVector":"pm3JAJ8vV2as5xYc6w7UOH.3","action":"GetUpdates Response", "result":"Success", "context":Received 250 update(s). cV=pm3JAJ8vV2as5xYc6w7UOH.0;server=akswtt10400000u;cloudType=Consumer;environment=Prod_southeastasia_prod-s01-064-apac-southeastasia;migrationStage=NotStarted Some updates remain.}
{"logTime": "1016/000525", "correlationVector":"NuZj0fRJgGSj4QlObT/QOI","action":"Initial GetUpdates", "result":"", "context":Reason: NEWLY_SUPPORTED_DATATYPE. cV=NuZj0fRJgGSj4QlObT/QOI}
{"logTime": "1016/000527", "correlationVector":"NuZj0fRJgGSj4QlObT/QOI.1","action":"SyncServerConnectionManagerRequest", "result":"SYNC_SERVER_OK", "context":{"environment":"Prod_southeastasia_prod-s01-064-apac-southeastasia", "migrationStage":"NotStarted", "server":"akswtt104000010"}}
{"logTime": "1016/000527", "correlationVector":"NuZj0fRJgGSj4QlObT/QOI.2","action":"ProcessGetUpdates", "result":"Done", "context":{"dataType":"History", "deleted":"0", "process_failed_to_decrypt":"0", "process_pending_decryption":"0", "process_success":"250", "total":"250"}}
{"logTime": "1016/000527", "correlationVector":"NuZj0fRJgGSj4QlObT/QOI.3","action":"GetUpdates Response", "result":"Success", "context":Received 250 update(s). cV=NuZj0fRJgGSj4QlObT/QOI.0;server=akswtt104000010;cloudType=Consumer;environment=Prod_southeastasia_prod-s01-064-apac-southeastasia;migrationStage=NotStarted Some updates remain.}
{"logTime": "1016/000527", "correlationVector":"XbGogtAGfhjDrAOa8N/h24","action":"Initial GetUpdates", "result":"", "context":Reason: NEWLY_SUPPORTED_DATATYPE. cV=XbGogtAGfhjDrAOa8N/h24}
{"logTime": "1016/000528", "correlationVector":"XbGogtAGfhjDrAOa8N/h24.1","action":"SyncServerConnectionManagerRequest", "result":"SYNC_SERVER_OK", "context":{"environment":"Prod_southeastasia_prod-s01-064-apac-southeastasia", "migrationStage":"NotStarted", "server":"akswtt104000017"}}
{"logTime": "1016/000528", "correlationVector":"XbGogtAGfhjDrAOa8N/h24.2","action":"ProcessGetUpdates", "result":"Done", "context":{"dataType":"History", "deleted":"0", "process_failed_to_decrypt":"0", "process_pending_decryption":"0", "process_success":"250", "total":"250"}}
{"logTime": "1016/000528", "correlationVector":"XbGogtAGfhjDrAOa8N/h24.3","action":"GetUpdates Response", "result":"Success", "context":Received 250 update(s). cV=XbGogtAGfhjDrAOa8N/h24.0;server=akswtt104000017;cloudType=Consumer;environment=Prod_southeastasia_prod-s01-064-apac-southeastasia;migrationStage=NotStarted Some updates remain.}
{"logTime": "1016/000528", "correlationVector":"OVqlxlapoyUG5mfdcuX3aJ","action":"Initial GetUpdates", "result":"", "context":Reason: NEWLY_SUPPORTED_DATATYPE. cV=OVqlxlapoyUG5mfdcuX3aJ}
{"logTime": "1016/000528", "correlationVector":"OVqlxlapoyUG5mfdcuX3aJ.1","action":"SyncServerConnectionManagerRequest", "result":"SYNC_SERVER_OK", "context":{"environment":"Prod_southeastasia_prod-s01-064-apac-southeastasia", "migrationStage":"NotStarted", "server":"akswtt104000015"}}
{"logTime": "1016/000528", "correlationVector":"OVqlxlapoyUG5mfdcuX3aJ.2","action":"ProcessGetUpdates", "result":"Done", "context":{"dataType":"History", "deleted":"0", "process_failed_to_decrypt":"0", "process_pending_decryption":"0", "process_success":"250", "total":"250"}}
{"logTime": "1016/000528", "correlationVector":"OVqlxlapoyUG5mfdcuX3aJ.3","action":"GetUpdates Response", "result":"Success", "context":Received 250 update(s). cV=OVqlxlapoyUG5mfdcuX3aJ.0;server=akswtt104000015;cloudType=Consumer;environment=Prod_southeastasia_prod-s01-064-apac-southeastasia;migrationStage=NotStarted Some updates remain.}
{"logTime": "1016/000528", "correlationVector":"i0b67jNMcbrHmV7fXfi/N5","action":"Initial GetUpdates", "result":"", "context":Reason: NEWLY_SUPPORTED_DATATYPE. cV=i0b67jNMcbrHmV7fXfi/N5}
{"logTime": "1016/000529", "correlationVector":"i0b67jNMcbrHmV7fXfi/N5.1","action":"SyncServerConnectionManagerRequest", "result":"SYNC_SERVER_OK", "context":{"environment":"Prod_southeastasia_prod-s01-064-apac-southeastasia", "migrationStage":"NotStarted", "server":"akswtt10400000m"}}
{"logTime": "1016/000529", "correlationVector":"i0b67jNMcbrHmV7fXfi/N5.2","action":"ProcessGetUpdates", "result":"Done", "context":{"dataType":"History", "deleted":"0", "process_failed_to_decrypt":"0", "process_pending_decryption":"0", "process_success":"250", "total":"250"}}
{"logTime": "1016/000529", "correlationVector":"i0b67jNMcbrHmV7fXfi/N5.3","action":"GetUpdates Response", "result":"Success", "context":Received 250 update(s). cV=i0b67jNMcbrHmV7fXfi/N5.0;server=akswtt10400000m;cloudType=Consumer;environment=Prod_southeastasia_prod-s01-064-apac-southeastasia;migrationStage=NotStarted Some updates remain.}
{"logTime": "1016/000529", "correlationVector":"SqZfzScNB/8nijMTEeuJVG","action":"Initial GetUpdates", "result":"", "context":Reason: NEWLY_SUPPORTED_DATATYPE. cV=SqZfzScNB/8nijMTEeuJVG}
{"logTime": "1016/000530", "correlationVector":"SqZfzScNB/8nijMTEeuJVG.1","action":"SyncServerConnectionManagerRequest", "result":"SYNC_SERVER_OK", "context":{"environment":"Prod_southeastasia_prod-s01-064-apac-southeastasia", "migrationStage":"NotStarted", "server":"akswtt10400000m"}}
{"logTime": "1016/000531", "correlationVector":"SqZfzScNB/8nijMTEeuJVG.2","action":"ProcessGetUpdates", "result":"Done", "context":{"dataType":"History", "deleted":"0", "process_failed_to_decrypt":"0", "process_pending_decryption":"0", "process_success":"250", "total":"250"}}
{"logTime": "1016/000531", "correlationVector":"SqZfzScNB/8nijMTEeuJVG.3","action":"GetUpdates Response", "result":"Success", "context":Received 250 update(s). cV=SqZfzScNB/8nijMTEeuJVG.0;server=akswtt10400000m;cloudType=Consumer;environment=Prod_southeastasia_prod-s01-064-apac-southeastasia;migrationStage=NotStarted Some updates remain.}
{"logTime": "1016/000531", "correlationVector":"wldUyHzLR0JOJFLhfjgVbB","action":"Initial GetUpdates", "result":"", "context":Reason: NEWLY_SUPPORTED_DATATYPE. cV=wldUyHzLR0JOJFLhfjgVbB}
{"logTime": "1016/000531", "correlationVector":"wldUyHzLR0JOJFLhfjgVbB.1","action":"SyncServerConnectionManagerRequest", "result":"SYNC_SERVER_OK", "context":{"environment":"Prod_southeastasia_prod-s01-064-apac-southeastasia", "migrationStage":"NotStarted", "server":"akswtt10400001k"}}
{"logTime": "1016/000531", "correlationVector":"wldUyHzLR0JOJFLhfjgVbB.2","action":"ProcessGetUpdates", "result":"Done", "context":{"dataType":"History", "deleted":"0", "process_failed_to_decrypt":"0", "process_pending_decryption":"0", "process_success":"250", "total":"250"}}
{"logTime": "1016/000531", "correlationVector":"wldUyHzLR0JOJFLhfjgVbB.3","action":"GetUpdates Response", "result":"Success", "context":Received 250 update(s). cV=wldUyHzLR0JOJFLhfjgVbB.0;server=akswtt10400001k;cloudType=Consumer;environment=Prod_southeastasia_prod-s01-064-apac-southeastasia;migrationStage=NotStarted Some updates remain.}
{"logTime": "1016/000531", "correlationVector":"Q1UuI0EM55TF+tYSUJ5rhg","action":"Initial GetUpdates", "result":"", "context":Reason: NEWLY_SUPPORTED_DATATYPE. cV=Q1UuI0EM55TF+tYSUJ5rhg}
{"logTime": "1016/000532", "correlationVector":"Q1UuI0EM55TF+tYSUJ5rhg.1","action":"SyncServerConnectionManagerRequest", "result":"SYNC_SERVER_OK", "context":{"environment":"Prod_southeastasia_prod-s01-064-apac-southeastasia", "migrationStage":"NotStarted", "server":"akswtt10400000q"}}
{"logTime": "1016/000532", "correlationVector":"Q1UuI0EM55TF+tYSUJ5rhg.2","action":"ProcessGetUpdates", "result":"Done", "context":{"dataType":"History", "deleted":"0", "process_failed_to_decrypt":"0", "process_pending_decryption":"0", "process_success":"250", "total":"250"}}
{"logTime": "1016/000532", "correlationVector":"Q1UuI0EM55TF+tYSUJ5rhg.3","action":"GetUpdates Response", "result":"Success", "context":Received 250 update(s). cV=Q1UuI0EM55TF+tYSUJ5rhg.0;server=akswtt10400000q;cloudType=Consumer;environment=Prod_southeastasia_prod-s01-064-apac-southeastasia;migrationStage=NotStarted Some updates remain.}
{"logTime": "1016/000532", "correlationVector":"OPhjuUHziLpLrOCbqLH4sz","action":"Initial GetUpdates", "result":"", "context":Reason: NEWLY_SUPPORTED_DATATYPE. cV=OPhjuUHziLpLrOCbqLH4sz}
{"logTime": "1016/000533", "correlationVector":"OPhjuUHziLpLrOCbqLH4sz.1","action":"SyncServerConnectionManagerRequest", "result":"SYNC_SERVER_OK", "context":{"environment":"Prod_southeastasia_prod-s01-064-apac-southeastasia", "migrationStage":"NotStarted", "server":"akswtt104000010"}}
{"logTime": "1016/000533", "correlationVector":"OPhjuUHziLpLrOCbqLH4sz.2","action":"ProcessGetUpdates", "result":"Done", "context":{"dataType":"History", "deleted":"0", "process_failed_to_decrypt":"0", "process_pending_decryption":"0", "process_success":"250", "total":"250"}}
{"logTime": "1016/000533", "correlationVector":"OPhjuUHziLpLrOCbqLH4sz.3","action":"GetUpdates Response", "result":"Success", "context":Received 250 update(s). cV=OPhjuUHziLpLrOCbqLH4sz.0;server=akswtt104000010;cloudType=Consumer;environment=Prod_southeastasia_prod-s01-064-apac-southeastasia;migrationStage=NotStarted Some updates remain.}
{"logTime": "1016/000533", "correlationVector":"OUo6jTejkd8N6v8vRQOd7M","action":"Initial GetUpdates", "result":"", "context":Reason: NEWLY_SUPPORTED_DATATYPE. cV=OUo6jTejkd8N6v8vRQOd7M}
{"logTime": "1016/000534", "correlationVector":"OUo6jTejkd8N6v8vRQOd7M.1","action":"SyncServerConnectionManagerRequest", "result":"SYNC_SERVER_OK", "context":{"environment":"Prod_southeastasia_prod-s01-064-apac-southeastasia", "migrationStage":"NotStarted", "server":"akswtt104000013"}}
{"logTime": "1016/000534", "correlationVector":"OUo6jTejkd8N6v8vRQOd7M.2","action":"ProcessGetUpdates", "result":"Done", "context":{"dataType":"History", "deleted":"0", "process_failed_to_decrypt":"0", "process_pending_decryption":"0", "process_success":"250", "total":"250"}}
{"logTime": "1016/000534", "correlationVector":"OUo6jTejkd8N6v8vRQOd7M.3","action":"GetUpdates Response", "result":"Success", "context":Received 250 update(s). cV=OUo6jTejkd8N6v8vRQOd7M.0;server=akswtt104000013;cloudType=Consumer;environment=Prod_southeastasia_prod-s01-064-apac-southeastasia;migrationStage=NotStarted Some updates remain.}
{"logTime": "1016/000534", "correlationVector":"0L23MdG2iwHbaI6BNioFTE","action":"Initial GetUpdates", "result":"", "context":Reason: NEWLY_SUPPORTED_DATATYPE. cV=0L23MdG2iwHbaI6BNioFTE}
{"logTime": "1016/000535", "correlationVector":"0L23MdG2iwHbaI6BNioFTE.1","action":"SyncServerConnectionManagerRequest", "result":"SYNC_SERVER_OK", "context":{"environment":"Prod_southeastasia_prod-s01-064-apac-southeastasia", "migrationStage":"NotStarted", "server":"akswtt10400001k"}}
{"logTime": "1016/000535", "correlationVector":"0L23MdG2iwHbaI6BNioFTE.2","action":"ProcessGetUpdates", "result":"Done", "context":{"dataType":"History", "deleted":"0", "process_failed_to_decrypt":"0", "process_pending_decryption":"0", "process_success":"250", "total":"250"}}
{"logTime": "1016/000535", "correlationVector":"0L23MdG2iwHbaI6BNioFTE.3","action":"GetUpdates Response", "result":"Success", "context":Received 250 update(s). cV=0L23MdG2iwHbaI6BNioFTE.0;server=akswtt10400001k;cloudType=Consumer;environment=Prod_southeastasia_prod-s01-064-apac-southeastasia;migrationStage=NotStarted Some updates remain.}
{"logTime": "1016/000535", "correlationVector":"kCO6kFUCB2O3f3RCIgOO6b","action":"Initial GetUpdates", "result":"", "context":Reason: NEWLY_SUPPORTED_DATATYPE. cV=kCO6kFUCB2O3f3RCIgOO6b}
{"logTime": "1016/000536", "correlationVector":"kCO6kFUCB2O3f3RCIgOO6b.1","action":"SyncServerConnectionManagerRequest", "result":"SYNC_SERVER_OK", "context":{"environment":"Prod_southeastasia_prod-s01-064-apac-southeastasia", "migrationStage":"NotStarted", "server":"akswtt104000000"}}
{"logTime": "1016/000536", "correlationVector":"kCO6kFUCB2O3f3RCIgOO6b.2","action":"ProcessGetUpdates", "result":"Done", "context":{"dataType":"History", "deleted":"0", "process_failed_to_decrypt":"0", "process_pending_decryption":"0", "process_success":"250", "total":"250"}}
{"logTime": "1016/000536", "correlationVector":"kCO6kFUCB2O3f3RCIgOO6b.3","action":"GetUpdates Response", "result":"Success", "context":Received 250 update(s). cV=kCO6kFUCB2O3f3RCIgOO6b.0;server=akswtt104000000;cloudType=Consumer;environment=Prod_southeastasia_prod-s01-064-apac-southeastasia;migrationStage=NotStarted Some updates remain.}
{"logTime": "1016/000536", "correlationVector":"ydda7s7r4M+UNnUxsIqA4+","action":"Initial GetUpdates", "result":"", "context":Reason: NEWLY_SUPPORTED_DATATYPE. cV=ydda7s7r4M+UNnUxsIqA4+}
{"logTime": "1016/000536", "correlationVector":"ydda7s7r4M+UNnUxsIqA4+.1","action":"SyncServerConnectionManagerRequest", "result":"SYNC_SERVER_OK", "context":{"environment":"Prod_southeastasia_prod-s01-064-apac-southeastasia", "migrationStage":"NotStarted", "server":"akswtt104000013"}}
{"logTime": "1016/000536", "correlationVector":"ydda7s7r4M+UNnUxsIqA4+.2","action":"ProcessGetUpdates", "result":"Done", "context":{"dataType":"History", "deleted":"0", "process_failed_to_decrypt":"0", "process_pending_decryption":"0", "process_success":"250", "total":"250"}}
{"logTime": "1016/000536", "correlationVector":"ydda7s7r4M+UNnUxsIqA4+.3","action":"GetUpdates Response", "result":"Success", "context":Received 250 update(s). cV=ydda7s7r4M+UNnUxsIqA4+.0;server=akswtt104000013;cloudType=Consumer;environment=Prod_southeastasia_prod-s01-064-apac-southeastasia;migrationStage=NotStarted Some updates remain.}
{"logTime": "1016/000536", "correlationVector":"3qqBu8mU06pUNW6h0WuvK9","action":"Initial GetUpdates", "result":"", "context":Reason: NEWLY_SUPPORTED_DATATYPE. cV=3qqBu8mU06pUNW6h0WuvK9}
{"logTime": "1016/000537", "correlationVector":"3qqBu8mU06pUNW6h0WuvK9.1","action":"SyncServerConnectionManagerRequest", "result":"SYNC_SERVER_OK", "context":{"environment":"Prod_southeastasia_prod-s01-064-apac-southeastasia", "migrationStage":"NotStarted", "server":"akswtt104000010"}}
{"logTime": "1016/000537", "correlationVector":"3qqBu8mU06pUNW6h0WuvK9.2","action":"ProcessGetUpdates", "result":"Done", "context":{"dataType":"History", "deleted":"0", "process_failed_to_decrypt":"0", "process_pending_decryption":"0", "process_success":"250", "total":"250"}}
{"logTime": "1016/000537", "correlationVector":"3qqBu8mU06pUNW6h0WuvK9.3","action":"GetUpdates Response", "result":"Success", "context":Received 250 update(s). cV=3qqBu8mU06pUNW6h0WuvK9.0;server=akswtt104000010;cloudType=Consumer;environment=Prod_southeastasia_prod-s01-064-apac-southeastasia;migrationStage=NotStarted Some updates remain.}
{"logTime": "1016/000537", "correlationVector":"yc6xD5HgDDbHfB7OsqQCQI","action":"Initial GetUpdates", "result":"", "context":Reason: NEWLY_SUPPORTED_DATATYPE. cV=yc6xD5HgDDbHfB7OsqQCQI}
{"logTime": "1016/000538", "correlationVector":"yc6xD5HgDDbHfB7OsqQCQI.1","action":"SyncServerConnectionManagerRequest", "result":"SYNC_SERVER_OK", "context":{"environment":"Prod_southeastasia_prod-s01-064-apac-southeastasia", "migrationStage":"NotStarted", "server":"akswtt104000013"}}
{"logTime": "1016/000538", "correlationVector":"yc6xD5HgDDbHfB7OsqQCQI.2","action":"ProcessGetUpdates", "result":"Done", "context":{"dataType":"History", "deleted":"0", "process_failed_to_decrypt":"0", "process_pending_decryption":"0", "process_success":"250", "total":"250"}}
{"logTime": "1016/000538", "correlationVector":"yc6xD5HgDDbHfB7OsqQCQI.3","action":"GetUpdates Response", "result":"Success", "context":Received 250 update(s). cV=yc6xD5HgDDbHfB7OsqQCQI.0;server=akswtt104000013;cloudType=Consumer;environment=Prod_southeastasia_prod-s01-064-apac-southeastasia;migrationStage=NotStarted Some updates remain.}
{"logTime": "1016/000538", "correlationVector":"cj3aT9A+YxCPtFtIUuDMuu","action":"Initial GetUpdates", "result":"", "context":Reason: NEWLY_SUPPORTED_DATATYPE. cV=cj3aT9A+YxCPtFtIUuDMuu}
{"logTime": "1016/000539", "correlationVector":"cj3aT9A+YxCPtFtIUuDMuu.1","action":"SyncServerConnectionManagerRequest", "result":"SYNC_SERVER_OK", "context":{"environment":"Prod_southeastasia_prod-s01-064-apac-southeastasia", "migrationStage":"NotStarted", "server":"akswtt10400000y"}}
{"logTime": "1016/000539", "correlationVector":"cj3aT9A+YxCPtFtIUuDMuu.2","action":"ProcessGetUpdates", "result":"Done", "context":{"dataType":"History", "deleted":"0", "process_failed_to_decrypt":"0", "process_pending_decryption":"0", "process_success":"250", "total":"250"}}
{"logTime": "1016/000539", "correlationVector":"cj3aT9A+YxCPtFtIUuDMuu.3","action":"GetUpdates Response", "result":"Success", "context":Received 250 update(s). cV=cj3aT9A+YxCPtFtIUuDMuu.0;server=akswtt10400000y;cloudType=Consumer;environment=Prod_southeastasia_prod-s01-064-apac-southeastasia;migrationStage=NotStarted Some updates remain.}
{"logTime": "1016/000539", "correlationVector":"cw1+MVSlZc8wncFm+XNZQh","action":"Initial GetUpdates", "result":"", "context":Reason: NEWLY_SUPPORTED_DATATYPE. cV=cw1+MVSlZc8wncFm+XNZQh}
{"logTime": "1016/000540", "correlationVector":"cw1+MVSlZc8wncFm+XNZQh.1","action":"SyncServerConnectionManagerRequest", "result":"SYNC_SERVER_OK", "context":{"environment":"Prod_southeastasia_prod-s01-064-apac-southeastasia", "migrationStage":"NotStarted", "server":"akswtt10400000r"}}
{"logTime": "1016/000540", "correlationVector":"cw1+MVSlZc8wncFm+XNZQh.2","action":"ProcessGetUpdates", "result":"Done", "context":{"dataType":"History", "deleted":"0", "process_failed_to_decrypt":"0", "process_pending_decryption":"0", "process_success":"250", "total":"250"}}
{"logTime": "1016/000540", "correlationVector":"cw1+MVSlZc8wncFm+XNZQh.3","action":"GetUpdates Response", "result":"Success", "context":Received 250 update(s). cV=cw1+MVSlZc8wncFm+XNZQh.0;server=akswtt10400000r;cloudType=Consumer;environment=Prod_southeastasia_prod-s01-064-apac-southeastasia;migrationStage=NotStarted Some updates remain.}
{"logTime": "1016/000540", "correlationVector":"sPzxr8bK4v4xkHE7CTjYL1","action":"Initial GetUpdates", "result":"", "context":Reason: NEWLY_SUPPORTED_DATATYPE. cV=sPzxr8bK4v4xkHE7CTjYL1}
{"logTime": "1016/000541", "correlationVector":"sPzxr8bK4v4xkHE7CTjYL1.1","action":"SyncServerConnectionManagerRequest", "result":"SYNC_SERVER_OK", "context":{"environment":"Prod_southeastasia_prod-s01-064-apac-southeastasia", "migrationStage":"NotStarted", "server":"akswtt10400000m"}}
{"logTime": "1016/000541", "correlationVector":"sPzxr8bK4v4xkHE7CTjYL1.2","action":"ProcessGetUpdates", "result":"Done", "context":{"dataType":"History", "deleted":"0", "process_failed_to_decrypt":"0", "process_pending_decryption":"0", "process_success":"250", "total":"250"}}
{"logTime": "1016/000541", "correlationVector":"sPzxr8bK4v4xkHE7CTjYL1.3","action":"GetUpdates Response", "result":"Success", "context":Received 250 update(s). cV=sPzxr8bK4v4xkHE7CTjYL1.0;server=akswtt10400000m;cloudType=Consumer;environment=Prod_southeastasia_prod-s01-064-apac-southeastasia;migrationStage=NotStarted Some updates remain.}
{"logTime": "1016/000541", "correlationVector":"WerhUMnrrL+e6rierxyxeT","action":"Initial GetUpdates", "result":"", "context":Reason: NEWLY_SUPPORTED_DATATYPE. cV=WerhUMnrrL+e6rierxyxeT}
{"logTime": "1016/000541", "correlationVector":"WerhUMnrrL+e6rierxyxeT.1","action":"SyncServerConnectionManagerRequest", "result":"SYNC_SERVER_OK", "context":{"environment":"Prod_southeastasia_prod-s01-064-apac-southeastasia", "migrationStage":"NotStarted", "server":"akswtt10400000y"}}
{"logTime": "1016/000541", "correlationVector":"WerhUMnrrL+e6rierxyxeT.2","action":"ProcessGetUpdates", "result":"Done", "context":{"dataType":"History", "deleted":"0", "process_failed_to_decrypt":"0", "process_pending_decryption":"0", "process_success":"250", "total":"250"}}
{"logTime": "1016/000541", "correlationVector":"WerhUMnrrL+e6rierxyxeT.3","action":"GetUpdates Response", "result":"Success", "context":Received 250 update(s). cV=WerhUMnrrL+e6rierxyxeT.0;server=akswtt10400000y;cloudType=Consumer;environment=Prod_southeastasia_prod-s01-064-apac-southeastasia;migrationStage=NotStarted Some updates remain.}
{"logTime": "1016/000541", "correlationVector":"QHfLn3qU/bBU58WnHlRvLI","action":"Initial GetUpdates", "result":"", "context":Reason: NEWLY_SUPPORTED_DATATYPE. cV=QHfLn3qU/bBU58WnHlRvLI}
{"logTime": "1016/000542", "correlationVector":"QHfLn3qU/bBU58WnHlRvLI.1","action":"SyncServerConnectionManagerRequest", "result":"SYNC_SERVER_OK", "context":{"environment":"Prod_southeastasia_prod-s01-064-apac-southeastasia", "migrationStage":"NotStarted", "server":"akswtt104000001"}}
{"logTime": "1016/000542", "correlationVector":"QHfLn3qU/bBU58WnHlRvLI.2","action":"ProcessGetUpdates", "result":"Done", "context":{"dataType":"History", "deleted":"0", "process_failed_to_decrypt":"0", "process_pending_decryption":"0", "process_success":"250", "total":"250"}}
{"logTime": "1016/000542", "correlationVector":"QHfLn3qU/bBU58WnHlRvLI.3","action":"GetUpdates Response", "result":"Success", "context":Received 250 update(s). cV=QHfLn3qU/bBU58WnHlRvLI.0;server=akswtt104000001;cloudType=Consumer;environment=Prod_southeastasia_prod-s01-064-apac-southeastasia;migrationStage=NotStarted Some updates remain.}
{"logTime": "1016/000542", "correlationVector":"HuYvCHgqdjOxv2/VV88SEA","action":"Initial GetUpdates", "result":"", "context":Reason: NEWLY_SUPPORTED_DATATYPE. cV=HuYvCHgqdjOxv2/VV88SEA}
{"logTime": "1016/000543", "correlationVector":"HuYvCHgqdjOxv2/VV88SEA.1","action":"SyncServerConnectionManagerRequest", "result":"SYNC_SERVER_OK", "context":{"environment":"Prod_southeastasia_prod-s01-064-apac-southeastasia", "migrationStage":"NotStarted", "server":"akswtt10400000u"}}
{"logTime": "1016/000543", "correlationVector":"HuYvCHgqdjOxv2/VV88SEA.2","action":"ProcessGetUpdates", "result":"Done", "context":{"dataType":"History", "deleted":"0", "process_failed_to_decrypt":"0", "process_pending_decryption":"0", "process_success":"250", "total":"250"}}
{"logTime": "1016/000544", "correlationVector":"HuYvCHgqdjOxv2/VV88SEA.3","action":"GetUpdates Response", "result":"Success", "context":Received 250 update(s). cV=HuYvCHgqdjOxv2/VV88SEA.0;server=akswtt10400000u;cloudType=Consumer;environment=Prod_southeastasia_prod-s01-064-apac-southeastasia;migrationStage=NotStarted Some updates remain.}
{"logTime": "1016/000544", "correlationVector":"eLlUSZ4PT4dvBQqEJPWoqv","action":"Initial GetUpdates", "result":"", "context":Reason: NEWLY_SUPPORTED_DATATYPE. cV=eLlUSZ4PT4dvBQqEJPWoqv}
{"logTime": "1016/000545", "correlationVector":"eLlUSZ4PT4dvBQqEJPWoqv.1","action":"SyncServerConnectionManagerRequest", "result":"SYNC_SERVER_OK", "context":{"environment":"Prod_southeastasia_prod-s01-064-apac-southeastasia", "migrationStage":"NotStarted", "server":"akswtt10400001k"}}
{"logTime": "1016/000545", "correlationVector":"eLlUSZ4PT4dvBQqEJPWoqv.2","action":"ProcessGetUpdates", "result":"Done", "context":{"dataType":"History", "deleted":"0", "process_failed_to_decrypt":"0", "process_pending_decryption":"0", "process_success":"250", "total":"250"}}
{"logTime": "1016/000545", "correlationVector":"eLlUSZ4PT4dvBQqEJPWoqv.3","action":"GetUpdates Response", "result":"Success", "context":Received 250 update(s). cV=eLlUSZ4PT4dvBQqEJPWoqv.0;server=akswtt10400001k;cloudType=Consumer;environment=Prod_southeastasia_prod-s01-064-apac-southeastasia;migrationStage=NotStarted Some updates remain.}
{"logTime": "1016/000545", "correlationVector":"wCIxC3Q/nDNfJPIp+BVANa","action":"Initial GetUpdates", "result":"", "context":Reason: NEWLY_SUPPORTED_DATATYPE. cV=wCIxC3Q/nDNfJPIp+BVANa}
{"logTime": "1016/000545", "correlationVector":"wCIxC3Q/nDNfJPIp+BVANa.1","action":"SyncServerConnectionManagerRequest", "result":"SYNC_SERVER_OK", "context":{"environment":"Prod_southeastasia_prod-s01-064-apac-southeastasia", "migrationStage":"NotStarted", "server":"akswtt10400000v"}}
{"logTime": "1016/000545", "correlationVector":"wCIxC3Q/nDNfJPIp+BVANa.2","action":"ProcessGetUpdates", "result":"Done", "context":{"dataType":"History", "deleted":"0", "process_failed_to_decrypt":"0", "process_pending_decryption":"0", "process_success":"250", "total":"250"}}
{"logTime": "1016/000545", "correlationVector":"wCIxC3Q/nDNfJPIp+BVANa.3","action":"GetUpdates Response", "result":"Success", "context":Received 250 update(s). cV=wCIxC3Q/nDNfJPIp+BVANa.0;server=akswtt10400000v;cloudType=Consumer;environment=Prod_southeastasia_prod-s01-064-apac-southeastasia;migrationStage=NotStarted Some updates remain.}
{"logTime": "1016/000545", "correlationVector":"XerQgB/yS9atpk6J+iVlmc","action":"Initial GetUpdates", "result":"", "context":Reason: NEWLY_SUPPORTED_DATATYPE. cV=XerQgB/yS9atpk6J+iVlmc}
{"logTime": "1016/000546", "correlationVector":"XerQgB/yS9atpk6J+iVlmc.1","action":"SyncServerConnectionManagerRequest", "result":"SYNC_SERVER_OK", "context":{"environment":"Prod_southeastasia_prod-s01-064-apac-southeastasia", "migrationStage":"NotStarted", "server":"akswtt104000015"}}
{"logTime": "1016/000546", "correlationVector":"XerQgB/yS9atpk6J+iVlmc.2","action":"ProcessGetUpdates", "result":"Done", "context":{"dataType":"History", "deleted":"0", "process_failed_to_decrypt":"0", "process_pending_decryption":"0", "process_success":"250", "total":"250"}}
{"logTime": "1016/000546", "correlationVector":"XerQgB/yS9atpk6J+iVlmc.3","action":"GetUpdates Response", "result":"Success", "context":Received 250 update(s). cV=XerQgB/yS9atpk6J+iVlmc.0;server=akswtt104000015;cloudType=Consumer;environment=Prod_southeastasia_prod-s01-064-apac-southeastasia;migrationStage=NotStarted Some updates remain.}
{"logTime": "1016/000546", "correlationVector":"yBK4nWYt+8EUFPt/c8VZNX","action":"Initial GetUpdates", "result":"", "context":Reason: NEWLY_SUPPORTED_DATATYPE. cV=yBK4nWYt+8EUFPt/c8VZNX}
{"logTime": "1016/000547", "correlationVector":"yBK4nWYt+8EUFPt/c8VZNX.1","action":"SyncServerConnectionManagerRequest", "result":"SYNC_SERVER_OK", "context":{"environment":"Prod_southeastasia_prod-s01-064-apac-southeastasia", "migrationStage":"NotStarted", "server":"akswtt10400000p"}}
{"logTime": "1016/000547", "correlationVector":"yBK4nWYt+8EUFPt/c8VZNX.2","action":"ProcessGetUpdates", "result":"Done", "context":{"dataType":"History", "deleted":"0", "process_failed_to_decrypt":"0", "process_pending_decryption":"0", "process_success":"250", "total":"250"}}
{"logTime": "1016/000547", "correlationVector":"yBK4nWYt+8EUFPt/c8VZNX.3","action":"GetUpdates Response", "result":"Success", "context":Received 250 update(s). cV=yBK4nWYt+8EUFPt/c8VZNX.0;server=akswtt10400000p;cloudType=Consumer;environment=Prod_southeastasia_prod-s01-064-apac-southeastasia;migrationStage=NotStarted Some updates remain.}
{"logTime": "1016/000547", "correlationVector":"0G0iD7W/M+ZRHNNoW2rPa+","action":"Initial GetUpdates", "result":"", "context":Reason: NEWLY_SUPPORTED_DATATYPE. cV=0G0iD7W/M+ZRHNNoW2rPa+}
{"logTime": "1016/000548", "correlationVector":"0G0iD7W/M+ZRHNNoW2rPa+.1","action":"SyncServerConnectionManagerRequest", "result":"SYNC_SERVER_OK", "context":{"environment":"Prod_southeastasia_prod-s01-064-apac-southeastasia", "migrationStage":"NotStarted", "server":"akswtt10400000r"}}
{"logTime": "1016/000548", "correlationVector":"0G0iD7W/M+ZRHNNoW2rPa+.2","action":"ProcessGetUpdates", "result":"Done", "context":{"dataType":"History", "deleted":"0", "process_failed_to_decrypt":"0", "process_pending_decryption":"0", "process_success":"250", "total":"250"}}
{"logTime": "1016/000548", "correlationVector":"0G0iD7W/M+ZRHNNoW2rPa+.3","action":"GetUpdates Response", "result":"Success", "context":Received 250 update(s). cV=0G0iD7W/M+ZRHNNoW2rPa+.0;server=akswtt10400000r;cloudType=Consumer;environment=Prod_southeastasia_prod-s01-064-apac-southeastasia;migrationStage=NotStarted Some updates remain.}
{"logTime": "1016/000548", "correlationVector":"f90vnYYbuRJrGG0ytv6j0I","action":"Initial GetUpdates", "result":"", "context":Reason: NEWLY_SUPPORTED_DATATYPE. cV=f90vnYYbuRJrGG0ytv6j0I}
{"logTime": "1016/000549", "correlationVector":"f90vnYYbuRJrGG0ytv6j0I.1","action":"SyncServerConnectionManagerRequest", "result":"SYNC_SERVER_OK", "context":{"environment":"Prod_southeastasia_prod-s01-064-apac-southeastasia", "migrationStage":"NotStarted", "server":"akswtt10400000u"}}
{"logTime": "1016/000549", "correlationVector":"f90vnYYbuRJrGG0ytv6j0I.2","action":"ProcessGetUpdates", "result":"Done", "context":{"dataType":"History", "deleted":"0", "process_failed_to_decrypt":"0", "process_pending_decryption":"0", "process_success":"250", "total":"250"}}
{"logTime": "1016/000549", "correlationVector":"f90vnYYbuRJrGG0ytv6j0I.3","action":"GetUpdates Response", "result":"Success", "context":Received 250 update(s). cV=f90vnYYbuRJrGG0ytv6j0I.0;server=akswtt10400000u;cloudType=Consumer;environment=Prod_southeastasia_prod-s01-064-apac-southeastasia;migrationStage=NotStarted Some updates remain.}
{"logTime": "1016/000549", "correlationVector":"ekqaumE1BqBqd8cmlXznu2","action":"Initial GetUpdates", "result":"", "context":Reason: NEWLY_SUPPORTED_DATATYPE. cV=ekqaumE1BqBqd8cmlXznu2}
{"logTime": "1016/000550", "correlationVector":"ekqaumE1BqBqd8cmlXznu2.1","action":"SyncServerConnectionManagerRequest", "result":"SYNC_SERVER_OK", "context":{"environment":"Prod_southeastasia_prod-s01-064-apac-southeastasia", "migrationStage":"NotStarted", "server":"akswtt104000015"}}
{"logTime": "1016/000550", "correlationVector":"ekqaumE1BqBqd8cmlXznu2.2","action":"ProcessGetUpdates", "result":"Done", "context":{"dataType":"History", "deleted":"0", "process_failed_to_decrypt":"0", "process_pending_decryption":"0", "process_success":"250", "total":"250"}}
{"logTime": "1016/000550", "correlationVector":"ekqaumE1BqBqd8cmlXznu2.3","action":"GetUpdates Response", "result":"Success", "context":Received 250 update(s). cV=ekqaumE1BqBqd8cmlXznu2.0;server=akswtt104000015;cloudType=Consumer;environment=Prod_southeastasia_prod-s01-064-apac-southeastasia;migrationStage=NotStarted Some updates remain.}
{"logTime": "1016/000550", "correlationVector":"7gtMNv2QH7Iun462JpgGrr","action":"Initial GetUpdates", "result":"", "context":Reason: NEWLY_SUPPORTED_DATATYPE. cV=7gtMNv2QH7Iun462JpgGrr}
{"logTime": "1016/000551", "correlationVector":"7gtMNv2QH7Iun462JpgGrr.1","action":"SyncServerConnectionManagerRequest", "result":"SYNC_SERVER_OK", "context":{"environment":"Prod_southeastasia_prod-s01-064-apac-southeastasia", "migrationStage":"NotStarted", "server":"akswtt10400000w"}}
{"logTime": "1016/000551", "correlationVector":"7gtMNv2QH7Iun462JpgGrr.2","action":"ProcessGetUpdates", "result":"Done", "context":{"dataType":"History", "deleted":"0", "process_failed_to_decrypt":"0", "process_pending_decryption":"0", "process_success":"250", "total":"250"}}
{"logTime": "1016/000551", "correlationVector":"7gtMNv2QH7Iun462JpgGrr.3","action":"GetUpdates Response", "result":"Success", "context":Received 250 update(s). cV=7gtMNv2QH7Iun462JpgGrr.0;server=akswtt10400000w;cloudType=Consumer;environment=Prod_southeastasia_prod-s01-064-apac-southeastasia;migrationStage=NotStarted Some updates remain.}
{"logTime": "1016/000551", "correlationVector":"CUML/GOmSvPwuGQwwtcAOc","action":"Initial GetUpdates", "result":"", "context":Reason: NEWLY_SUPPORTED_DATATYPE. cV=CUML/GOmSvPwuGQwwtcAOc}
{"logTime": "1016/000551", "correlationVector":"CUML/GOmSvPwuGQwwtcAOc.1","action":"SyncServerConnectionManagerRequest", "result":"SYNC_SERVER_OK", "context":{"environment":"Prod_southeastasia_prod-s01-064-apac-southeastasia", "migrationStage":"NotStarted", "server":"akswtt104000015"}}
{"logTime": "1016/000551", "correlationVector":"CUML/GOmSvPwuGQwwtcAOc.2","action":"ProcessGetUpdates", "result":"Done", "context":{"dataType":"History", "deleted":"0", "process_failed_to_decrypt":"0", "process_pending_decryption":"0", "process_success":"180", "total":"180"}}
{"logTime": "1016/000551", "correlationVector":"CUML/GOmSvPwuGQwwtcAOc.3","action":"GetUpdates Response", "result":"Success", "context":Received 180 update(s). cV=CUML/GOmSvPwuGQwwtcAOc.0;server=akswtt104000015;cloudType=Consumer;environment=Prod_southeastasia_prod-s01-064-apac-southeastasia;migrationStage=NotStarted}
{"logTime": "1016/000551", "correlationVector":"V0qwrHqtxdc+M/3M5LeiS7","action":"Normal GetUpdate request", "result":"", "context":cV=V0qwrHqtxdc+M/3M5LeiS7
Nudged types: Preferences, Passwords, Sessions, Device Info, User Consents, History, Edge Hub App Usage
Refresh requested types: Bookmarks, Preferences, Passwords, Autofill Profiles, Autofill, Extensions, Sessions, Extension settings, History Delete Directives, Device Info, User Consents, Send Tab To Self, Web Apps, History, Saved Tab Group, WebAuthn Credentials, Collection, Edge E Drop, Edge Hub App Usage, Edge Wallet, Encryption Keys}
{"logTime": "1016/000552", "correlationVector":"V0qwrHqtxdc+M/3M5LeiS7.1","action":"SyncServerConnectionManagerRequest", "result":"SYNC_SERVER_OK", "context":{"environment":"Prod_southeastasia_prod-s01-064-apac-southeastasia", "migrationStage":"NotStarted", "server":"akswtt104000010"}}
{"logTime": "1016/000552", "correlationVector":"V0qwrHqtxdc+M/3M5LeiS7.2","action":"GetUpdates Response", "result":"Success", "context":Received 0 update(s). cV=V0qwrHqtxdc+M/3M5LeiS7.0;server=akswtt104000010;cloudType=Consumer;environment=Prod_southeastasia_prod-s01-064-apac-southeastasia;migrationStage=NotStarted}
{"logTime": "1016/000552", "correlationVector":"pXmYGkBlwRdm4DCB5GuViG","action":"Commit Request", "result":"", "context":Item count: 40
Contributing types: Passwords}
{"logTime": "1016/000554", "correlationVector":"pXmYGkBlwRdm4DCB5GuViG.1","action":"SyncServerConnectionManagerRequest", "result":"SYNC_SERVER_OK", "context":{"environment":"Prod_southeastasia_prod-s01-064-apac-southeastasia", "migrationStage":"NotStarted", "server":"akswtt10400000y"}}
{"logTime": "1016/000554", "correlationVector":"pXmYGkBlwRdm4DCB5GuViG.2","action":"Commit Response", "result":"Success", "context":Result: Success. cV=pXmYGkBlwRdm4DCB5GuViG.0;server=akswtt10400000y;cloudType=Consumer;environment=Prod_southeastasia_prod-s01-064-apac-southeastasia;migrationStage=NotStarted}
{"logTime": "1016/000554", "correlationVector":"izgUvZenQTUm90IkpWp0ng","action":"Commit Request", "result":"", "context":Item count: 33
Contributing types: Preferences, Passwords, Sessions, Device Info, User Consents, History, Edge Hub App Usage}
{"logTime": "1016/000557", "correlationVector":"izgUvZenQTUm90IkpWp0ng.1","action":"SyncServerConnectionManagerRequest", "result":"SYNC_SERVER_OK", "context":{"environment":"Prod_southeastasia_prod-s01-064-apac-southeastasia", "migrationStage":"NotStarted", "server":"akswtt10400001k"}}
{"logTime": "1016/000557", "correlationVector":"izgUvZenQTUm90IkpWp0ng.2","action":"Commit Response", "result":"Success", "context":Result: Success. cV=izgUvZenQTUm90IkpWp0ng.0;server=akswtt10400001k;cloudType=Consumer;environment=Prod_southeastasia_prod-s01-064-apac-southeastasia;migrationStage=NotStarted}
{"logTime": "1016/000615", "correlationVector":"lh7rF3eCACrMKwa1/ZIAco","action":"Commit Request", "result":"", "context":Item count: 40
Contributing types: Passwords}
{"logTime": "1016/000618", "correlationVector":"lh7rF3eCACrMKwa1/ZIAco.1","action":"SyncServerConnectionManagerRequest", "result":"SYNC_SERVER_OK", "context":{"environment":"Prod_southeastasia_prod-s01-064-apac-southeastasia", "migrationStage":"NotStarted", "server":"akswtt10400000w"}}
{"logTime": "1016/000618", "correlationVector":"lh7rF3eCACrMKwa1/ZIAco.2","action":"Commit Response", "result":"Success", "context":Result: Success. cV=lh7rF3eCACrMKwa1/ZIAco.0;server=akswtt10400000w;cloudType=Consumer;environment=Prod_southeastasia_prod-s01-064-apac-southeastasia;migrationStage=NotStarted}
{"logTime": "1016/000618", "correlationVector":"Qikk5xarpTpUYU/qGHJDtD","action":"Commit Request", "result":"", "context":Item count: 15
Contributing types: Passwords}
{"logTime": "1016/000620", "correlationVector":"Qikk5xarpTpUYU/qGHJDtD.1","action":"SyncServerConnectionManagerRequest", "result":"SYNC_SERVER_OK", "context":{"environment":"Prod_southeastasia_prod-s01-064-apac-southeastasia", "migrationStage":"NotStarted", "server":"akswtt104000002"}}
{"logTime": "1016/000620", "correlationVector":"Qikk5xarpTpUYU/qGHJDtD.2","action":"Commit Response", "result":"Success", "context":Result: Success. cV=Qikk5xarpTpUYU/qGHJDtD.0;server=akswtt104000002;cloudType=Consumer;environment=Prod_southeastasia_prod-s01-064-apac-southeastasia;migrationStage=NotStarted}
{"logTime": "1016/000829", "correlationVector":"iqZymOhgEH2X2joeuGTD0g","action":"Commit Request", "result":"", "context":Item count: 1
Contributing types: History}
{"logTime": "1016/000830", "correlationVector":"iqZymOhgEH2X2joeuGTD0g.1","action":"SyncServerConnectionManagerRequest", "result":"SYNC_SERVER_OK", "context":{"environment":"Prod_southeastasia_prod-s01-065-apac-southeastasia", "migrationStage":"NotStarted", "server":"akswtt10400000a"}}
{"logTime": "1016/000830", "correlationVector":"iqZymOhgEH2X2joeuGTD0g.2","action":"Commit Response", "result":"Success", "context":Result: Success. cV=iqZymOhgEH2X2joeuGTD0g.0;server=akswtt10400000a;cloudType=Consumer;environment=Prod_southeastasia_prod-s01-065-apac-southeastasia;migrationStage=NotStarted}
{"logTime": "1016/000832", "correlationVector":"VNwIW/IZjOmt3yrw3d+fvt","action":"Normal GetUpdate request", "result":"", "context":cV=VNwIW/IZjOmt3yrw3d+fvt
Notified types: History}
{"logTime": "1016/000833", "correlationVector":"VNwIW/IZjOmt3yrw3d+fvt.1","action":"SyncServerConnectionManagerRequest", "result":"SYNC_SERVER_OK", "context":{"environment":"Prod_southeastasia_prod-s01-065-apac-southeastasia", "migrationStage":"NotStarted", "server":"akswtt10400000k"}}
{"logTime": "1016/000833", "correlationVector":"VNwIW/IZjOmt3yrw3d+fvt.2","action":"ProcessGetUpdates", "result":"Done", "context":{"dataType":"Preferences", "deleted":"0", "process_failed_to_decrypt":"0", "process_pending_decryption":"0", "process_success":"1", "total":"1"}}
{"logTime": "1016/000833", "correlationVector":"VNwIW/IZjOmt3yrw3d+fvt.3","action":"ProcessGetUpdates", "result":"Done", "context":{"dataType":"Passwords", "deleted":"0", "process_failed_to_decrypt":"0", "process_pending_decryption":"0", "process_success":"55", "total":"55"}}
{"logTime": "1016/000833", "correlationVector":"VNwIW/IZjOmt3yrw3d+fvt.4","action":"ProcessGetUpdates", "result":"Done", "context":{"dataType":"Sessions", "deleted":"0", "process_failed_to_decrypt":"0", "process_pending_decryption":"0", "process_success":"6", "total":"6"}}
{"logTime": "1016/000833", "correlationVector":"VNwIW/IZjOmt3yrw3d+fvt.5","action":"ProcessGetUpdates", "result":"Done", "context":{"dataType":"Device Info", "deleted":"0", "process_failed_to_decrypt":"0", "process_pending_decryption":"0", "process_success":"1", "total":"1"}}
{"logTime": "1016/000833", "correlationVector":"VNwIW/IZjOmt3yrw3d+fvt.6","action":"ProcessGetUpdates", "result":"Done", "context":{"dataType":"History", "deleted":"0", "process_failed_to_decrypt":"0", "process_pending_decryption":"0", "process_success":"16", "total":"16"}}
{"logTime": "1016/000833", "correlationVector":"VNwIW/IZjOmt3yrw3d+fvt.7","action":"ProcessGetUpdates", "result":"Done", "context":{"dataType":"Edge Hub App Usage", "deleted":"0", "process_failed_to_decrypt":"0", "process_pending_decryption":"0", "process_success":"1", "total":"1"}}
{"logTime": "1016/000833", "correlationVector":"VNwIW/IZjOmt3yrw3d+fvt.8","action":"GetUpdates Response", "result":"Success", "context":Received 80 update(s). cV=VNwIW/IZjOmt3yrw3d+fvt.0;server=akswtt10400000k;cloudType=Consumer;environment=Prod_southeastasia_prod-s01-065-apac-southeastasia;migrationStage=NotStarted}
{"logTime": "1016/000833", "correlationVector":"gmeA/Q3w9xX86I6Iq8XTwA","action":"DoCompareDataConsistency requsted types: ", "result":"Bookmarks, Preferences, Passwords, Extensions, Extension settings, History Delete Directives, Send Tab To Self, Web Apps, History, Saved Tab Group, WebAuthn Credentials, Collection, Edge E Drop, Edge Wallet, Encryption Keys"}
{"logTime": "1016/000833", "correlationVector":"gmeA/Q3w9xX86I6Iq8XTwA.0","action":"CompareDataConsistency result: ", "result":"Compare result: Encryption Keys is consistent. local entities count is: 1 local entities hash is: iu4ClRcib5PKzkPSa0242QEsChI="}
{"logTime": "1016/000833", "correlationVector":"gmeA/Q3w9xX86I6Iq8XTwA.1","action":"CompareDataConsistency result: ", "result":"Compare result: Bookmarks is consistent. local entities count is: 15 local entities hash is: fVLamis0dWnLwf0EUozEpxdwXT0="}
{"logTime": "1016/000833", "correlationVector":"gmeA/Q3w9xX86I6Iq8XTwA.2","action":"CompareDataConsistency result: ", "result":"Compare result: Preferences is consistent. local entities count is: 89 local entities hash is: jJSI6qJQb4hbyP8Dk/ctb1mlenc="}
{"logTime": "1016/000833", "correlationVector":"gmeA/Q3w9xX86I6Iq8XTwA.3","action":"CompareDataConsistency result: ", "result":"Compare result: Passwords is consistent. local entities count is: 85 local entities hash is: LC21Oy+NVDermGhA+Ys3gy8aRYg="}
{"logTime": "1016/000833", "correlationVector":"gmeA/Q3w9xX86I6Iq8XTwA.4","action":"CompareDataConsistency result: ", "result":"Compare result: Extensions is consistent. local entities count is: 5 local entities hash is: w9WFT8SOQYgaOJE1IYjA38O0D4A="}
{"logTime": "1016/000833", "correlationVector":"gmeA/Q3w9xX86I6Iq8XTwA.5","action":"CompareDataConsistency result: ", "result":"Compare result: Extension settings is consistent. local entities count is: 1 local entities hash is: 9O8kweZNOvhHjZ39in2M9vKjLmE="}
{"logTime": "1016/000833", "correlationVector":"gmeA/Q3w9xX86I6Iq8XTwA.6","action":"CompareDataConsistency result: ", "result":"Compare result: History Delete Directives is inconsistent. server entities count is: 9 server entities hash is: xR/eboaQKhaTTih1OSEooitMkqM= local entities count is: 0 local entities hash is: "}
{"logTime": "1016/000833", "correlationVector":"gmeA/Q3w9xX86I6Iq8XTwA.7","action":"CompareDataConsistency result: ", "result":"Server did not send this Send Tab To Self local entities count is: 0 local entities hash is: "}
{"logTime": "1016/000833", "correlationVector":"gmeA/Q3w9xX86I6Iq8XTwA.8","action":"CompareDataConsistency result: ", "result":"Compare result: Web Apps is consistent. local entities count is: 0 local entities hash is: "}
{"logTime": "1016/000833", "correlationVector":"gmeA/Q3w9xX86I6Iq8XTwA.9","action":"CompareDataConsistency result: ", "result":"Server did not send this History local entities count is: 0 local entities hash is: "}
{"logTime": "1016/000833", "correlationVector":"gmeA/Q3w9xX86I6Iq8XTwA.10","action":"CompareDataConsistency result: ", "result":"Compare result: Saved Tab Group is consistent. local entities count is: 0 local entities hash is: "}
{"logTime": "1016/000833", "correlationVector":"gmeA/Q3w9xX86I6Iq8XTwA.11","action":"CompareDataConsistency result: ", "result":"Server did not send this WebAuthn Credentials local entities count is: 0 local entities hash is: "}
{"logTime": "1016/000833", "correlationVector":"gmeA/Q3w9xX86I6Iq8XTwA.12","action":"CompareDataConsistency result: ", "result":"Compare result: Collection is consistent. local entities count is: 0 local entities hash is: "}
{"logTime": "1016/000833", "correlationVector":"gmeA/Q3w9xX86I6Iq8XTwA.13","action":"CompareDataConsistency result: ", "result":"Compare result: Edge E Drop is consistent. local entities count is: 0 local entities hash is: "}
{"logTime": "1016/000833", "correlationVector":"gmeA/Q3w9xX86I6Iq8XTwA.14","action":"CompareDataConsistency result: ", "result":"Compare result: Edge Wallet is consistent. local entities count is: 0 local entities hash is: "}
{"logTime": "1016/000833", "correlationVector":"","action":"DIAGNOSTIC_REQUEST|v1/diagnosticData/Diagnostic.SendCheckResult()|SUCCESS", "result":""}
{"logTime": "1023/022045", "correlationVector":"68Im4/nviHj0uEwzJVW4Cs.1","action":"SyncServerConnectionManagerRequest", "result":"SYNC_SERVER_OK", "context":{"environment":"Prod_southeastasia_prod-s01-065-apac-southeastasia", "migrationStage":"NotStarted", "server":"akswtt10500000o"}}
{"logTime": "1023/022045", "correlationVector":"68Im4/nviHj0uEwzJVW4Cs.2","action":"ProcessGetUpdates", "result":"Done", "context":{"dataType":"Encryption Keys", "deleted":"0", "process_failed_to_decrypt":"0", "process_pending_decryption":"0", "process_success":"1", "total":"1"}}
{"logTime": "1023/022046", "correlationVector":"QGcanH2R4Ifo2ZqDly1Tl8","action":"SyncServerConnectionManagerRequest", "result":"SYNC_SERVER_OK", "context":{"environment":"", "migrationStage":"", "server":""}}
{"logTime": "1023/022046", "correlationVector":"QGcanH2R4Ifo2ZqDly1Tl8.0","action":"EncryptionKeysFetcher.DownloadKeys:", "result":"Success", "context":Key count: 9, Last key timestamp: 2025-06-16T00:06:30Z}
{"logTime": "1023/022046", "correlationVector":"QGcanH2R4Ifo2ZqDly1Tl8.1","action":"EncryptionKeysManager::SetEncryptionKeys:", "result":"Success", "context":Key names[9]:[+gwHMoK2bNXg4+fixMz0i1ZWQsrjnwhKWKjeTnchrZ4k7VvqGHnLRJd2JJGPbRvNYN2t0CdChCpyp1jNuY+jPg==][Pfd9c8V+3bo3Rz99UM5lJkAAiea4yZyH3XfhpQ/jp8ZAWVMHQOIQKOPMcQuat8bvLIRWrOH+gejPzDaW5268sQ==][JF+P8Csv5u1ApGzk99XaXWh4ep52PkfoP4JAdyXEi3e4A3CNAGK7C9H52xptPaC8cX05TOrbi9oqH5HiNc/rAA==][bAY3SsDl+l6GxVwHwJbo7YHBA8J1jpKjJ3zh9ODybnERkkSS+5nWi5pzUJ/eCsWLwjJYCRQ1HgRgx1X3tThkzg==][4wKeeFDQd406scvAnlL1XMisRHFfyRUKAFAyeiAKdN1XdI+0yFqBO+LobqmYdJzGpE3n/qjXy8qup97GewSF/w==][ahuZLybFlw1dtT0ouEaxrB3At5JC3XWfPnGiayVtjmMhsErQ3eDoAT9IP8g/CkrOkxC+uOwMNZyRJ4G5yu8AaQ==][eBVucg+lH4YtqVb4xfmm4I9+3RGQd0WnJ2sUzxDQXy81gCkbjhSChCZrSy/CmrisECGr5NuYhsnZr0Cgs0WC/g==][1SC1jva1fVWU/9Gb/nek7WGTvOlro82HvQ2GDPQrtG+7KkD1dpA4MMYNHvvqj8LcmY4z6JauN5AWpts3X/wQPg==][1Uc8z/BheJxHE2z6nZ6vTycbWzGOqrMEf5dNAkyRibEDfoNENqC8Qz3PESc2UChy1bGH3E4CUr/FHvrxNSx0bQ==]}
{"logTime": "1023/022046", "correlationVector":"QGcanH2R4Ifo2ZqDly1Tl8.2","action":"EncryptionKeysManager::SetEncryptionKeysWithTimestamps:", "result":"Success", "context":Key timestamps[9]:[2020-07-21T13:36:01Z][2021-03-27T06:17:49Z][2022-02-10T20:57:21Z][2023-01-20T11:14:07Z][2023-07-27T01:05:02Z][2024-02-01T12:27:16Z][2024-08-01T22:09:19Z][2025-02-25T23:29:52Z][2025-06-16T00:06:30Z]}
{"logTime": "1023/022046", "correlationVector":"68Im4/nviHj0uEwzJVW4Cs","action":"Initial GetUpdates", "result":"", "context":Reason: NEW_CLIENT. cV=68Im4/nviHj0uEwzJVW4Cs}
{"logTime": "1023/022046", "correlationVector":"68Im4/nviHj0uEwzJVW4Cs.3","action":"GetUpdates Response", "result":"Success", "context":Received 1 update(s). cV=68Im4/nviHj0uEwzJVW4Cs.0;server=akswtt10500000o;cloudType=Consumer;environment=Prod_southeastasia_prod-s01-065-apac-southeastasia;migrationStage=NotStarted}
{"logTime": "1023/022046", "correlationVector":"v9BN0uVuz4Ejkr0mhf2ZKb","action":"Initial GetUpdates", "result":"", "context":Reason: NEWLY_SUPPORTED_DATATYPE. cV=v9BN0uVuz4Ejkr0mhf2ZKb}
{"logTime": "1023/022046", "correlationVector":"v9BN0uVuz4Ejkr0mhf2ZKb.1","action":"SyncServerConnectionManagerRequest", "result":"SYNC_SERVER_OK", "context":{"environment":"Prod_southeastasia_prod-s01-065-apac-southeastasia", "migrationStage":"NotStarted", "server":"akswtt105000004"}}
{"logTime": "1023/022046", "correlationVector":"v9BN0uVuz4Ejkr0mhf2ZKb.2","action":"ProcessGetUpdates", "result":"Done", "context":{"dataType":"Passwords", "deleted":"2", "process_failed_to_decrypt":"0", "process_pending_decryption":"0", "process_success":"88", "total":"88"}}
{"logTime": "1023/022046", "correlationVector":"v9BN0uVuz4Ejkr0mhf2ZKb.3","action":"GetUpdates Response", "result":"Success", "context":Received 88 update(s). cV=v9BN0uVuz4Ejkr0mhf2ZKb.0;server=akswtt105000004;cloudType=Consumer;environment=Prod_southeastasia_prod-s01-065-apac-southeastasia;migrationStage=NotStarted}
{"logTime": "1023/022046", "correlationVector":"zTxDjaaAf8TCDMiUaaIWgg","action":"Normal GetUpdate request", "result":"", "context":cV=zTxDjaaAf8TCDMiUaaIWgg
Nudged types: Preferences, Sessions, Device Info, History
Refresh requested types: Bookmarks, Preferences, Passwords, Autofill Profiles, Autofill, Extensions, Sessions, Extension settings, History Delete Directives, Device Info, User Consents, Send Tab To Self, Web Apps, History, Saved Tab Group, WebAuthn Credentials, Collection, Edge E Drop, Edge Hub App Usage, Edge Wallet, Encryption Keys}
{"logTime": "1023/022047", "correlationVector":"zTxDjaaAf8TCDMiUaaIWgg.1","action":"SyncServerConnectionManagerRequest", "result":"SYNC_SERVER_OK", "context":{"environment":"Prod_southeastasia_prod-s01-065-apac-southeastasia", "migrationStage":"NotStarted", "server":"akswtt10500000h"}}
{"logTime": "1023/022047", "correlationVector":"zTxDjaaAf8TCDMiUaaIWgg.2","action":"ProcessGetUpdates", "result":"Done", "context":{"dataType":"Preferences", "deleted":"0", "process_failed_to_decrypt":"0", "process_pending_decryption":"0", "process_success":"1", "total":"1"}}
{"logTime": "1023/022047", "correlationVector":"zTxDjaaAf8TCDMiUaaIWgg.3","action":"ProcessGetUpdates", "result":"Done", "context":{"dataType":"Autofill Profiles", "deleted":"2", "process_failed_to_decrypt":"0", "process_pending_decryption":"0", "process_success":"2", "total":"2"}}
{"logTime": "1023/022047", "correlationVector":"zTxDjaaAf8TCDMiUaaIWgg.4","action":"ProcessGetUpdates", "result":"Done", "context":{"dataType":"Extensions", "deleted":"0", "process_failed_to_decrypt":"0", "process_pending_decryption":"0", "process_success":"1", "total":"1"}}
{"logTime": "1023/022047", "correlationVector":"zTxDjaaAf8TCDMiUaaIWgg.5","action":"ProcessGetUpdates", "result":"Done", "context":{"dataType":"Sessions", "deleted":"20", "process_failed_to_decrypt":"0", "process_pending_decryption":"0", "process_success":"26", "total":"26"}}
{"logTime": "1023/022047", "correlationVector":"zTxDjaaAf8TCDMiUaaIWgg.6","action":"ProcessGetUpdates", "result":"Done", "context":{"dataType":"History", "deleted":"0", "process_failed_to_decrypt":"0", "process_pending_decryption":"0", "process_success":"250", "total":"250"}}
{"logTime": "1023/022047", "correlationVector":"zTxDjaaAf8TCDMiUaaIWgg.7","action":"GetUpdates Response", "result":"Success", "context":Received 280 update(s). cV=zTxDjaaAf8TCDMiUaaIWgg.0;server=akswtt10500000h;cloudType=Consumer;environment=Prod_southeastasia_prod-s01-065-apac-southeastasia;migrationStage=NotStarted Some updates remain.}
{"logTime": "1023/022047", "correlationVector":"ZpEHcegNlmh9grOuJGz5vq","action":"Normal GetUpdate request", "result":"", "context":cV=ZpEHcegNlmh9grOuJGz5vq
Nudged types: Preferences, Sessions, Device Info, History
Refresh requested types: Bookmarks, Preferences, Passwords, Autofill Profiles, Autofill, Extensions, Sessions, Extension settings, History Delete Directives, Device Info, User Consents, Send Tab To Self, Web Apps, History, Saved Tab Group, WebAuthn Credentials, Collection, Edge E Drop, Edge Hub App Usage, Edge Wallet, Encryption Keys}
{"logTime": "1023/022049", "correlationVector":"ZpEHcegNlmh9grOuJGz5vq.1","action":"SyncServerConnectionManagerRequest", "result":"SYNC_SERVER_OK", "context":{"environment":"Prod_southeastasia_prod-s01-065-apac-southeastasia", "migrationStage":"NotStarted", "server":"akswtt105000000"}}
{"logTime": "1023/022049", "correlationVector":"ZpEHcegNlmh9grOuJGz5vq.2","action":"ProcessGetUpdates", "result":"Done", "context":{"dataType":"Extensions", "deleted":"0", "process_failed_to_decrypt":"0", "process_pending_decryption":"0", "process_success":"1", "total":"1"}}
{"logTime": "1023/022049", "correlationVector":"ZpEHcegNlmh9grOuJGz5vq.3","action":"ProcessGetUpdates", "result":"Done", "context":{"dataType":"Sessions", "deleted":"11", "process_failed_to_decrypt":"0", "process_pending_decryption":"0", "process_success":"11", "total":"11"}}
{"logTime": "1023/022049", "correlationVector":"ZpEHcegNlmh9grOuJGz5vq.4","action":"ProcessGetUpdates", "result":"Done", "context":{"dataType":"History", "deleted":"0", "process_failed_to_decrypt":"0", "process_pending_decryption":"0", "process_success":"250", "total":"250"}}
{"logTime": "1023/022049", "correlationVector":"ZpEHcegNlmh9grOuJGz5vq.5","action":"GetUpdates Response", "result":"Success", "context":Received 262 update(s). cV=ZpEHcegNlmh9grOuJGz5vq.0;server=akswtt105000000;cloudType=Consumer;environment=Prod_southeastasia_prod-s01-065-apac-southeastasia;migrationStage=NotStarted Some updates remain.}
{"logTime": "1023/022049", "correlationVector":"2Ycl4LS0IE8CoT2b6Z1Opb","action":"Normal GetUpdate request", "result":"", "context":cV=2Ycl4LS0IE8CoT2b6Z1Opb
Nudged types: Preferences, Sessions, Device Info, History
Refresh requested types: Bookmarks, Preferences, Passwords, Autofill Profiles, Autofill, Extensions, Sessions, Extension settings, History Delete Directives, Device Info, User Consents, Send Tab To Self, Web Apps, History, Saved Tab Group, WebAuthn Credentials, Collection, Edge E Drop, Edge Hub App Usage, Edge Wallet, Encryption Keys}
{"logTime": "1023/022050", "correlationVector":"2Ycl4LS0IE8CoT2b6Z1Opb.1","action":"SyncServerConnectionManagerRequest", "result":"SYNC_SERVER_OK", "context":{"environment":"Prod_southeastasia_prod-s01-065-apac-southeastasia", "migrationStage":"NotStarted", "server":"akswtt105000005"}}
{"logTime": "1023/022050", "correlationVector":"2Ycl4LS0IE8CoT2b6Z1Opb.2","action":"ProcessGetUpdates", "result":"Done", "context":{"dataType":"Preferences", "deleted":"0", "process_failed_to_decrypt":"0", "process_pending_decryption":"0", "process_success":"1", "total":"1"}}
{"logTime": "1023/022050", "correlationVector":"2Ycl4LS0IE8CoT2b6Z1Opb.3","action":"ProcessGetUpdates", "result":"Done", "context":{"dataType":"Autofill Profiles", "deleted":"0", "process_failed_to_decrypt":"0", "process_pending_decryption":"0", "process_success":"2", "total":"2"}}
{"logTime": "1023/022050", "correlationVector":"2Ycl4LS0IE8CoT2b6Z1Opb.4","action":"ProcessGetUpdates", "result":"Done", "context":{"dataType":"Autofill", "deleted":"0", "process_failed_to_decrypt":"0", "process_pending_decryption":"0", "process_success":"5", "total":"5"}}
{"logTime": "1023/022050", "correlationVector":"2Ycl4LS0IE8CoT2b6Z1Opb.5","action":"ProcessGetUpdates", "result":"Done", "context":{"dataType":"Sessions", "deleted":"23", "process_failed_to_decrypt":"0", "process_pending_decryption":"0", "process_success":"23", "total":"23"}}
{"logTime": "1023/022050", "correlationVector":"2Ycl4LS0IE8CoT2b6Z1Opb.6","action":"ProcessGetUpdates", "result":"Done", "context":{"dataType":"History", "deleted":"0", "process_failed_to_decrypt":"0", "process_pending_decryption":"0", "process_success":"250", "total":"250"}}
{"logTime": "1023/022050", "correlationVector":"2Ycl4LS0IE8CoT2b6Z1Opb.7","action":"GetUpdates Response", "result":"Success", "context":Received 281 update(s). cV=2Ycl4LS0IE8CoT2b6Z1Opb.0;server=akswtt105000005;cloudType=Consumer;environment=Prod_southeastasia_prod-s01-065-apac-southeastasia;migrationStage=NotStarted Some updates remain.}
{"logTime": "1023/022050", "correlationVector":"ux6TjW2S1r4biJ26UsGwJu","action":"Normal GetUpdate request", "result":"", "context":cV=ux6TjW2S1r4biJ26UsGwJu
Nudged types: Preferences, Sessions, Device Info, History
Refresh requested types: Bookmarks, Preferences, Passwords, Autofill Profiles, Autofill, Extensions, Sessions, Extension settings, History Delete Directives, Device Info, User Consents, Send Tab To Self, Web Apps, History, Saved Tab Group, WebAuthn Credentials, Collection, Edge E Drop, Edge Hub App Usage, Edge Wallet, Encryption Keys}
{"logTime": "1023/022051", "correlationVector":"ux6TjW2S1r4biJ26UsGwJu.1","action":"SyncServerConnectionManagerRequest", "result":"SYNC_SERVER_OK", "context":{"environment":"Prod_southeastasia_prod-s01-065-apac-southeastasia", "migrationStage":"NotStarted", "server":"akswtt105000002"}}
{"logTime": "1023/022051", "correlationVector":"ux6TjW2S1r4biJ26UsGwJu.2","action":"ProcessGetUpdates", "result":"Done", "context":{"dataType":"Autofill Profiles", "deleted":"0", "process_failed_to_decrypt":"0", "process_pending_decryption":"0", "process_success":"4", "total":"4"}}
{"logTime": "1023/022051", "correlationVector":"ux6TjW2S1r4biJ26UsGwJu.3","action":"ProcessGetUpdates", "result":"Done", "context":{"dataType":"Autofill", "deleted":"0", "process_failed_to_decrypt":"0", "process_pending_decryption":"0", "process_success":"6", "total":"6"}}
{"logTime": "1023/022051", "correlationVector":"ux6TjW2S1r4biJ26UsGwJu.4","action":"ProcessGetUpdates", "result":"Done", "context":{"dataType":"Sessions", "deleted":"33", "process_failed_to_decrypt":"0", "process_pending_decryption":"0", "process_success":"33", "total":"33"}}
{"logTime": "1023/022051", "correlationVector":"ux6TjW2S1r4biJ26UsGwJu.5","action":"ProcessGetUpdates", "result":"Done", "context":{"dataType":"History", "deleted":"0", "process_failed_to_decrypt":"0", "process_pending_decryption":"0", "process_success":"250", "total":"250"}}
{"logTime": "1023/022051", "correlationVector":"ux6TjW2S1r4biJ26UsGwJu.6","action":"GetUpdates Response", "result":"Success", "context":Received 293 update(s). cV=ux6TjW2S1r4biJ26UsGwJu.0;server=akswtt105000002;cloudType=Consumer;environment=Prod_southeastasia_prod-s01-065-apac-southeastasia;migrationStage=NotStarted Some updates remain.}
{"logTime": "1023/022051", "correlationVector":"WqAnPLdsClVpYbylS+XzTb","action":"Normal GetUpdate request", "result":"", "context":cV=WqAnPLdsClVpYbylS+XzTb
Nudged types: Preferences, Sessions, Device Info, History
Refresh requested types: Bookmarks, Preferences, Passwords, Autofill Profiles, Autofill, Extensions, Sessions, Extension settings, History Delete Directives, Device Info, User Consents, Send Tab To Self, Web Apps, History, Saved Tab Group, WebAuthn Credentials, Collection, Edge E Drop, Edge Hub App Usage, Edge Wallet, Encryption Keys}
{"logTime": "1023/022052", "correlationVector":"WqAnPLdsClVpYbylS+XzTb.1","action":"SyncServerConnectionManagerRequest", "result":"SYNC_SERVER_OK", "context":{"environment":"Prod_southeastasia_prod-s01-065-apac-southeastasia", "migrationStage":"NotStarted", "server":"akswtt105000007"}}
{"logTime": "1023/022052", "correlationVector":"WqAnPLdsClVpYbylS+XzTb.2","action":"ProcessGetUpdates", "result":"Done", "context":{"dataType":"Preferences", "deleted":"0", "process_failed_to_decrypt":"0", "process_pending_decryption":"0", "process_success":"1", "total":"1"}}
{"logTime": "1023/022052", "correlationVector":"WqAnPLdsClVpYbylS+XzTb.3","action":"ProcessGetUpdates", "result":"Done", "context":{"dataType":"History", "deleted":"0", "process_failed_to_decrypt":"0", "process_pending_decryption":"0", "process_success":"250", "total":"250"}}
{"logTime": "1023/022052", "correlationVector":"WqAnPLdsClVpYbylS+XzTb.4","action":"GetUpdates Response", "result":"Success", "context":Received 251 update(s). cV=WqAnPLdsClVpYbylS+XzTb.0;server=akswtt105000007;cloudType=Consumer;environment=Prod_southeastasia_prod-s01-065-apac-southeastasia;migrationStage=NotStarted Some updates remain.}
{"logTime": "1023/022052", "correlationVector":"O+wJFa27hnDY6XBdf7Oedo","action":"Normal GetUpdate request", "result":"", "context":cV=O+wJFa27hnDY6XBdf7Oedo
Nudged types: Preferences, Sessions, Device Info, History
Refresh requested types: Bookmarks, Preferences, Passwords, Autofill Profiles, Autofill, Extensions, Sessions, Extension settings, History Delete Directives, Device Info, User Consents, Send Tab To Self, Web Apps, History, Saved Tab Group, WebAuthn Credentials, Collection, Edge E Drop, Edge Hub App Usage, Edge Wallet, Encryption Keys}
{"logTime": "1023/022053", "correlationVector":"O+wJFa27hnDY6XBdf7Oedo.1","action":"SyncServerConnectionManagerRequest", "result":"SYNC_SERVER_OK", "context":{"environment":"Prod_southeastasia_prod-s01-065-apac-southeastasia", "migrationStage":"NotStarted", "server":"akswtt105000005"}}
{"logTime": "1023/022053", "correlationVector":"O+wJFa27hnDY6XBdf7Oedo.2","action":"ProcessGetUpdates", "result":"Done", "context":{"dataType":"History", "deleted":"0", "process_failed_to_decrypt":"0", "process_pending_decryption":"0", "process_success":"250", "total":"250"}}
{"logTime": "1023/022053", "correlationVector":"O+wJFa27hnDY6XBdf7Oedo.3","action":"GetUpdates Response", "result":"Success", "context":Received 250 update(s). cV=O+wJFa27hnDY6XBdf7Oedo.0;server=akswtt105000005;cloudType=Consumer;environment=Prod_southeastasia_prod-s01-065-apac-southeastasia;migrationStage=NotStarted Some updates remain.}
{"logTime": "1023/022053", "correlationVector":"v4ZRNk4WNj6nKUtbSRVx86","action":"Normal GetUpdate request", "result":"", "context":cV=v4ZRNk4WNj6nKUtbSRVx86
Nudged types: Preferences, Sessions, Device Info, History
Refresh requested types: Bookmarks, Preferences, Passwords, Autofill Profiles, Autofill, Extensions, Sessions, Extension settings, History Delete Directives, Device Info, User Consents, Send Tab To Self, Web Apps, History, Saved Tab Group, WebAuthn Credentials, Collection, Edge E Drop, Edge Hub App Usage, Edge Wallet, Encryption Keys}
{"logTime": "1023/022054", "correlationVector":"v4ZRNk4WNj6nKUtbSRVx86.1","action":"SyncServerConnectionManagerRequest", "result":"SYNC_SERVER_OK", "context":{"environment":"Prod_southeastasia_prod-s01-065-apac-southeastasia", "migrationStage":"NotStarted", "server":"akswtt10500000a"}}
{"logTime": "1023/022054", "correlationVector":"v4ZRNk4WNj6nKUtbSRVx86.2","action":"ProcessGetUpdates", "result":"Done", "context":{"dataType":"Preferences", "deleted":"0", "process_failed_to_decrypt":"0", "process_pending_decryption":"0", "process_success":"2", "total":"2"}}
{"logTime": "1023/022054", "correlationVector":"v4ZRNk4WNj6nKUtbSRVx86.3","action":"ProcessGetUpdates", "result":"Done", "context":{"dataType":"Autofill", "deleted":"0", "process_failed_to_decrypt":"0", "process_pending_decryption":"0", "process_success":"3", "total":"3"}}
{"logTime": "1023/022054", "correlationVector":"v4ZRNk4WNj6nKUtbSRVx86.4","action":"ProcessGetUpdates", "result":"Done", "context":{"dataType":"Sessions", "deleted":"9", "process_failed_to_decrypt":"0", "process_pending_decryption":"0", "process_success":"9", "total":"9"}}
{"logTime": "1023/022054", "correlationVector":"v4ZRNk4WNj6nKUtbSRVx86.5","action":"ProcessGetUpdates", "result":"Done", "context":{"dataType":"History", "deleted":"0", "process_failed_to_decrypt":"0", "process_pending_decryption":"0", "process_success":"250", "total":"250"}}
{"logTime": "1023/022054", "correlationVector":"v4ZRNk4WNj6nKUtbSRVx86.6","action":"GetUpdates Response", "result":"Success", "context":Received 264 update(s). cV=v4ZRNk4WNj6nKUtbSRVx86.0;server=akswtt10500000a;cloudType=Consumer;environment=Prod_southeastasia_prod-s01-065-apac-southeastasia;migrationStage=NotStarted Some updates remain.}
{"logTime": "1023/022054", "correlationVector":"QfIOsj1nVk/g0hBe/D8GxV","action":"Normal GetUpdate request", "result":"", "context":cV=QfIOsj1nVk/g0hBe/D8GxV
Nudged types: Preferences, Sessions, Device Info, History
Refresh requested types: Bookmarks, Preferences, Passwords, Autofill Profiles, Autofill, Extensions, Sessions, Extension settings, History Delete Directives, Device Info, User Consents, Send Tab To Self, Web Apps, History, Saved Tab Group, WebAuthn Credentials, Collection, Edge E Drop, Edge Hub App Usage, Edge Wallet, Encryption Keys}
{"logTime": "1023/022054", "correlationVector":"QfIOsj1nVk/g0hBe/D8GxV.1","action":"SyncServerConnectionManagerRequest", "result":"SYNC_SERVER_OK", "context":{"environment":"Prod_southeastasia_prod-s01-065-apac-southeastasia", "migrationStage":"NotStarted", "server":"akswtt105000007"}}
{"logTime": "1023/022054", "correlationVector":"QfIOsj1nVk/g0hBe/D8GxV.2","action":"ProcessGetUpdates", "result":"Done", "context":{"dataType":"Preferences", "deleted":"0", "process_failed_to_decrypt":"0", "process_pending_decryption":"0", "process_success":"1", "total":"1"}}
{"logTime": "1023/022054", "correlationVector":"QfIOsj1nVk/g0hBe/D8GxV.3","action":"ProcessGetUpdates", "result":"Done", "context":{"dataType":"Autofill", "deleted":"0", "process_failed_to_decrypt":"0", "process_pending_decryption":"0", "process_success":"4", "total":"4"}}
{"logTime": "1023/022054", "correlationVector":"QfIOsj1nVk/g0hBe/D8GxV.4","action":"ProcessGetUpdates", "result":"Done", "context":{"dataType":"Sessions", "deleted":"36", "process_failed_to_decrypt":"0", "process_pending_decryption":"0", "process_success":"39", "total":"39"}}
{"logTime": "1023/022054", "correlationVector":"QfIOsj1nVk/g0hBe/D8GxV.5","action":"ProcessGetUpdates", "result":"Done", "context":{"dataType":"Device Info", "deleted":"0", "process_failed_to_decrypt":"0", "process_pending_decryption":"0", "process_success":"1", "total":"1"}}
{"logTime": "1023/022054", "correlationVector":"QfIOsj1nVk/g0hBe/D8GxV.6","action":"ProcessGetUpdates", "result":"Done", "context":{"dataType":"History", "deleted":"0", "process_failed_to_decrypt":"0", "process_pending_decryption":"0", "process_success":"188", "total":"188"}}
{"logTime": "1023/022055", "correlationVector":"QfIOsj1nVk/g0hBe/D8GxV.7","action":"GetUpdates Response", "result":"Success", "context":Received 233 update(s). cV=QfIOsj1nVk/g0hBe/D8GxV.0;server=akswtt105000007;cloudType=Consumer;environment=Prod_southeastasia_prod-s01-065-apac-southeastasia;migrationStage=NotStarted}
{"logTime": "1023/022055", "correlationVector":"DeF6iTEkt/VEcDPQG2Gz53","action":"Commit Request", "result":"", "context":Item count: 38
Contributing types: Preferences, Autofill Profiles, Device Info, History}
{"logTime": "1023/022059", "correlationVector":"DeF6iTEkt/VEcDPQG2Gz53.1","action":"SyncServerConnectionManagerRequest", "result":"SYNC_SERVER_OK", "context":{"environment":"Prod_southeastasia_prod-s01-065-apac-southeastasia", "migrationStage":"NotStarted", "server":"akswtt10500000a"}}
{"logTime": "1023/022059", "correlationVector":"DeF6iTEkt/VEcDPQG2Gz53.2","action":"Commit Response", "result":"Success", "context":Result: Success. cV=DeF6iTEkt/VEcDPQG2Gz53.0;server=akswtt10500000a;cloudType=Consumer;environment=Prod_southeastasia_prod-s01-065-apac-southeastasia;migrationStage=NotStarted}
{"logTime": "1023/022059", "correlationVector":"DeF6iTEkt/VEcDPQG2Gz53.3","action":"Commit.Autofill Profiles", "result":"Success", "context":{"id":"f381bf88-7ff3-4e23-b680-1b6ddb8392ce", "isDeleted":"true", "size":"0", "version":"1752071650858"}}
{"logTime": "1023/022059", "correlationVector":"DeF6iTEkt/VEcDPQG2Gz53.4","action":"Commit.Autofill Profiles", "result":"Success", "context":{"id":"cced5325-f42e-4f66-a507-7e0129f66489", "isDeleted":"true", "size":"0", "version":"1752071650867"}}
{"logTime": "1023/022059", "correlationVector":"DeF6iTEkt/VEcDPQG2Gz53.5","action":"Commit.Autofill Profiles", "result":"Success", "context":{"id":"e417d75b-c4a7-4e41-8196-630c0dd602d7", "isDeleted":"true", "size":"0", "version":"1752071650864"}}
{"logTime": "1023/022059", "correlationVector":"DeF6iTEkt/VEcDPQG2Gz53.6","action":"Commit.Autofill Profiles", "result":"Success", "context":{"id":"4b5c36ee-f4d1-4c0d-bb32-03aa683800e5", "isDeleted":"true", "size":"0", "version":"1752071650861"}}
{"logTime": "1023/022059", "correlationVector":"DeF6iTEkt/VEcDPQG2Gz53.7","action":"Commit.Autofill Profiles", "result":"Success", "context":{"id":"57e19050-b13c-4645-ad5d-469b8558cebf", "isDeleted":"true", "size":"0", "version":"1752071653352"}}
{"logTime": "1023/022059", "correlationVector":"DeF6iTEkt/VEcDPQG2Gz53.8","action":"Commit.Autofill Profiles", "result":"Success", "context":{"id":"cab3a356-5cb7-4b26-8de9-146b02261aad", "isDeleted":"true", "size":"0", "version":"1752071650863"}}
{"logTime": "1023/022059", "correlationVector":"DeF6iTEkt/VEcDPQG2Gz53.9","action":"Commit.Autofill Profiles", "result":"Success", "context":{"id":"feeeadb6-3cd7-471f-866f-aa66b714b9e7", "isDeleted":"true", "size":"0", "version":"1752071650872"}}
{"logTime": "1023/022059", "correlationVector":"DeF6iTEkt/VEcDPQG2Gz53.10","action":"Commit.Autofill Profiles", "result":"Success", "context":{"id":"8112e91e-0a5f-4e35-8b96-4258710d44f8", "isDeleted":"true", "size":"0", "version":"1752071650877"}}
{"logTime": "1023/022059", "correlationVector":"DeF6iTEkt/VEcDPQG2Gz53.11","action":"Commit.Autofill Profiles", "result":"Success", "context":{"id":"e402d92c-9b1f-4419-bfd4-f3601b8768d1", "isDeleted":"true", "size":"0", "version":"1752071650883"}}
{"logTime": "1023/022059", "correlationVector":"DeF6iTEkt/VEcDPQG2Gz53.12","action":"Commit.Autofill Profiles", "result":"Success", "context":{"id":"f08b3ddc-a8b6-4a16-be76-c6cb1c255412", "isDeleted":"true", "size":"0", "version":"1752071650873"}}
{"logTime": "1023/022059", "correlationVector":"DeF6iTEkt/VEcDPQG2Gz53.13","action":"Commit.Autofill Profiles", "result":"Success", "context":{"id":"987ea575-44b4-4dd8-8479-85a5d933e0b7", "isDeleted":"true", "size":"0", "version":"1752071650868"}}
{"logTime": "1023/022059", "correlationVector":"DeF6iTEkt/VEcDPQG2Gz53.14","action":"Commit.Autofill Profiles", "result":"Success", "context":{"id":"7e076d2f-d427-468f-8325-74ac823f8811", "isDeleted":"true", "size":"0", "version":"1752071650880"}}
{"logTime": "1023/022059", "correlationVector":"DeF6iTEkt/VEcDPQG2Gz53.15","action":"Commit.Autofill Profiles", "result":"Success", "context":{"id":"18d10d40-a619-484d-8bb8-6a1e45ef9519", "isDeleted":"true", "size":"0", "version":"1752071650870"}}
{"logTime": "1023/022059", "correlationVector":"DeF6iTEkt/VEcDPQG2Gz53.16","action":"Commit.Autofill Profiles", "result":"Success", "context":{"id":"2504f444-eb1e-41f9-b3d2-8ed7a1f05155", "isDeleted":"true", "size":"0", "version":"1752071650875"}}
{"logTime": "1023/022059", "correlationVector":"DeF6iTEkt/VEcDPQG2Gz53.17","action":"Commit.Autofill Profiles", "result":"Success", "context":{"id":"864cde80-b920-439a-b7bd-9ed2ae33ee51", "isDeleted":"true", "size":"0", "version":"1752071650887"}}
{"logTime": "1023/022059", "correlationVector":"DeF6iTEkt/VEcDPQG2Gz53.18","action":"Commit.Autofill Profiles", "result":"Success", "context":{"id":"5be40b7c-898c-4fe8-8dc6-bd041ea50246", "isDeleted":"true", "size":"0", "version":"1752071650882"}}
{"logTime": "1023/022059", "correlationVector":"DeF6iTEkt/VEcDPQG2Gz53.19","action":"Commit.Autofill Profiles", "result":"Success", "context":{"id":"83c09136-5640-4356-8a57-aff424c46c2c", "isDeleted":"true", "size":"0", "version":"1752071650866"}}
{"logTime": "1023/022059", "correlationVector":"DeF6iTEkt/VEcDPQG2Gz53.20","action":"Commit.Autofill Profiles", "result":"Success", "context":{"id":"c4497db9-cf5e-4b80-9b58-1a9bb1008a76", "isDeleted":"true", "size":"0", "version":"1752071650881"}}
{"logTime": "1023/022059", "correlationVector":"DeF6iTEkt/VEcDPQG2Gz53.21","action":"Commit.Autofill Profiles", "result":"Success", "context":{"id":"a1d73deb-8b19-49d0-88a1-d456fe836643", "isDeleted":"true", "size":"0", "version":"1752071650888"}}
{"logTime": "1023/022059", "correlationVector":"DeF6iTEkt/VEcDPQG2Gz53.22","action":"Commit.Autofill Profiles", "result":"Success", "context":{"id":"ca16e4e5-3081-42b3-9af9-9505bbdd1a14", "isDeleted":"true", "size":"0", "version":"1754963461191"}}
{"logTime": "1023/022059", "correlationVector":"DeF6iTEkt/VEcDPQG2Gz53.23","action":"Commit.Autofill Profiles", "result":"Success", "context":{"id":"110c34ad-91a7-4f45-a52f-1ebb5a36111b", "isDeleted":"true", "size":"0", "version":"1752071650857"}}
{"logTime": "1023/022059", "correlationVector":"DeF6iTEkt/VEcDPQG2Gz53.24","action":"Commit.Autofill Profiles", "result":"Success", "context":{"id":"cea1d946-d7f0-4162-9cc0-a05cd09c2080", "isDeleted":"true", "size":"0", "version":"1752071650869"}}
{"logTime": "1023/022059", "correlationVector":"DeF6iTEkt/VEcDPQG2Gz53.25","action":"Commit.Autofill Profiles", "result":"Success", "context":{"id":"5f7241c5-a18c-4b93-9c2d-5e70cc611ed8", "isDeleted":"true", "size":"0", "version":"1752071650886"}}
{"logTime": "1023/022059", "correlationVector":"DeF6iTEkt/VEcDPQG2Gz53.26","action":"Commit.Autofill Profiles", "result":"Success", "context":{"id":"d56c3c22-f908-453f-bc5a-2f4079187462", "isDeleted":"true", "size":"0", "version":"1752071650874"}}
{"logTime": "1023/022059", "correlationVector":"DeF6iTEkt/VEcDPQG2Gz53.27","action":"Commit.Autofill Profiles", "result":"Success", "context":{"id":"1e34c9b7-b609-47f8-b300-c32e2ab7ca07", "isDeleted":"true", "size":"0", "version":"1754972112233"}}
{"logTime": "1023/022059", "correlationVector":"DeF6iTEkt/VEcDPQG2Gz53.28","action":"Commit.Autofill Profiles", "result":"Success", "context":{"id":"485a87df-3191-45b4-bcb7-8735f217fcab", "isDeleted":"true", "size":"0", "version":"1754981977233"}}
{"logTime": "1023/022059", "correlationVector":"DeF6iTEkt/VEcDPQG2Gz53.29","action":"Commit.Autofill Profiles", "result":"Success", "context":{"id":"18b6b238-40c8-4ef6-bee9-58a79565c0e9", "isDeleted":"true", "size":"0", "version":"1752071650885"}}
{"logTime": "1023/022059", "correlationVector":"DeF6iTEkt/VEcDPQG2Gz53.30","action":"Commit.Autofill Profiles", "result":"Success", "context":{"id":"70b6d602-1050-43ca-afb2-f4961bec1baa", "isDeleted":"true", "size":"0", "version":"1752071650865"}}
{"logTime": "1023/022059", "correlationVector":"DeF6iTEkt/VEcDPQG2Gz53.31","action":"Commit.Autofill Profiles", "result":"Success", "context":{"id":"0a31e44b-11a0-4aaf-8e28-028455bce9fb", "isDeleted":"true", "size":"0", "version":"1752071650878"}}
{"logTime": "1023/022059", "correlationVector":"DeF6iTEkt/VEcDPQG2Gz53.32","action":"Commit.Autofill Profiles", "result":"Success", "context":{"id":"1aef9fce-2ab5-4094-b79f-13944104dbce", "isDeleted":"true", "size":"0", "version":"1754972051912"}}
{"logTime": "1023/022059", "correlationVector":"DeF6iTEkt/VEcDPQG2Gz53.33","action":"Commit.Autofill Profiles", "result":"Success", "context":{"id":"ad191e50-c9fc-4e2e-90a6-4f61862a912d", "isDeleted":"true", "size":"0", "version":"1754979957401"}}
{"logTime": "1023/022059", "correlationVector":"DeF6iTEkt/VEcDPQG2Gz53.34","action":"Commit.Autofill Profiles", "result":"Success", "context":{"id":"bfb89bdc-bb60-48be-b905-f2e6371759de", "isDeleted":"true", "size":"0", "version":"1752071650879"}}
{"logTime": "1023/022059", "correlationVector":"DeF6iTEkt/VEcDPQG2Gz53.35","action":"Commit.Autofill Profiles", "result":"Success", "context":{"id":"5a32cf57-a91b-4806-af2b-2fc54cdaf2df", "isDeleted":"true", "size":"0", "version":"1752071650860"}}
{"logTime": "1023/022059", "correlationVector":"DeF6iTEkt/VEcDPQG2Gz53.36","action":"Commit.Autofill Profiles", "result":"Success", "context":{"id":"6fceca25-50fa-4e01-be2f-643d68216d18", "isDeleted":"true", "size":"0", "version":"1752071650859"}}
{"logTime": "1023/022059", "correlationVector":"6aGcQpPBlm1HAP2hmAyXWS","action":"Commit Request", "result":"", "context":Item count: 3
Contributing types: Sessions, History}
{"logTime": "1023/022100", "correlationVector":"6aGcQpPBlm1HAP2hmAyXWS.1","action":"SyncServerConnectionManagerRequest", "result":"SYNC_SERVER_OK", "context":{"environment":"Prod_southeastasia_prod-s01-065-apac-southeastasia", "migrationStage":"NotStarted", "server":"akswtt10500000i"}}
{"logTime": "1023/022100", "correlationVector":"6aGcQpPBlm1HAP2hmAyXWS.2","action":"Commit Response", "result":"Success", "context":Result: Success. cV=6aGcQpPBlm1HAP2hmAyXWS.0;server=akswtt10500000i;cloudType=Consumer;environment=Prod_southeastasia_prod-s01-065-apac-southeastasia;migrationStage=NotStarted}
{"logTime": "1023/022100", "correlationVector":"mFDBSqe31gO8hMaj26ebKp","action":"Poll GetUpdate request", "result":"", "context":cV=mFDBSqe31gO8hMaj26ebKp}
{"logTime": "1023/022100", "correlationVector":"mFDBSqe31gO8hMaj26ebKp.1","action":"SyncServerConnectionManagerRequest", "result":"SYNC_SERVER_OK", "context":{"environment":"Prod_southeastasia_prod-s01-065-apac-southeastasia", "migrationStage":"NotStarted", "server":"akswtt105000005"}}
{"logTime": "1023/022100", "correlationVector":"mFDBSqe31gO8hMaj26ebKp.2","action":"ProcessGetUpdates", "result":"Done", "context":{"dataType":"Preferences", "deleted":"0", "process_failed_to_decrypt":"0", "process_pending_decryption":"0", "process_success":"1", "total":"1"}}
{"logTime": "1023/022100", "correlationVector":"mFDBSqe31gO8hMaj26ebKp.3","action":"ProcessGetUpdates", "result":"Done", "context":{"dataType":"Autofill Profiles", "deleted":"34", "process_failed_to_decrypt":"0", "process_pending_decryption":"0", "process_success":"34", "total":"34"}}
{"logTime": "1023/022100", "correlationVector":"mFDBSqe31gO8hMaj26ebKp.4","action":"ProcessGetUpdates", "result":"Done", "context":{"dataType":"Sessions", "deleted":"0", "process_failed_to_decrypt":"0", "process_pending_decryption":"0", "process_success":"2", "total":"2"}}
{"logTime": "1023/022100", "correlationVector":"mFDBSqe31gO8hMaj26ebKp.5","action":"ProcessGetUpdates", "result":"Done", "context":{"dataType":"Device Info", "deleted":"0", "process_failed_to_decrypt":"0", "process_pending_decryption":"0", "process_success":"1", "total":"1"}}
{"logTime": "1023/022100", "correlationVector":"mFDBSqe31gO8hMaj26ebKp.6","action":"ProcessGetUpdates", "result":"Done", "context":{"dataType":"History", "deleted":"0", "process_failed_to_decrypt":"0", "process_pending_decryption":"0", "process_success":"3", "total":"3"}}
{"logTime": "1023/022100", "correlationVector":"mFDBSqe31gO8hMaj26ebKp.7","action":"GetUpdates Response", "result":"Success", "context":Received 41 update(s). cV=mFDBSqe31gO8hMaj26ebKp.0;server=akswtt105000005;cloudType=Consumer;environment=Prod_southeastasia_prod-s01-065-apac-southeastasia;migrationStage=NotStarted}
{"logTime": "1023/022102", "correlationVector":"Yv2e9POQw9MPZMX+1YUyEf","action":"Commit Request", "result":"", "context":Item count: 40
Contributing types: Passwords}
{"logTime": "1023/022105", "correlationVector":"Yv2e9POQw9MPZMX+1YUyEf.1","action":"SyncServerConnectionManagerRequest", "result":"SYNC_SERVER_OK", "context":{"environment":"Prod_southeastasia_prod-s01-065-apac-southeastasia", "migrationStage":"NotStarted", "server":"akswtt10500000j"}}
{"logTime": "1023/022105", "correlationVector":"Yv2e9POQw9MPZMX+1YUyEf.2","action":"Commit Response", "result":"Success", "context":Result: Success. cV=Yv2e9POQw9MPZMX+1YUyEf.0;server=akswtt10500000j;cloudType=Consumer;environment=Prod_southeastasia_prod-s01-065-apac-southeastasia;migrationStage=NotStarted}
{"logTime": "1023/022105", "correlationVector":"h8HDL3ohdRU/vpJpB1jeVf","action":"Commit Request", "result":"", "context":Item count: 13
Contributing types: Preferences, Passwords}
{"logTime": "1023/022106", "correlationVector":"h8HDL3ohdRU/vpJpB1jeVf.1","action":"SyncServerConnectionManagerRequest", "result":"SYNC_SERVER_OK", "context":{"environment":"Prod_southeastasia_prod-s01-065-apac-southeastasia", "migrationStage":"NotStarted", "server":"akswtt105000007"}}
{"logTime": "1023/022106", "correlationVector":"h8HDL3ohdRU/vpJpB1jeVf.2","action":"Commit Response", "result":"Success", "context":Result: Success. cV=h8HDL3ohdRU/vpJpB1jeVf.0;server=akswtt105000007;cloudType=Consumer;environment=Prod_southeastasia_prod-s01-065-apac-southeastasia;migrationStage=NotStarted}
{"logTime": "1023/022115", "correlationVector":"ADRdgvat0f1svz60OWWx+B","action":"Commit Request", "result":"", "context":Item count: 1
Contributing types: Preferences}
{"logTime": "1023/022115", "correlationVector":"ADRdgvat0f1svz60OWWx+B.1","action":"SyncServerConnectionManagerRequest", "result":"SYNC_SERVER_OK", "context":{"environment":"Prod_southeastasia_prod-s01-065-apac-southeastasia", "migrationStage":"NotStarted", "server":"akswtt105000002"}}
{"logTime": "1023/022115", "correlationVector":"ADRdgvat0f1svz60OWWx+B.2","action":"Commit Response", "result":"Success", "context":Result: Success. cV=ADRdgvat0f1svz60OWWx+B.0;server=akswtt105000002;cloudType=Consumer;environment=Prod_southeastasia_prod-s01-065-apac-southeastasia;migrationStage=NotStarted}
